TpTrace Verbose: 0 : 13376, 1, 2024/01/18, 11:43:40.523, 470406965695, datacollector.dll, Version: 17.8.0-release-23523-03
TpTrace Information: 0 : 13376, 1, 2024/01/18, 11:43:40.539, 470407117695, datacollector.dll, DataCollectorMain.Run: Starting data collector run with args: --port,56688,--parentprocessid,7828,--diag,C:\Users\Guarizzo\Documents\GitHub\Neo4J\BuildingNeo4jApplicationsWith.NET\Neoflix.Challenges\bin\Debug\net6.0\fine-code-coverage\coverage-tool-output\diagnostics.datacollector.24-01-18_11-43-40_25449_5.log,--tracelevel,4
TpTrace Information: 0 : 13376, 1, 2024/01/18, 11:43:40.539, 470407123210, datacollector.dll, DataCollector: Monitoring parent process with id: '7828'
TpTrace Information: 0 : 13376, 1, 2024/01/18, 11:43:40.555, 470407285232, datacollector.dll, Trying to connect to server on socket : 127.0.0.1:56688 
TpTrace Verbose: 0 : 13376, 1, 2024/01/18, 11:43:40.582, 470407546242, datacollector.dll, SocketCommunicationManager : SetupClientAsync : Attempting to connect to the server.
TpTrace Information: 0 : 13376, 6, 2024/01/18, 11:43:40.609, 470407819469, datacollector.dll, Connected to the server successfully 
TpTrace Information: 0 : 13376, 6, 2024/01/18, 11:43:40.610, 470407828176, datacollector.dll, Using the buffer size of 16384 bytes
TpTrace Information: 0 : 13376, 1, 2024/01/18, 11:43:40.696, 470408691720, datacollector.dll, DataCollector: Start Request Processing.
TpTrace Verbose: 0 : 13376, 1, 2024/01/18, 11:43:40.697, 470408701820, datacollector.dll, SocketCommunicationManager.WaitForServerConnection took: 0 ms, with 90000 ms timeout, and finished with True.
TpTrace Information: 0 : 13376, 1, 2024/01/18, 11:43:40.698, 470408714328, datacollector.dll, DataCollectionRequestHandler.ProcessRequests: Datacollector received message: (DataCollection.BeforeTestRunStart) -> {"MessageType":"DataCollection.BeforeTestRunStart","Payload":{"SettingsXml":"<RunSettings><RunConfiguration><ResultsDirectory>C:\\Users\\Guarizzo\\Documents\\GitHub\\Neo4J\\BuildingNeo4jApplicationsWith.NET\\Neoflix.Challenges\\bin\\Debug\\net6.0\\fine-code-coverage\\coverage-tool-output</ResultsDirectory><TargetPlatform>X64</TargetPlatform><TargetFrameworkVersion>.NETCoreApp,Version=v6.0</TargetFrameworkVersion><DesignMode>False</DesignMode><CollectSourceInformation>False</CollectSourceInformation><TestAdaptersPaths>C:\\Program Files\\dotnet\\sdk\\8.0.100\\Extensions</TestAdaptersPaths></RunConfiguration><LoggerRunSettings><Loggers><Logger friendlyName=\"blame\" enabled=\"True\" /><Logger friendlyName=\"Console\" uri=\"logger://microsoft/TestPlatform/ConsoleLogger/v1\" assemblyQualifiedName=\"Microsoft.VisualStudio.TestPlatform.CommandLine.Internal.ConsoleLogger, vstest.console, Version=15.0.0.0, Culture=neutral, PublicKeyToken=b03f5f7f11d50a3a\" codeBase=\"C:\\Program Files\\dotnet\\sdk\\8.0.100\\vstest.console.dll\" enabled=\"True\" /></Loggers></LoggerRunSettings><DataCollectionRunSettings><DataCollectors><DataCollector friendlyName=\"blame\" enabled=\"True\"><Configuration><ResultsDirectory>C:\\Users\\Guarizzo\\Documents\\GitHub\\Neo4J\\BuildingNeo4jApplicationsWith.NET\\Neoflix.Challenges\\bin\\Debug\\net6.0\\fine-code-coverage\\coverage-tool-output</ResultsDirectory></Configuration></DataCollector></DataCollectors></DataCollectionRunSettings></RunSettings>","Sources":["C:\\Users\\Guarizzo\\Documents\\GitHub\\Neo4J\\BuildingNeo4jApplicationsWith.NET\\Neoflix.Challenges\\bin\\Debug\\net6.0\\fine-code-coverage\\build-output\\Neoflix.Challenges.dll"],"IsTelemetryOptedIn":false}}
TpTrace Verbose: 0 : 13376, 1, 2024/01/18, 11:43:40.793, 470409659576, datacollector.dll, TestPluginCache: Update extensions started. Skip filter = False
TpTrace Verbose: 0 : 13376, 1, 2024/01/18, 11:43:40.794, 470409670479, datacollector.dll, TestPluginCache: Using directories for assembly resolution 'C:\Program Files\dotnet\sdk\8.0.100\Extensions'.
TpTrace Verbose: 0 : 13376, 1, 2024/01/18, 11:43:40.794, 470409672070, datacollector.dll, TestPluginCache: Updated the available extensions to 'C:\Program Files\dotnet\sdk\8.0.100\Extensions\Microsoft.TestPlatform.Extensions.BlameDataCollector.dll,C:\Program Files\dotnet\sdk\8.0.100\Extensions\Microsoft.TestPlatform.Extensions.EventLogCollector.dll'.
TpTrace Verbose: 0 : 13376, 1, 2024/01/18, 11:43:40.801, 470409744765, datacollector.dll, TestPluginCache.DiscoverTestExtensions: finding test extensions in assemblies ends with: Collector.dll TPluginInfo: Microsoft.VisualStudio.TestPlatform.Common.DataCollector.DataCollectorConfig TExtension: Microsoft.VisualStudio.TestPlatform.ObjectModel.DataCollection.DataCollector
TpTrace Verbose: 0 : 13376, 1, 2024/01/18, 11:43:40.804, 470409772611, datacollector.dll, TestPluginCache.GetExtensionPaths: Filtered extension paths: C:\Program Files\dotnet\sdk\8.0.100\Extensions\Microsoft.TestPlatform.Extensions.BlameDataCollector.dll
C:\Program Files\dotnet\sdk\8.0.100\Extensions\Microsoft.TestPlatform.Extensions.EventLogCollector.dll
TpTrace Verbose: 0 : 13376, 1, 2024/01/18, 11:43:40.804, 470409775539, datacollector.dll, TestPluginCache.GetExtensionPaths: Added default extension paths: 
TpTrace Verbose: 0 : 13376, 1, 2024/01/18, 11:43:40.805, 470409777723, datacollector.dll, TestPluginCache.GetExtensionPaths: Added unfilterableExtensionPaths: 
TpTrace Information: 0 : 13376, 1, 2024/01/18, 11:43:40.806, 470409791740, datacollector.dll, AssemblyResolver.ctor: Creating AssemblyResolver with searchDirectories C:\Program Files\dotnet\sdk\8.0.100\Extensions,C:\Program Files\dotnet\sdk\8.0.100
TpTrace Verbose: 0 : 13376, 1, 2024/01/18, 11:43:40.807, 470409805431, datacollector.dll, TestPluginCache.DiscoverTestExtensions: Discovering the extensions using extension path.
TpTrace Verbose: 0 : 13376, 1, 2024/01/18, 11:43:40.808, 470409808854, datacollector.dll, TestPluginCache.GetExtensionPaths: Filtered extension paths: C:\Program Files\dotnet\sdk\8.0.100\Extensions\Microsoft.TestPlatform.Extensions.BlameDataCollector.dll
C:\Program Files\dotnet\sdk\8.0.100\Extensions\Microsoft.TestPlatform.Extensions.EventLogCollector.dll
TpTrace Verbose: 0 : 13376, 1, 2024/01/18, 11:43:40.808, 470409810049, datacollector.dll, TestPluginCache.GetExtensionPaths: Added default extension paths: 
TpTrace Verbose: 0 : 13376, 1, 2024/01/18, 11:43:40.808, 470409811190, datacollector.dll, TestPluginCache.GetExtensionPaths: Added unfilterableExtensionPaths: 
TpTrace Verbose: 0 : 13376, 1, 2024/01/18, 11:43:40.808, 470409812551, datacollector.dll, TestPluginCache.DiscoverTestExtensions: Discovering the extensions using allExtensionPaths: C:\Program Files\dotnet\sdk\8.0.100\Extensions\Microsoft.TestPlatform.Extensions.BlameDataCollector.dll
C:\Program Files\dotnet\sdk\8.0.100\Extensions\Microsoft.TestPlatform.Extensions.EventLogCollector.dll
TpTrace Information: 0 : 13376, 1, 2024/01/18, 11:43:40.808, 470409814696, datacollector.dll, AssemblyResolver.AddSearchDirectories: Adding more searchDirectories C:\Program Files\dotnet\sdk\8.0.100\Extensions,C:\Program Files\dotnet\sdk\8.0.100
TpTrace Information: 0 : 13376, 1, 2024/01/18, 11:43:40.809, 470409816200, datacollector.dll, AssemblyResolver.AddSearchDirectories: Adding more searchDirectories C:\Program Files\dotnet\sdk\8.0.100\Extensions,C:\Program Files\dotnet\sdk\8.0.100
TpTrace Information: 0 : 13376, 1, 2024/01/18, 11:43:40.809, 470409822498, datacollector.dll, AssemblyResolver.OnResolve: Microsoft.TestPlatform.Extensions.BlameDataCollector: Resolving assembly.
TpTrace Information: 0 : 13376, 1, 2024/01/18, 11:43:40.809, 470409824828, datacollector.dll, AssemblyResolver.OnResolve: Microsoft.TestPlatform.Extensions.BlameDataCollector: Searching in: 'C:\Program Files\dotnet\sdk\8.0.100\Extensions'.
TpTrace Information: 0 : 13376, 1, 2024/01/18, 11:43:40.821, 470409936955, datacollector.dll, AssemblyResolver.OnResolve: Microsoft.TestPlatform.Extensions.BlameDataCollector: Loading assembly 'C:\Program Files\dotnet\sdk\8.0.100\Extensions\Microsoft.TestPlatform.Extensions.BlameDataCollector.dll'.
TpTrace Information: 0 : 13376, 1, 2024/01/18, 11:43:40.822, 470409945840, datacollector.dll, AssemblyResolver.OnResolve: Resolved assembly: Microsoft.TestPlatform.Extensions.BlameDataCollector, from path: C:\Program Files\dotnet\sdk\8.0.100\Extensions\Microsoft.TestPlatform.Extensions.BlameDataCollector.dll
TpTrace Verbose: 0 : 13376, 1, 2024/01/18, 11:43:40.828, 470410010549, datacollector.dll, MetadataReaderExtensionsHelper: Discovering extensions inside assembly 'Microsoft.TestPlatform.Extensions.BlameDataCollector, Version=15.0.0.0, Culture=neutral, PublicKeyToken=b03f5f7f11d50a3a' file path 'C:\Program Files\dotnet\sdk\8.0.100\Extensions\Microsoft.TestPlatform.Extensions.BlameDataCollector.dll'
TpTrace Error: 0 : 13376, 1, 2024/01/18, 11:43:40.833, 470410063282, datacollector.dll, The type "Microsoft.TestPlatform.Extensions.BlameDataCollector.BlameCollector" defined in "Microsoft.TestPlatform.Extensions.BlameDataCollector.dll" does not have ExtensionUri attribute.
TpTrace Information: 0 : 13376, 1, 2024/01/18, 11:43:40.840, 470410130521, datacollector.dll, GetTestExtensionFromType: Register extension with identifier data 'datacollector://microsoft/TestPlatform/Extensions/Blame/v1' and type 'Microsoft.TestPlatform.Extensions.BlameDataCollector.BlameCollector, Microsoft.TestPlatform.Extensions.BlameDataCollector, Version=15.0.0.0, Culture=neutral, PublicKeyToken=b03f5f7f11d50a3a' inside file 'C:\Program Files\dotnet\sdk\8.0.100\Extensions\Microsoft.TestPlatform.Extensions.BlameDataCollector.dll'
TpTrace Information: 0 : 13376, 1, 2024/01/18, 11:43:40.840, 470410133498, datacollector.dll, AssemblyResolver.OnResolve: Microsoft.TestPlatform.Extensions.EventLogCollector: Resolving assembly.
TpTrace Information: 0 : 13376, 1, 2024/01/18, 11:43:40.840, 470410135238, datacollector.dll, AssemblyResolver.OnResolve: Microsoft.TestPlatform.Extensions.EventLogCollector: Searching in: 'C:\Program Files\dotnet\sdk\8.0.100\Extensions'.
TpTrace Information: 0 : 13376, 1, 2024/01/18, 11:43:40.841, 470410141905, datacollector.dll, AssemblyResolver.OnResolve: Microsoft.TestPlatform.Extensions.EventLogCollector: Loading assembly 'C:\Program Files\dotnet\sdk\8.0.100\Extensions\Microsoft.TestPlatform.Extensions.EventLogCollector.dll'.
TpTrace Information: 0 : 13376, 1, 2024/01/18, 11:43:40.842, 470410148477, datacollector.dll, AssemblyResolver.OnResolve: Resolved assembly: Microsoft.TestPlatform.Extensions.EventLogCollector, from path: C:\Program Files\dotnet\sdk\8.0.100\Extensions\Microsoft.TestPlatform.Extensions.EventLogCollector.dll
TpTrace Verbose: 0 : 13376, 1, 2024/01/18, 11:43:40.842, 470410150228, datacollector.dll, MetadataReaderExtensionsHelper: Discovering extensions inside assembly 'Microsoft.TestPlatform.Extensions.EventLogCollector, Version=15.0.0.0, Culture=neutral, PublicKeyToken=b03f5f7f11d50a3a' file path 'C:\Program Files\dotnet\sdk\8.0.100\Extensions\Microsoft.TestPlatform.Extensions.EventLogCollector.dll'
TpTrace Error: 0 : 13376, 1, 2024/01/18, 11:43:40.845, 470410181581, datacollector.dll, The type "Microsoft.TestPlatform.Extensions.EventLogCollector.EventLogDataCollector" defined in "Microsoft.TestPlatform.Extensions.EventLogCollector.dll" does not have ExtensionUri attribute.
TpTrace Information: 0 : 13376, 1, 2024/01/18, 11:43:40.845, 470410185706, datacollector.dll, GetTestExtensionFromType: Register extension with identifier data 'datacollector://microsoft/EventLog/2.0' and type 'Microsoft.TestPlatform.Extensions.EventLogCollector.EventLogDataCollector, Microsoft.TestPlatform.Extensions.EventLogCollector, Version=15.0.0.0, Culture=neutral, PublicKeyToken=b03f5f7f11d50a3a' inside file 'C:\Program Files\dotnet\sdk\8.0.100\Extensions\Microsoft.TestPlatform.Extensions.EventLogCollector.dll'
TpTrace Verbose: 0 : 13376, 1, 2024/01/18, 11:43:40.846, 470410189343, datacollector.dll, TestPluginCache: Discovered the extensions using extension path 'C:\Program Files\dotnet\sdk\8.0.100\Extensions\Microsoft.TestPlatform.Extensions.BlameDataCollector.dll,C:\Program Files\dotnet\sdk\8.0.100\Extensions\Microsoft.TestPlatform.Extensions.EventLogCollector.dll'.
TpTrace Verbose: 0 : 13376, 1, 2024/01/18, 11:43:40.846, 470410190646, datacollector.dll, TestPluginCache: Discoverers are ''.
TpTrace Verbose: 0 : 13376, 1, 2024/01/18, 11:43:40.846, 470410191738, datacollector.dll, TestPluginCache: Executors are ''.
TpTrace Verbose: 0 : 13376, 1, 2024/01/18, 11:43:40.846, 470410192761, datacollector.dll, TestPluginCache: Executors2 are ''.
TpTrace Verbose: 0 : 13376, 1, 2024/01/18, 11:43:40.846, 470410193797, datacollector.dll, TestPluginCache: Setting providers are ''.
TpTrace Verbose: 0 : 13376, 1, 2024/01/18, 11:43:40.846, 470410194852, datacollector.dll, TestPluginCache: Loggers are ''.
TpTrace Verbose: 0 : 13376, 1, 2024/01/18, 11:43:40.847, 470410195821, datacollector.dll, TestPluginCache: TestHosts are ''.
TpTrace Verbose: 0 : 13376, 1, 2024/01/18, 11:43:40.847, 470410198910, datacollector.dll, TestPluginCache: DataCollectors are 'datacollector://microsoft/TestPlatform/Extensions/Blame/v1,datacollector://microsoft/EventLog/2.0'.
TpTrace Information: 0 : 13376, 1, 2024/01/18, 11:43:40.849, 470410221616, datacollector.dll, TestPluginManager.CreateTestExtension: Attempting to load test extension: Microsoft.TestPlatform.Extensions.BlameDataCollector.BlameCollector
TpTrace Information: 0 : 13376, 1, 2024/01/18, 11:43:40.855, 470410283424, datacollector.dll, [MonitorPostmortemDump]Monitor enabled: 'False'
TpTrace Verbose: 0 : 13376, 1, 2024/01/18, 11:43:40.857, 470410295786, datacollector.dll, MulticastDelegateUtilities.SafeInvoke: DataCollectionEvents.SessionStart: Invoking callbacks was skipped because there are no subscribers.
TpTrace Information: 0 : 13376, 1, 2024/01/18, 11:43:40.858, 470410306792, datacollector.dll, Listening on Endpoint : 127.0.0.1:56690
TpTrace Information: 0 : 13376, 1, 2024/01/18, 11:43:40.869, 470410424982, datacollector.dll, DataCollectionRequestHandler.ProcessRequests : DataCollection started.
TpTrace Information: 0 : 13376, 1, 2024/01/18, 11:43:40.908, 470410806440, datacollector.dll, DataCollectionRequestHandler.ProcessRequests: Datacollector received message: (DataCollection.TestHostLaunched) -> {"MessageType":"DataCollection.TestHostLaunched","Payload":{"ProcessId":2184}}
TpTrace Verbose: 0 : 13376, 1, 2024/01/18, 11:43:40.911, 470410841864, datacollector.dll, MulticastDelegateUtilities.SafeInvoke: DataCollectionEvents.TestHostLaunched: Invoking callback 1/1 for Microsoft.TestPlatform.Extensions.BlameDataCollector.BlameCollector., took 0 ms.
TpTrace Information: 0 : 13376, 10, 2024/01/18, 11:43:41.257, 470414302619, datacollector.dll, Using the buffer size of 16384 bytes
TpTrace Verbose: 0 : 13376, 6, 2024/01/18, 11:43:41.257, 470414302718, datacollector.dll, SocketCommunicationManager.WaitForClientConnection took: 395 ms, with 90000 ms timeout, and finished with True.
TpTrace Information: 0 : 13376, 10, 2024/01/18, 11:43:41.258, 470414305048, datacollector.dll, Accepted Client request and set the flag
TpTrace Information: 0 : 13376, 6, 2024/01/18, 11:43:44.993, 470451650403, datacollector.dll, DataCollectionTestCaseEventHandler: Test case starting.
TpTrace Information: 0 : 13376, 6, 2024/01/18, 11:43:45.022, 470451945229, datacollector.dll, BlameCollector.EventsTestCaseStart: Test Case Start
TpTrace Verbose: 0 : 13376, 6, 2024/01/18, 11:43:45.023, 470451951871, datacollector.dll, MulticastDelegateUtilities.SafeInvoke: DataCollectionEvents.TestCaseStart: Invoking callback 1/1 for Microsoft.TestPlatform.Extensions.BlameDataCollector.BlameCollector., took 0 ms.
TpTrace Information: 0 : 13376, 6, 2024/01/18, 11:43:45.024, 470451958390, datacollector.dll, DataCollectionTestCaseEventHandler: Test case 'InitDriverAsync_should_create_driver_and_connect_to_server - 0d5eb93c-c854-c468-eda6-12434fe8295d' started.
TpTrace Information: 0 : 13376, 6, 2024/01/18, 11:43:45.073, 470452454953, datacollector.dll, DataCollectionTestCaseEventHandler: Test case completing.
TpTrace Information: 0 : 13376, 6, 2024/01/18, 11:43:45.083, 470452549936, datacollector.dll, BlameCollector.EventsTestCaseEnd: Test Case End
TpTrace Verbose: 0 : 13376, 6, 2024/01/18, 11:43:45.084, 470452559818, datacollector.dll, MulticastDelegateUtilities.SafeInvoke: DataCollectionEvents.TestCaseEnd: Invoking callback 1/1 for Microsoft.TestPlatform.Extensions.BlameDataCollector.BlameCollector., took 1 ms.
TpTrace Information: 0 : 13376, 6, 2024/01/18, 11:43:45.088, 470452604602, datacollector.dll, DataCollectionTestCaseEventHandler: Test case 'InitDriverAsync_should_create_driver_and_connect_to_server - 0d5eb93c-c854-c468-eda6-12434fe8295d' completed
TpTrace Information: 0 : 13376, 6, 2024/01/18, 11:43:45.102, 470452741353, datacollector.dll, DataCollectionTestCaseEventHandler: Test case starting.
TpTrace Information: 0 : 13376, 6, 2024/01/18, 11:43:45.104, 470452762592, datacollector.dll, BlameCollector.EventsTestCaseStart: Test Case Start
TpTrace Verbose: 0 : 13376, 6, 2024/01/18, 11:43:45.104, 470452764935, datacollector.dll, MulticastDelegateUtilities.SafeInvoke: DataCollectionEvents.TestCaseStart: Invoking callback 1/1 for Microsoft.TestPlatform.Extensions.BlameDataCollector.BlameCollector., took 0 ms.
TpTrace Information: 0 : 13376, 6, 2024/01/18, 11:43:45.105, 470452770121, datacollector.dll, DataCollectionTestCaseEventHandler: Test case 'Driver_should_have_been_instantiated - 9d5b3ea5-b095-79c0-5697-3c51a8ae8d9e' started.
TpTrace Information: 0 : 13376, 6, 2024/01/18, 11:43:45.106, 470452785620, datacollector.dll, DataCollectionTestCaseEventHandler: Test case completing.
TpTrace Information: 0 : 13376, 6, 2024/01/18, 11:43:45.108, 470452799832, datacollector.dll, BlameCollector.EventsTestCaseEnd: Test Case End
TpTrace Verbose: 0 : 13376, 6, 2024/01/18, 11:43:45.108, 470452802078, datacollector.dll, MulticastDelegateUtilities.SafeInvoke: DataCollectionEvents.TestCaseEnd: Invoking callback 1/1 for Microsoft.TestPlatform.Extensions.BlameDataCollector.BlameCollector., took 0 ms.
TpTrace Information: 0 : 13376, 6, 2024/01/18, 11:43:45.108, 470452807138, datacollector.dll, DataCollectionTestCaseEventHandler: Test case 'Driver_should_have_been_instantiated - 9d5b3ea5-b095-79c0-5697-3c51a8ae8d9e' completed
TpTrace Information: 0 : 13376, 6, 2024/01/18, 11:43:45.110, 470452823671, datacollector.dll, DataCollectionTestCaseEventHandler: Test case starting.
TpTrace Information: 0 : 13376, 6, 2024/01/18, 11:43:45.112, 470452841050, datacollector.dll, BlameCollector.EventsTestCaseStart: Test Case Start
TpTrace Verbose: 0 : 13376, 6, 2024/01/18, 11:43:45.112, 470452843761, datacollector.dll, MulticastDelegateUtilities.SafeInvoke: DataCollectionEvents.TestCaseStart: Invoking callback 1/1 for Microsoft.TestPlatform.Extensions.BlameDataCollector.BlameCollector., took 0 ms.
TpTrace Information: 0 : 13376, 6, 2024/01/18, 11:43:45.113, 470452847766, datacollector.dll, DataCollectionTestCaseEventHandler: Test case 'Driver_should_be_able_to_verify_connectivity - 05d19a4b-196c-d96d-2e43-d2387b07b3ab' started.
TpTrace Information: 0 : 13376, 6, 2024/01/18, 11:44:06.388, 470665561166, datacollector.dll, DataCollectionTestCaseEventHandler: Test case completing.
TpTrace Information: 0 : 13376, 6, 2024/01/18, 11:44:06.390, 470665584903, datacollector.dll, BlameCollector.EventsTestCaseEnd: Test Case End
TpTrace Verbose: 0 : 13376, 6, 2024/01/18, 11:44:06.391, 470665587203, datacollector.dll, MulticastDelegateUtilities.SafeInvoke: DataCollectionEvents.TestCaseEnd: Invoking callback 1/1 for Microsoft.TestPlatform.Extensions.BlameDataCollector.BlameCollector., took 0 ms.
TpTrace Information: 0 : 13376, 6, 2024/01/18, 11:44:06.391, 470665591368, datacollector.dll, DataCollectionTestCaseEventHandler: Test case 'Driver_should_be_able_to_verify_connectivity - 05d19a4b-196c-d96d-2e43-d2387b07b3ab' completed
TpTrace Information: 0 : 13376, 6, 2024/01/18, 11:44:06.403, 470665708256, datacollector.dll, DataCollectionTestCaseEventHandler: Test case starting.
TpTrace Information: 0 : 13376, 6, 2024/01/18, 11:44:06.404, 470665722846, datacollector.dll, BlameCollector.EventsTestCaseStart: Test Case Start
TpTrace Verbose: 0 : 13376, 6, 2024/01/18, 11:44:06.404, 470665726056, datacollector.dll, MulticastDelegateUtilities.SafeInvoke: DataCollectionEvents.TestCaseStart: Invoking callback 1/1 for Microsoft.TestPlatform.Extensions.BlameDataCollector.BlameCollector., took 0 ms.
TpTrace Information: 0 : 13376, 6, 2024/01/18, 11:44:06.405, 470665731968, datacollector.dll, DataCollectionTestCaseEventHandler: Test case 'AllAsync_should_apply_order_skip_and_limit - e7aada80-9582-6d75-ed99-fbd39b3f8896' started.
TpTrace Information: 0 : 13376, 6, 2024/01/18, 11:44:49.911, 471100711480, datacollector.dll, DataCollectionTestCaseEventHandler: Test case completing.
TpTrace Information: 0 : 13376, 6, 2024/01/18, 11:44:49.913, 471100727880, datacollector.dll, BlameCollector.EventsTestCaseEnd: Test Case End
TpTrace Verbose: 0 : 13376, 6, 2024/01/18, 11:44:49.913, 471100731706, datacollector.dll, MulticastDelegateUtilities.SafeInvoke: DataCollectionEvents.TestCaseEnd: Invoking callback 1/1 for Microsoft.TestPlatform.Extensions.BlameDataCollector.BlameCollector., took 0 ms.
TpTrace Information: 0 : 13376, 6, 2024/01/18, 11:44:49.914, 471100738741, datacollector.dll, DataCollectionTestCaseEventHandler: Test case 'AllAsync_should_apply_order_skip_and_limit - e7aada80-9582-6d75-ed99-fbd39b3f8896' completed
TpTrace Information: 0 : 13376, 6, 2024/01/18, 11:44:49.919, 471100786038, datacollector.dll, DataCollectionTestCaseEventHandler: Test case starting.
TpTrace Information: 0 : 13376, 6, 2024/01/18, 11:44:49.920, 471100804398, datacollector.dll, BlameCollector.EventsTestCaseStart: Test Case Start
TpTrace Verbose: 0 : 13376, 6, 2024/01/18, 11:44:49.921, 471100808706, datacollector.dll, MulticastDelegateUtilities.SafeInvoke: DataCollectionEvents.TestCaseStart: Invoking callback 1/1 for Microsoft.TestPlatform.Extensions.BlameDataCollector.BlameCollector., took 0 ms.
TpTrace Information: 0 : 13376, 6, 2024/01/18, 11:44:49.922, 471100817233, datacollector.dll, DataCollectionTestCaseEventHandler: Test case 'AllAsync_should_order_movies_by_rating - 0a89adb1-81d2-771f-e3b6-8c90ba4ab941' started.
TpTrace Information: 0 : 13376, 6, 2024/01/18, 11:45:33.112, 471532637067, datacollector.dll, DataCollectionTestCaseEventHandler: Test case completing.
TpTrace Information: 0 : 13376, 6, 2024/01/18, 11:45:33.113, 471532649865, datacollector.dll, BlameCollector.EventsTestCaseEnd: Test Case End
TpTrace Verbose: 0 : 13376, 6, 2024/01/18, 11:45:33.113, 471532652040, datacollector.dll, MulticastDelegateUtilities.SafeInvoke: DataCollectionEvents.TestCaseEnd: Invoking callback 1/1 for Microsoft.TestPlatform.Extensions.BlameDataCollector.BlameCollector., took 0 ms.
TpTrace Information: 0 : 13376, 6, 2024/01/18, 11:45:33.114, 471532658961, datacollector.dll, DataCollectionTestCaseEventHandler: Test case 'AllAsync_should_order_movies_by_rating - 0a89adb1-81d2-771f-e3b6-8c90ba4ab941' completed
