TpTrace Verbose: 0 : 112, 1, 2024/01/08, 14:15:43.183, 1856846773400, datacollector.dll, Version: 17.8.0-release-23523-03
TpTrace Information: 0 : 112, 1, 2024/01/08, 14:15:43.191, 1856846851428, datacollector.dll, DataCollectorMain.Run: Starting data collector run with args: --port,60424,--parentprocessid,380,--diag,C:\Users\Guarizzo\Documents\Cursos\Neo4j\app-dotnet\Neoflix.Challenges\bin\Debug\net6.0\fine-code-coverage\coverage-tool-output\diagnostics.datacollector.24-01-08_14-15-42_95720_6.log,--tracelevel,4
TpTrace Information: 0 : 112, 1, 2024/01/08, 14:15:43.191, 1856846853776, datacollector.dll, DataCollector: Monitoring parent process with id: '380'
TpTrace Information: 0 : 112, 1, 2024/01/08, 14:15:43.201, 1856846948609, datacollector.dll, Trying to connect to server on socket : 127.0.0.1:60424 
TpTrace Verbose: 0 : 112, 1, 2024/01/08, 14:15:43.212, 1856847056071, datacollector.dll, SocketCommunicationManager : SetupClientAsync : Attempting to connect to the server.
TpTrace Information: 0 : 112, 7, 2024/01/08, 14:15:43.228, 1856847218343, datacollector.dll, Connected to the server successfully 
TpTrace Information: 0 : 112, 7, 2024/01/08, 14:15:43.228, 1856847221385, datacollector.dll, Using the buffer size of 16384 bytes
TpTrace Information: 0 : 112, 1, 2024/01/08, 14:15:43.339, 1856848332112, datacollector.dll, DataCollector: Start Request Processing.
TpTrace Verbose: 0 : 112, 1, 2024/01/08, 14:15:43.340, 1856848338658, datacollector.dll, SocketCommunicationManager.WaitForServerConnection took: 0 ms, with 90000 ms timeout, and finished with True.
TpTrace Information: 0 : 112, 1, 2024/01/08, 14:15:43.341, 1856848346703, datacollector.dll, DataCollectionRequestHandler.ProcessRequests: Datacollector received message: (DataCollection.BeforeTestRunStart) -> {"MessageType":"DataCollection.BeforeTestRunStart","Payload":{"SettingsXml":"<RunSettings><RunConfiguration><ResultsDirectory>C:\\Users\\Guarizzo\\Documents\\Cursos\\Neo4j\\app-dotnet\\Neoflix.Challenges\\bin\\Debug\\net6.0\\fine-code-coverage\\coverage-tool-output</ResultsDirectory><TargetPlatform>X64</TargetPlatform><TargetFrameworkVersion>.NETCoreApp,Version=v6.0</TargetFrameworkVersion><DesignMode>False</DesignMode><CollectSourceInformation>False</CollectSourceInformation><TestAdaptersPaths>C:\\Program Files\\dotnet\\sdk\\8.0.100\\Extensions</TestAdaptersPaths></RunConfiguration><LoggerRunSettings><Loggers><Logger friendlyName=\"blame\" enabled=\"True\" /><Logger friendlyName=\"Console\" uri=\"logger://microsoft/TestPlatform/ConsoleLogger/v1\" assemblyQualifiedName=\"Microsoft.VisualStudio.TestPlatform.CommandLine.Internal.ConsoleLogger, vstest.console, Version=15.0.0.0, Culture=neutral, PublicKeyToken=b03f5f7f11d50a3a\" codeBase=\"C:\\Program Files\\dotnet\\sdk\\8.0.100\\vstest.console.dll\" enabled=\"True\" /></Loggers></LoggerRunSettings><DataCollectionRunSettings><DataCollectors><DataCollector friendlyName=\"blame\" enabled=\"True\"><Configuration><ResultsDirectory>C:\\Users\\Guarizzo\\Documents\\Cursos\\Neo4j\\app-dotnet\\Neoflix.Challenges\\bin\\Debug\\net6.0\\fine-code-coverage\\coverage-tool-output</ResultsDirectory></Configuration></DataCollector></DataCollectors></DataCollectionRunSettings></RunSettings>","Sources":["C:\\Users\\Guarizzo\\Documents\\Cursos\\Neo4j\\app-dotnet\\Neoflix.Challenges\\bin\\Debug\\net6.0\\fine-code-coverage\\build-output\\Neoflix.Challenges.dll"],"IsTelemetryOptedIn":false}}
TpTrace Verbose: 0 : 112, 1, 2024/01/08, 14:15:43.443, 1856849368912, datacollector.dll, TestPluginCache: Update extensions started. Skip filter = False
TpTrace Verbose: 0 : 112, 1, 2024/01/08, 14:15:43.445, 1856849386565, datacollector.dll, TestPluginCache: Using directories for assembly resolution 'C:\Program Files\dotnet\sdk\8.0.100\Extensions'.
TpTrace Verbose: 0 : 112, 1, 2024/01/08, 14:15:43.445, 1856849389473, datacollector.dll, TestPluginCache: Updated the available extensions to 'C:\Program Files\dotnet\sdk\8.0.100\Extensions\Microsoft.TestPlatform.Extensions.BlameDataCollector.dll,C:\Program Files\dotnet\sdk\8.0.100\Extensions\Microsoft.TestPlatform.Extensions.EventLogCollector.dll'.
TpTrace Verbose: 0 : 112, 1, 2024/01/08, 14:15:43.458, 1856849523540, datacollector.dll, TestPluginCache.DiscoverTestExtensions: finding test extensions in assemblies ends with: Collector.dll TPluginInfo: Microsoft.VisualStudio.TestPlatform.Common.DataCollector.DataCollectorConfig TExtension: Microsoft.VisualStudio.TestPlatform.ObjectModel.DataCollection.DataCollector
TpTrace Verbose: 0 : 112, 1, 2024/01/08, 14:15:43.464, 1856849582068, datacollector.dll, TestPluginCache.GetExtensionPaths: Filtered extension paths: C:\Program Files\dotnet\sdk\8.0.100\Extensions\Microsoft.TestPlatform.Extensions.BlameDataCollector.dll
C:\Program Files\dotnet\sdk\8.0.100\Extensions\Microsoft.TestPlatform.Extensions.EventLogCollector.dll
TpTrace Verbose: 0 : 112, 1, 2024/01/08, 14:15:43.465, 1856849584799, datacollector.dll, TestPluginCache.GetExtensionPaths: Added default extension paths: 
TpTrace Verbose: 0 : 112, 1, 2024/01/08, 14:15:43.465, 1856849586655, datacollector.dll, TestPluginCache.GetExtensionPaths: Added unfilterableExtensionPaths: 
TpTrace Information: 0 : 112, 1, 2024/01/08, 14:15:43.466, 1856849600474, datacollector.dll, AssemblyResolver.ctor: Creating AssemblyResolver with searchDirectories C:\Program Files\dotnet\sdk\8.0.100\Extensions,C:\Program Files\dotnet\sdk\8.0.100
TpTrace Verbose: 0 : 112, 1, 2024/01/08, 14:15:43.468, 1856849620207, datacollector.dll, TestPluginCache.DiscoverTestExtensions: Discovering the extensions using extension path.
TpTrace Verbose: 0 : 112, 1, 2024/01/08, 14:15:43.469, 1856849624077, datacollector.dll, TestPluginCache.GetExtensionPaths: Filtered extension paths: C:\Program Files\dotnet\sdk\8.0.100\Extensions\Microsoft.TestPlatform.Extensions.BlameDataCollector.dll
C:\Program Files\dotnet\sdk\8.0.100\Extensions\Microsoft.TestPlatform.Extensions.EventLogCollector.dll
TpTrace Verbose: 0 : 112, 1, 2024/01/08, 14:15:43.469, 1856849625509, datacollector.dll, TestPluginCache.GetExtensionPaths: Added default extension paths: 
TpTrace Verbose: 0 : 112, 1, 2024/01/08, 14:15:43.469, 1856849626538, datacollector.dll, TestPluginCache.GetExtensionPaths: Added unfilterableExtensionPaths: 
TpTrace Verbose: 0 : 112, 1, 2024/01/08, 14:15:43.469, 1856849628227, datacollector.dll, TestPluginCache.DiscoverTestExtensions: Discovering the extensions using allExtensionPaths: C:\Program Files\dotnet\sdk\8.0.100\Extensions\Microsoft.TestPlatform.Extensions.BlameDataCollector.dll
C:\Program Files\dotnet\sdk\8.0.100\Extensions\Microsoft.TestPlatform.Extensions.EventLogCollector.dll
TpTrace Information: 0 : 112, 1, 2024/01/08, 14:15:43.469, 1856849631314, datacollector.dll, AssemblyResolver.AddSearchDirectories: Adding more searchDirectories C:\Program Files\dotnet\sdk\8.0.100\Extensions,C:\Program Files\dotnet\sdk\8.0.100
TpTrace Information: 0 : 112, 1, 2024/01/08, 14:15:43.469, 1856849633413, datacollector.dll, AssemblyResolver.AddSearchDirectories: Adding more searchDirectories C:\Program Files\dotnet\sdk\8.0.100\Extensions,C:\Program Files\dotnet\sdk\8.0.100
TpTrace Information: 0 : 112, 1, 2024/01/08, 14:15:43.470, 1856849641700, datacollector.dll, AssemblyResolver.OnResolve: Microsoft.TestPlatform.Extensions.BlameDataCollector: Resolving assembly.
TpTrace Information: 0 : 112, 1, 2024/01/08, 14:15:43.471, 1856849644348, datacollector.dll, AssemblyResolver.OnResolve: Microsoft.TestPlatform.Extensions.BlameDataCollector: Searching in: 'C:\Program Files\dotnet\sdk\8.0.100\Extensions'.
TpTrace Information: 0 : 112, 1, 2024/01/08, 14:15:43.482, 1856849758057, datacollector.dll, AssemblyResolver.OnResolve: Microsoft.TestPlatform.Extensions.BlameDataCollector: Loading assembly 'C:\Program Files\dotnet\sdk\8.0.100\Extensions\Microsoft.TestPlatform.Extensions.BlameDataCollector.dll'.
TpTrace Information: 0 : 112, 1, 2024/01/08, 14:15:43.483, 1856849766856, datacollector.dll, AssemblyResolver.OnResolve: Resolved assembly: Microsoft.TestPlatform.Extensions.BlameDataCollector, from path: C:\Program Files\dotnet\sdk\8.0.100\Extensions\Microsoft.TestPlatform.Extensions.BlameDataCollector.dll
TpTrace Verbose: 0 : 112, 1, 2024/01/08, 14:15:43.490, 1856849834793, datacollector.dll, MetadataReaderExtensionsHelper: Discovering extensions inside assembly 'Microsoft.TestPlatform.Extensions.BlameDataCollector, Version=15.0.0.0, Culture=neutral, PublicKeyToken=b03f5f7f11d50a3a' file path 'C:\Program Files\dotnet\sdk\8.0.100\Extensions\Microsoft.TestPlatform.Extensions.BlameDataCollector.dll'
TpTrace Error: 0 : 112, 1, 2024/01/08, 14:15:43.494, 1856849880185, datacollector.dll, The type "Microsoft.TestPlatform.Extensions.BlameDataCollector.BlameCollector" defined in "Microsoft.TestPlatform.Extensions.BlameDataCollector.dll" does not have ExtensionUri attribute.
TpTrace Information: 0 : 112, 1, 2024/01/08, 14:15:43.498, 1856849922031, datacollector.dll, GetTestExtensionFromType: Register extension with identifier data 'datacollector://microsoft/TestPlatform/Extensions/Blame/v1' and type 'Microsoft.TestPlatform.Extensions.BlameDataCollector.BlameCollector, Microsoft.TestPlatform.Extensions.BlameDataCollector, Version=15.0.0.0, Culture=neutral, PublicKeyToken=b03f5f7f11d50a3a' inside file 'C:\Program Files\dotnet\sdk\8.0.100\Extensions\Microsoft.TestPlatform.Extensions.BlameDataCollector.dll'
TpTrace Information: 0 : 112, 1, 2024/01/08, 14:15:43.499, 1856849924917, datacollector.dll, AssemblyResolver.OnResolve: Microsoft.TestPlatform.Extensions.EventLogCollector: Resolving assembly.
TpTrace Information: 0 : 112, 1, 2024/01/08, 14:15:43.499, 1856849926376, datacollector.dll, AssemblyResolver.OnResolve: Microsoft.TestPlatform.Extensions.EventLogCollector: Searching in: 'C:\Program Files\dotnet\sdk\8.0.100\Extensions'.
TpTrace Information: 0 : 112, 1, 2024/01/08, 14:15:43.499, 1856849932789, datacollector.dll, AssemblyResolver.OnResolve: Microsoft.TestPlatform.Extensions.EventLogCollector: Loading assembly 'C:\Program Files\dotnet\sdk\8.0.100\Extensions\Microsoft.TestPlatform.Extensions.EventLogCollector.dll'.
TpTrace Information: 0 : 112, 1, 2024/01/08, 14:15:43.500, 1856849939397, datacollector.dll, AssemblyResolver.OnResolve: Resolved assembly: Microsoft.TestPlatform.Extensions.EventLogCollector, from path: C:\Program Files\dotnet\sdk\8.0.100\Extensions\Microsoft.TestPlatform.Extensions.EventLogCollector.dll
TpTrace Verbose: 0 : 112, 1, 2024/01/08, 14:15:43.500, 1856849940964, datacollector.dll, MetadataReaderExtensionsHelper: Discovering extensions inside assembly 'Microsoft.TestPlatform.Extensions.EventLogCollector, Version=15.0.0.0, Culture=neutral, PublicKeyToken=b03f5f7f11d50a3a' file path 'C:\Program Files\dotnet\sdk\8.0.100\Extensions\Microsoft.TestPlatform.Extensions.EventLogCollector.dll'
TpTrace Error: 0 : 112, 1, 2024/01/08, 14:15:43.503, 1856849972056, datacollector.dll, The type "Microsoft.TestPlatform.Extensions.EventLogCollector.EventLogDataCollector" defined in "Microsoft.TestPlatform.Extensions.EventLogCollector.dll" does not have ExtensionUri attribute.
TpTrace Information: 0 : 112, 1, 2024/01/08, 14:15:43.504, 1856849976447, datacollector.dll, GetTestExtensionFromType: Register extension with identifier data 'datacollector://microsoft/EventLog/2.0' and type 'Microsoft.TestPlatform.Extensions.EventLogCollector.EventLogDataCollector, Microsoft.TestPlatform.Extensions.EventLogCollector, Version=15.0.0.0, Culture=neutral, PublicKeyToken=b03f5f7f11d50a3a' inside file 'C:\Program Files\dotnet\sdk\8.0.100\Extensions\Microsoft.TestPlatform.Extensions.EventLogCollector.dll'
TpTrace Verbose: 0 : 112, 1, 2024/01/08, 14:15:43.504, 1856849980166, datacollector.dll, TestPluginCache: Discovered the extensions using extension path 'C:\Program Files\dotnet\sdk\8.0.100\Extensions\Microsoft.TestPlatform.Extensions.BlameDataCollector.dll,C:\Program Files\dotnet\sdk\8.0.100\Extensions\Microsoft.TestPlatform.Extensions.EventLogCollector.dll'.
TpTrace Verbose: 0 : 112, 1, 2024/01/08, 14:15:43.504, 1856849981438, datacollector.dll, TestPluginCache: Discoverers are ''.
TpTrace Verbose: 0 : 112, 1, 2024/01/08, 14:15:43.504, 1856849982365, datacollector.dll, TestPluginCache: Executors are ''.
TpTrace Verbose: 0 : 112, 1, 2024/01/08, 14:15:43.504, 1856849983300, datacollector.dll, TestPluginCache: Executors2 are ''.
TpTrace Verbose: 0 : 112, 1, 2024/01/08, 14:15:43.505, 1856849984648, datacollector.dll, TestPluginCache: Setting providers are ''.
TpTrace Verbose: 0 : 112, 1, 2024/01/08, 14:15:43.505, 1856849985810, datacollector.dll, TestPluginCache: Loggers are ''.
TpTrace Verbose: 0 : 112, 1, 2024/01/08, 14:15:43.505, 1856849986814, datacollector.dll, TestPluginCache: TestHosts are ''.
TpTrace Verbose: 0 : 112, 1, 2024/01/08, 14:15:43.505, 1856849988551, datacollector.dll, TestPluginCache: DataCollectors are 'datacollector://microsoft/TestPlatform/Extensions/Blame/v1,datacollector://microsoft/EventLog/2.0'.
TpTrace Information: 0 : 112, 1, 2024/01/08, 14:15:43.507, 1856850010998, datacollector.dll, TestPluginManager.CreateTestExtension: Attempting to load test extension: Microsoft.TestPlatform.Extensions.BlameDataCollector.BlameCollector
TpTrace Information: 0 : 112, 1, 2024/01/08, 14:15:43.512, 1856850061251, datacollector.dll, [MonitorPostmortemDump]Monitor enabled: 'False'
TpTrace Verbose: 0 : 112, 1, 2024/01/08, 14:15:43.513, 1856850072924, datacollector.dll, MulticastDelegateUtilities.SafeInvoke: DataCollectionEvents.SessionStart: Invoking callbacks was skipped because there are no subscribers.
TpTrace Information: 0 : 112, 1, 2024/01/08, 14:15:43.515, 1856850088208, datacollector.dll, Listening on Endpoint : 127.0.0.1:60426
TpTrace Information: 0 : 112, 1, 2024/01/08, 14:15:43.527, 1856850206917, datacollector.dll, DataCollectionRequestHandler.ProcessRequests : DataCollection started.
TpTrace Information: 0 : 112, 1, 2024/01/08, 14:15:43.563, 1856850567227, datacollector.dll, DataCollectionRequestHandler.ProcessRequests: Datacollector received message: (DataCollection.TestHostLaunched) -> {"MessageType":"DataCollection.TestHostLaunched","Payload":{"ProcessId":1352}}
TpTrace Verbose: 0 : 112, 1, 2024/01/08, 14:15:43.566, 1856850601531, datacollector.dll, MulticastDelegateUtilities.SafeInvoke: DataCollectionEvents.TestHostLaunched: Invoking callback 1/1 for Microsoft.TestPlatform.Extensions.BlameDataCollector.BlameCollector., took 0 ms.
TpTrace Information: 0 : 112, 9, 2024/01/08, 14:15:43.884, 1856853782773, datacollector.dll, Using the buffer size of 16384 bytes
TpTrace Verbose: 0 : 112, 7, 2024/01/08, 14:15:43.884, 1856853782982, datacollector.dll, SocketCommunicationManager.WaitForClientConnection took: 364 ms, with 90000 ms timeout, and finished with True.
TpTrace Information: 0 : 112, 9, 2024/01/08, 14:15:43.885, 1856853786096, datacollector.dll, Accepted Client request and set the flag
TpTrace Information: 0 : 112, 7, 2024/01/08, 14:15:47.041, 1856885348532, datacollector.dll, DataCollectionTestCaseEventHandler: Test case starting.
TpTrace Information: 0 : 112, 7, 2024/01/08, 14:15:47.070, 1856885635790, datacollector.dll, BlameCollector.EventsTestCaseStart: Test Case Start
TpTrace Verbose: 0 : 112, 7, 2024/01/08, 14:15:47.070, 1856885640336, datacollector.dll, MulticastDelegateUtilities.SafeInvoke: DataCollectionEvents.TestCaseStart: Invoking callback 1/1 for Microsoft.TestPlatform.Extensions.BlameDataCollector.BlameCollector., took 0 ms.
TpTrace Information: 0 : 112, 7, 2024/01/08, 14:15:47.071, 1856885645226, datacollector.dll, DataCollectionTestCaseEventHandler: Test case 'InitDriverAsync_should_create_driver_and_connect_to_server - 0d5eb93c-c854-c468-eda6-12434fe8295d' started.
TpTrace Information: 0 : 112, 7, 2024/01/08, 14:15:47.090, 1856885835010, datacollector.dll, DataCollectionTestCaseEventHandler: Test case completing.
TpTrace Information: 0 : 112, 7, 2024/01/08, 14:15:47.096, 1856885902953, datacollector.dll, BlameCollector.EventsTestCaseEnd: Test Case End
TpTrace Verbose: 0 : 112, 7, 2024/01/08, 14:15:47.097, 1856885907242, datacollector.dll, MulticastDelegateUtilities.SafeInvoke: DataCollectionEvents.TestCaseEnd: Invoking callback 1/1 for Microsoft.TestPlatform.Extensions.BlameDataCollector.BlameCollector., took 0 ms.
TpTrace Information: 0 : 112, 7, 2024/01/08, 14:15:47.099, 1856885934010, datacollector.dll, DataCollectionTestCaseEventHandler: Test case 'InitDriverAsync_should_create_driver_and_connect_to_server - 0d5eb93c-c854-c468-eda6-12434fe8295d' completed
TpTrace Information: 0 : 112, 7, 2024/01/08, 14:15:47.110, 1856886041373, datacollector.dll, DataCollectionTestCaseEventHandler: Test case starting.
TpTrace Information: 0 : 112, 7, 2024/01/08, 14:15:47.112, 1856886061760, datacollector.dll, BlameCollector.EventsTestCaseStart: Test Case Start
TpTrace Verbose: 0 : 112, 7, 2024/01/08, 14:15:47.113, 1856886064883, datacollector.dll, MulticastDelegateUtilities.SafeInvoke: DataCollectionEvents.TestCaseStart: Invoking callback 1/1 for Microsoft.TestPlatform.Extensions.BlameDataCollector.BlameCollector., took 0 ms.
TpTrace Information: 0 : 112, 7, 2024/01/08, 14:15:47.113, 1856886069181, datacollector.dll, DataCollectionTestCaseEventHandler: Test case 'Driver_should_have_been_instantiated - 9d5b3ea5-b095-79c0-5697-3c51a8ae8d9e' started.
TpTrace Information: 0 : 112, 7, 2024/01/08, 14:15:47.114, 1856886083879, datacollector.dll, DataCollectionTestCaseEventHandler: Test case completing.
TpTrace Information: 0 : 112, 7, 2024/01/08, 14:15:47.117, 1856886104732, datacollector.dll, BlameCollector.EventsTestCaseEnd: Test Case End
TpTrace Verbose: 0 : 112, 7, 2024/01/08, 14:15:47.117, 1856886107228, datacollector.dll, MulticastDelegateUtilities.SafeInvoke: DataCollectionEvents.TestCaseEnd: Invoking callback 1/1 for Microsoft.TestPlatform.Extensions.BlameDataCollector.BlameCollector., took 0 ms.
TpTrace Information: 0 : 112, 7, 2024/01/08, 14:15:47.117, 1856886111806, datacollector.dll, DataCollectionTestCaseEventHandler: Test case 'Driver_should_have_been_instantiated - 9d5b3ea5-b095-79c0-5697-3c51a8ae8d9e' completed
TpTrace Information: 0 : 112, 7, 2024/01/08, 14:15:47.119, 1856886126366, datacollector.dll, DataCollectionTestCaseEventHandler: Test case starting.
TpTrace Information: 0 : 112, 7, 2024/01/08, 14:15:47.120, 1856886140867, datacollector.dll, BlameCollector.EventsTestCaseStart: Test Case Start
TpTrace Verbose: 0 : 112, 7, 2024/01/08, 14:15:47.120, 1856886143344, datacollector.dll, MulticastDelegateUtilities.SafeInvoke: DataCollectionEvents.TestCaseStart: Invoking callback 1/1 for Microsoft.TestPlatform.Extensions.BlameDataCollector.BlameCollector., took 0 ms.
TpTrace Information: 0 : 112, 7, 2024/01/08, 14:15:47.121, 1856886147013, datacollector.dll, DataCollectionTestCaseEventHandler: Test case 'Driver_should_be_able_to_verify_connectivity - 05d19a4b-196c-d96d-2e43-d2387b07b3ab' started.
TpTrace Information: 0 : 112, 7, 2024/01/08, 14:15:48.239, 1856897324937, datacollector.dll, DataCollectionTestCaseEventHandler: Test case completing.
TpTrace Information: 0 : 112, 7, 2024/01/08, 14:15:48.240, 1856897339890, datacollector.dll, BlameCollector.EventsTestCaseEnd: Test Case End
TpTrace Verbose: 0 : 112, 7, 2024/01/08, 14:15:48.240, 1856897342405, datacollector.dll, MulticastDelegateUtilities.SafeInvoke: DataCollectionEvents.TestCaseEnd: Invoking callback 1/1 for Microsoft.TestPlatform.Extensions.BlameDataCollector.BlameCollector., took 0 ms.
TpTrace Information: 0 : 112, 7, 2024/01/08, 14:15:48.241, 1856897347882, datacollector.dll, DataCollectionTestCaseEventHandler: Test case 'Driver_should_be_able_to_verify_connectivity - 05d19a4b-196c-d96d-2e43-d2387b07b3ab' completed
TpTrace Information: 0 : 112, 7, 2024/01/08, 14:15:48.272, 1856897655885, datacollector.dll, DataCollectionTestCaseEventHandler: Test case starting.
TpTrace Information: 0 : 112, 7, 2024/01/08, 14:15:48.273, 1856897664834, datacollector.dll, BlameCollector.EventsTestCaseStart: Test Case Start
TpTrace Verbose: 0 : 112, 7, 2024/01/08, 14:15:48.273, 1856897666823, datacollector.dll, MulticastDelegateUtilities.SafeInvoke: DataCollectionEvents.TestCaseStart: Invoking callback 1/1 for Microsoft.TestPlatform.Extensions.BlameDataCollector.BlameCollector., took 0 ms.
TpTrace Information: 0 : 112, 7, 2024/01/08, 14:15:48.273, 1856897670064, datacollector.dll, DataCollectionTestCaseEventHandler: Test case 'AllAsync_should_apply_order_skip_and_limit - e7aada80-9582-6d75-ed99-fbd39b3f8896' started.
TpTrace Information: 0 : 112, 7, 2024/01/08, 14:15:50.422, 1856919156879, datacollector.dll, DataCollectionTestCaseEventHandler: Test case completing.
TpTrace Information: 0 : 112, 7, 2024/01/08, 14:15:50.423, 1856919164216, datacollector.dll, BlameCollector.EventsTestCaseEnd: Test Case End
TpTrace Verbose: 0 : 112, 7, 2024/01/08, 14:15:50.423, 1856919167585, datacollector.dll, MulticastDelegateUtilities.SafeInvoke: DataCollectionEvents.TestCaseEnd: Invoking callback 1/1 for Microsoft.TestPlatform.Extensions.BlameDataCollector.BlameCollector., took 0 ms.
TpTrace Information: 0 : 112, 7, 2024/01/08, 14:15:50.423, 1856919170665, datacollector.dll, DataCollectionTestCaseEventHandler: Test case 'AllAsync_should_apply_order_skip_and_limit - e7aada80-9582-6d75-ed99-fbd39b3f8896' completed
TpTrace Information: 0 : 112, 7, 2024/01/08, 14:15:50.426, 1856919196012, datacollector.dll, DataCollectionTestCaseEventHandler: Test case starting.
TpTrace Information: 0 : 112, 7, 2024/01/08, 14:15:50.426, 1856919201272, datacollector.dll, BlameCollector.EventsTestCaseStart: Test Case Start
TpTrace Verbose: 0 : 112, 7, 2024/01/08, 14:15:50.426, 1856919202917, datacollector.dll, MulticastDelegateUtilities.SafeInvoke: DataCollectionEvents.TestCaseStart: Invoking callback 1/1 for Microsoft.TestPlatform.Extensions.BlameDataCollector.BlameCollector., took 0 ms.
TpTrace Information: 0 : 112, 7, 2024/01/08, 14:15:50.427, 1856919207509, datacollector.dll, DataCollectionTestCaseEventHandler: Test case 'AllAsync_should_order_movies_by_rating - 0a89adb1-81d2-771f-e3b6-8c90ba4ab941' started.
TpTrace Information: 0 : 112, 7, 2024/01/08, 14:15:51.226, 1856927196612, datacollector.dll, DataCollectionTestCaseEventHandler: Test case completing.
TpTrace Information: 0 : 112, 7, 2024/01/08, 14:15:51.226, 1856927203635, datacollector.dll, BlameCollector.EventsTestCaseEnd: Test Case End
TpTrace Verbose: 0 : 112, 7, 2024/01/08, 14:15:51.227, 1856927205459, datacollector.dll, MulticastDelegateUtilities.SafeInvoke: DataCollectionEvents.TestCaseEnd: Invoking callback 1/1 for Microsoft.TestPlatform.Extensions.BlameDataCollector.BlameCollector., took 0 ms.
TpTrace Information: 0 : 112, 7, 2024/01/08, 14:15:51.227, 1856927208871, datacollector.dll, DataCollectionTestCaseEventHandler: Test case 'AllAsync_should_order_movies_by_rating - 0a89adb1-81d2-771f-e3b6-8c90ba4ab941' completed
TpTrace Information: 0 : 112, 7, 2024/01/08, 14:15:52.442, 1856939357054, datacollector.dll, DataCollectionTestCaseEventHandler: Test case starting.
TpTrace Information: 0 : 112, 7, 2024/01/08, 14:15:52.443, 1856939367960, datacollector.dll, BlameCollector.EventsTestCaseStart: Test Case Start
TpTrace Verbose: 0 : 112, 7, 2024/01/08, 14:15:52.443, 1856939371198, datacollector.dll, MulticastDelegateUtilities.SafeInvoke: DataCollectionEvents.TestCaseStart: Invoking callback 1/1 for Microsoft.TestPlatform.Extensions.BlameDataCollector.BlameCollector., took 0 ms.
TpTrace Information: 0 : 112, 7, 2024/01/08, 14:15:52.444, 1856939377681, datacollector.dll, DataCollectionTestCaseEventHandler: Test case 'RegisterAsync_should_register_a_user - c428e537-3f9b-1952-c7b8-785887839185' started.
TpTrace Information: 0 : 112, 7, 2024/01/08, 14:15:54.381, 1856958746449, datacollector.dll, DataCollectionTestCaseEventHandler: Test case completing.
TpTrace Information: 0 : 112, 7, 2024/01/08, 14:15:54.382, 1856958758876, datacollector.dll, BlameCollector.EventsTestCaseEnd: Test Case End
TpTrace Verbose: 0 : 112, 7, 2024/01/08, 14:15:54.382, 1856958762452, datacollector.dll, MulticastDelegateUtilities.SafeInvoke: DataCollectionEvents.TestCaseEnd: Invoking callback 1/1 for Microsoft.TestPlatform.Extensions.BlameDataCollector.BlameCollector., took 0 ms.
TpTrace Information: 0 : 112, 7, 2024/01/08, 14:15:54.383, 1856958770564, datacollector.dll, DataCollectionTestCaseEventHandler: Test case 'RegisterAsync_should_register_a_user - c428e537-3f9b-1952-c7b8-785887839185' completed
TpTrace Information: 0 : 112, 7, 2024/01/08, 14:15:54.386, 1856958798350, datacollector.dll, DataCollectionTestCaseEventHandler: Test case starting.
TpTrace Information: 0 : 112, 7, 2024/01/08, 14:15:54.387, 1856958808379, datacollector.dll, BlameCollector.EventsTestCaseStart: Test Case Start
TpTrace Verbose: 0 : 112, 7, 2024/01/08, 14:15:54.387, 1856958811753, datacollector.dll, MulticastDelegateUtilities.SafeInvoke: DataCollectionEvents.TestCaseStart: Invoking callback 1/1 for Microsoft.TestPlatform.Extensions.BlameDataCollector.BlameCollector., took 0 ms.
TpTrace Information: 0 : 112, 7, 2024/01/08, 14:15:54.388, 1856958817825, datacollector.dll, DataCollectionTestCaseEventHandler: Test case 'Should_find_a_unique_constraint - a76a4040-b44d-eff3-8134-5aed61d15bd8' started.
TpTrace Information: 0 : 112, 7, 2024/01/08, 14:15:55.597, 1856970907293, datacollector.dll, DataCollectionTestCaseEventHandler: Test case completing.
TpTrace Information: 0 : 112, 7, 2024/01/08, 14:15:55.598, 1856970914135, datacollector.dll, BlameCollector.EventsTestCaseEnd: Test Case End
TpTrace Verbose: 0 : 112, 7, 2024/01/08, 14:15:55.598, 1856970915957, datacollector.dll, MulticastDelegateUtilities.SafeInvoke: DataCollectionEvents.TestCaseEnd: Invoking callback 1/1 for Microsoft.TestPlatform.Extensions.BlameDataCollector.BlameCollector., took 0 ms.
TpTrace Information: 0 : 112, 7, 2024/01/08, 14:15:55.598, 1856970919407, datacollector.dll, DataCollectionTestCaseEventHandler: Test case 'Should_find_a_unique_constraint - a76a4040-b44d-eff3-8134-5aed61d15bd8' completed
TpTrace Information: 0 : 112, 7, 2024/01/08, 14:15:55.599, 1856970932773, datacollector.dll, DataCollectionTestCaseEventHandler: Test case starting.
TpTrace Information: 0 : 112, 7, 2024/01/08, 14:15:55.602, 1856970959192, datacollector.dll, BlameCollector.EventsTestCaseStart: Test Case Start
TpTrace Verbose: 0 : 112, 7, 2024/01/08, 14:15:55.602, 1856970961994, datacollector.dll, MulticastDelegateUtilities.SafeInvoke: DataCollectionEvents.TestCaseStart: Invoking callback 1/1 for Microsoft.TestPlatform.Extensions.BlameDataCollector.BlameCollector., took 0 ms.
TpTrace Information: 0 : 112, 7, 2024/01/08, 14:15:55.603, 1856970965220, datacollector.dll, DataCollectionTestCaseEventHandler: Test case 'Should_throw_a_ValidationException_when_email_already_exists - 502abebe-c53a-1928-bd4e-bc770ba144af' started.
TpTrace Information: 0 : 112, 7, 2024/01/08, 14:15:57.354, 1856988477658, datacollector.dll, DataCollectionTestCaseEventHandler: Test case completing.
TpTrace Information: 0 : 112, 7, 2024/01/08, 14:15:57.355, 1856988486427, datacollector.dll, BlameCollector.EventsTestCaseEnd: Test Case End
TpTrace Verbose: 0 : 112, 7, 2024/01/08, 14:15:57.355, 1856988488674, datacollector.dll, MulticastDelegateUtilities.SafeInvoke: DataCollectionEvents.TestCaseEnd: Invoking callback 1/1 for Microsoft.TestPlatform.Extensions.BlameDataCollector.BlameCollector., took 0 ms.
TpTrace Information: 0 : 112, 7, 2024/01/08, 14:15:57.356, 1856988494651, datacollector.dll, DataCollectionTestCaseEventHandler: Test case 'Should_throw_a_ValidationException_when_email_already_exists - 502abebe-c53a-1928-bd4e-bc770ba144af' completed
TpTrace Information: 0 : 112, 7, 2024/01/08, 14:15:59.394, 1857008875518, datacollector.dll, DataCollectionTestCaseEventHandler: Test case starting.
TpTrace Information: 0 : 112, 7, 2024/01/08, 14:15:59.394, 1857008882357, datacollector.dll, BlameCollector.EventsTestCaseStart: Test Case Start
TpTrace Verbose: 0 : 112, 7, 2024/01/08, 14:15:59.395, 1857008884398, datacollector.dll, MulticastDelegateUtilities.SafeInvoke: DataCollectionEvents.TestCaseStart: Invoking callback 1/1 for Microsoft.TestPlatform.Extensions.BlameDataCollector.BlameCollector., took 0 ms.
TpTrace Information: 0 : 112, 7, 2024/01/08, 14:15:59.395, 1857008888221, datacollector.dll, DataCollectionTestCaseEventHandler: Test case 'AuthenticateAsync_should_authenticate__recently_created_user - fdde1b30-0a8b-e55c-e488-52da41572506' started.
