TpTrace Verbose: 0 : 1352, 1, 2024/01/08, 14:15:43.803, 1856853029815, testhost.dll, Version: 16.11.0
TpTrace Information: 0 : 1352, 1, 2024/01/08, 14:15:43.818, 1856853114190, testhost.dll, DefaultEngineInvoker.Invoke: Testhost process started with args :[--port, 60427],[--endpoint, 127.0.0.1:060427],[--role, client],[--parentprocessid, 380],[--diag, C:\Users\Guarizzo\Documents\Cursos\Neo4j\app-dotnet\Neoflix.Challenges\bin\Debug\net6.0\fine-code-coverage\coverage-tool-output\diagnostics.host.24-01-08_14-15-43_53758_6.log],[--tracelevel, 4],[--datacollectionport, 60426],[--telemetryoptedin, false]
TpTrace Information: 0 : 1352, 1, 2024/01/08, 14:15:43.821, 1856853147977, testhost.dll, Setting up debug trace listener.
TpTrace Verbose: 0 : 1352, 1, 2024/01/08, 14:15:43.822, 1856853154075, testhost.dll, TestPlatformTraceListener.Setup: Replacing listener 0 with TestHostTraceListener.
TpTrace Verbose: 0 : 1352, 1, 2024/01/08, 14:15:43.822, 1856853156057, testhost.dll, TestPlatformTraceListener.Setup: Added test platform trace listener.
TpTrace Information: 0 : 1352, 1, 2024/01/08, 14:15:43.824, 1856853176742, testhost.dll, DefaultEngineInvoker.SetParentProcessExitCallback: Monitoring parent process with id: '380'
TpTrace Information: 0 : 1352, 1, 2024/01/08, 14:15:43.835, 1856853286132, testhost.dll, DefaultEngineInvoker.GetConnectionInfo: Initialize communication on endpoint address: '127.0.0.1:060427'
TpTrace Information: 0 : 1352, 1, 2024/01/08, 14:15:43.856, 1856853504060, testhost.dll, SocketClient.Start: connecting to server endpoint: 127.0.0.1:060427
TpTrace Information: 0 : 1352, 1, 2024/01/08, 14:15:43.874, 1856853674339, testhost.dll, DefaultEngineInvoker.ConnectToDatacollector: Connecting to datacollector, port: 60426
TpTrace Information: 0 : 1352, 10, 2024/01/08, 14:15:43.879, 1856853732436, testhost.dll, SocketClient.OnServerConnected: connected to server endpoint: 127.0.0.1:060427
TpTrace Information: 0 : 1352, 1, 2024/01/08, 14:15:43.880, 1856853737506, testhost.dll, Trying to connect to server on socket : 127.0.0.1:60426 
TpTrace Verbose: 0 : 1352, 1, 2024/01/08, 14:15:43.880, 1856853742752, testhost.dll, SocketCommunicationManager : SetupClientAsync : Attempting to connect to the server.
TpTrace Verbose: 0 : 1352, 10, 2024/01/08, 14:15:43.883, 1856853766964, testhost.dll, Connected to server, and starting MessageLoopAsync
TpTrace Information: 0 : 1352, 11, 2024/01/08, 14:15:43.885, 1856853785647, testhost.dll, Connected to the server successfully 
TpTrace Information: 0 : 1352, 11, 2024/01/08, 14:15:43.885, 1856853788904, testhost.dll, Using the buffer size of 16384 bytes
TpTrace Information: 0 : 1352, 1, 2024/01/08, 14:15:43.886, 1856853797739, testhost.dll, DefaultEngineInvoker.Invoke: Start Request Processing.
TpTrace Information: 0 : 1352, 14, 2024/01/08, 14:15:43.888, 1856853818104, testhost.dll, DefaultEngineInvoker.StartProcessingAsync: Connected to vstest.console, Starting process requests.
TpTrace Verbose: 0 : 1352, 12, 2024/01/08, 14:15:43.889, 1856853833730, testhost.dll, TcpClientExtensions.MessageLoopAsync: Polling on remoteEndPoint: [::ffff:127.0.0.1]:60427 localEndPoint: [::ffff:127.0.0.1]:60428
TpTrace Verbose: 0 : 1352, 12, 2024/01/08, 14:15:43.890, 1856853840767, testhost.dll, TcpClientExtensions.MessageLoopAsync: NotifyDataAvailable remoteEndPoint: [::ffff:127.0.0.1]:60427 localEndPoint: [::ffff:127.0.0.1]:60428
TpTrace Information: 0 : 1352, 12, 2024/01/08, 14:15:44.060, 1856855540603, testhost.dll, TestRequestHandler.OnMessageReceived: received message: (ProtocolVersion) -> 7
TpTrace Verbose: 0 : 1352, 12, 2024/01/08, 14:15:44.124, 1856856179106, testhost.dll, TestRequestHandler.SendData:  sending data from testhost: {"Version":5,"MessageType":"TestSession.Message","Payload":{"MessageLevel":0,"Message":"Registro em log do diagnóstico TestHost no arquivo: C:\\Users\\Guarizzo\\Documents\\Cursos\\Neo4j\\app-dotnet\\Neoflix.Challenges\\bin\\Debug\\net6.0\\fine-code-coverage\\coverage-tool-output\\diagnostics.host.24-01-08_14-15-43_53758_6.log"}}
TpTrace Verbose: 0 : 1352, 12, 2024/01/08, 14:15:44.125, 1856856186181, testhost.dll, TcpClientExtensions.MessageLoopAsync: Polling on remoteEndPoint: [::ffff:127.0.0.1]:60427 localEndPoint: [::ffff:127.0.0.1]:60428
TpTrace Verbose: 0 : 1352, 12, 2024/01/08, 14:15:44.125, 1856856189632, testhost.dll, TcpClientExtensions.MessageLoopAsync: NotifyDataAvailable remoteEndPoint: [::ffff:127.0.0.1]:60427 localEndPoint: [::ffff:127.0.0.1]:60428
TpTrace Information: 0 : 1352, 12, 2024/01/08, 14:15:44.138, 1856856316426, testhost.dll, TestRequestHandler.OnMessageReceived: received message: (TestExecution.Initialize) -> [
  "C:\\Users\\Guarizzo\\Documents\\Cursos\\Neo4j\\app-dotnet\\Neoflix.Challenges\\bin\\Debug\\net6.0\\fine-code-coverage\\build-output\\NUnit3.TestAdapter.dll"
]
TpTrace Verbose: 0 : 1352, 12, 2024/01/08, 14:15:44.148, 1856856416649, testhost.dll, TcpClientExtensions.MessageLoopAsync: Polling on remoteEndPoint: [::ffff:127.0.0.1]:60427 localEndPoint: [::ffff:127.0.0.1]:60428
TpTrace Verbose: 0 : 1352, 12, 2024/01/08, 14:15:44.148, 1856856419328, testhost.dll, TcpClientExtensions.MessageLoopAsync: NotifyDataAvailable remoteEndPoint: [::ffff:127.0.0.1]:60427 localEndPoint: [::ffff:127.0.0.1]:60428
TpTrace Information: 0 : 1352, 5, 2024/01/08, 14:15:44.149, 1856856425118, testhost.dll, TestRequestHandler.OnMessageReceived: Running job 'TestExecution.Initialize'.
TpTrace Verbose: 0 : 1352, 5, 2024/01/08, 14:15:44.152, 1856856463252, testhost.dll, TestExecutorService: Loading the extensions
TpTrace Information: 0 : 1352, 12, 2024/01/08, 14:15:44.154, 1856856479679, testhost.dll, TestRequestHandler.OnMessageReceived: received message: (TestExecution.StartWithSources) -> {
  "AdapterSourceMap": {
    "_none_": [
      "C:\\Users\\Guarizzo\\Documents\\Cursos\\Neo4j\\app-dotnet\\Neoflix.Challenges\\bin\\Debug\\net6.0\\fine-code-coverage\\build-output\\Neoflix.Challenges.dll"
    ]
  },
  "RunSettings": "<RunSettings>\r\n  <RunConfiguration>\r\n    <ResultsDirectory>C:\\Users\\Guarizzo\\Documents\\Cursos\\Neo4j\\app-dotnet\\Neoflix.Challenges\\bin\\Debug\\net6.0\\fine-code-coverage\\coverage-tool-output</ResultsDirectory>\r\n    <TargetFrameworkVersion>.NETCoreApp,Version=v6.0</TargetFrameworkVersion>\r\n    <DesignMode>False</DesignMode>\r\n    <CollectSourceInformation>False</CollectSourceInformation>\r\n  </RunConfiguration>\r\n  <LoggerRunSettings>\r\n    <Loggers>\r\n      <Logger friendlyName=\"blame\" enabled=\"True\" />\r\n      <Logger friendlyName=\"Console\" uri=\"logger://microsoft/TestPlatform/ConsoleLogger/v1\" assemblyQualifiedName=\"Microsoft.VisualStudio.TestPlatform.CommandLine.Internal.ConsoleLogger, vstest.console, Version=15.0.0.0, Culture=neutral, PublicKeyToken=b03f5f7f11d50a3a\" codeBase=\"C:\\Program Files\\dotnet\\sdk\\8.0.100\\vstest.console.dll\" enabled=\"True\" />\r\n    </Loggers>\r\n  </LoggerRunSettings>\r\n  <DataCollectionRunSettings>\r\n    <DataCollectors>\r\n      <DataCollector friendlyName=\"blame\" enabled=\"True\">\r\n        <Configuration>\r\n          <ResultsDirectory>C:\\Users\\Guarizzo\\Documents\\Cursos\\Neo4j\\app-dotnet\\Neoflix.Challenges\\bin\\Debug\\net6.0\\fine-code-coverage\\coverage-tool-output</ResultsDirectory>\r\n        </Configuration>\r\n      </DataCollector>\r\n    </DataCollectors>\r\n  </DataCollectionRunSettings>\r\n</RunSettings>",
  "TestExecutionContext": {
    "FrequencyOfRunStatsChangeEvent": 10,
    "RunStatsChangeEventTimeout": "00:00:01.5000000",
    "InIsolation": false,
    "KeepAlive": false,
    "AreTestCaseLevelEventsRequired": false,
    "IsDebug": false,
    "TestCaseFilter": null,
    "FilterOptions": null
  },
  "Package": null
}
TpTrace Verbose: 0 : 1352, 5, 2024/01/08, 14:15:44.156, 1856856499511, testhost.dll, TestPluginCache.DiscoverTestExtensions: finding test extensions in assemblies ends with: TestAdapter.dll TPluginInfo: Microsoft.VisualStudio.TestPlatform.Common.ExtensionFramework.Utilities.TestExecutorPluginInformation TExtension: Microsoft.VisualStudio.TestPlatform.ObjectModel.Adapter.ITestExecutor
TpTrace Verbose: 0 : 1352, 5, 2024/01/08, 14:15:44.158, 1856856523113, testhost.dll, TestPluginCache.GetExtensionPaths: Filtered extension paths: 
TpTrace Verbose: 0 : 1352, 5, 2024/01/08, 14:15:44.160, 1856856534260, testhost.dll, TestPluginCache.GetExtensionPaths: Added default extension paths: C:\Users\Guarizzo\Documents\Cursos\Neo4j\app-dotnet\Neoflix.Challenges\bin\Debug\net6.0\fine-code-coverage\build-output\NUnit3.TestAdapter.dll
TpTrace Verbose: 0 : 1352, 5, 2024/01/08, 14:15:44.160, 1856856536478, testhost.dll, TestPluginCache.GetExtensionPaths: Added unfilterableExtensionPaths: 
TpTrace Information: 0 : 1352, 5, 2024/01/08, 14:15:44.163, 1856856572358, testhost.dll, AssemblyResolver.ctor: Creating AssemblyResolver with searchDirectories C:\Users\Guarizzo\Documents\Cursos\Neo4j\app-dotnet\Neoflix.Challenges\bin\Debug\net6.0\fine-code-coverage\build-output
TpTrace Verbose: 0 : 1352, 5, 2024/01/08, 14:15:44.166, 1856856601641, testhost.dll, TestPluginCache.DiscoverTestExtensions: Discovering the extensions using extension path.
TpTrace Verbose: 0 : 1352, 5, 2024/01/08, 14:15:44.167, 1856856604502, testhost.dll, TestPluginCache.GetExtensionPaths: Filtered extension paths: 
TpTrace Verbose: 0 : 1352, 5, 2024/01/08, 14:15:44.167, 1856856605661, testhost.dll, TestPluginCache.GetExtensionPaths: Added default extension paths: C:\Users\Guarizzo\Documents\Cursos\Neo4j\app-dotnet\Neoflix.Challenges\bin\Debug\net6.0\fine-code-coverage\build-output\NUnit3.TestAdapter.dll
TpTrace Verbose: 0 : 1352, 5, 2024/01/08, 14:15:44.167, 1856856606641, testhost.dll, TestPluginCache.GetExtensionPaths: Added unfilterableExtensionPaths: 
TpTrace Verbose: 0 : 1352, 5, 2024/01/08, 14:15:44.167, 1856856607971, testhost.dll, TestPluginCache.DiscoverTestExtensions: Discovering the extensions using allExtensionPaths: C:\Users\Guarizzo\Documents\Cursos\Neo4j\app-dotnet\Neoflix.Challenges\bin\Debug\net6.0\fine-code-coverage\build-output\NUnit3.TestAdapter.dll
TpTrace Information: 0 : 1352, 5, 2024/01/08, 14:15:44.168, 1856856619969, testhost.dll, AssemblyResolver.AddSearchDirectories: Adding more searchDirectories C:\Users\Guarizzo\Documents\Cursos\Neo4j\app-dotnet\Neoflix.Challenges\bin\Debug\net6.0\fine-code-coverage\build-output
TpTrace Information: 0 : 1352, 5, 2024/01/08, 14:15:44.176, 1856856699158, testhost.dll, AssemblyResolver.OnResolve: NUnit3.TestAdapter: Resolving assembly.
TpTrace Information: 0 : 1352, 5, 2024/01/08, 14:15:44.176, 1856856701552, testhost.dll, AssemblyResolver.OnResolve: NUnit3.TestAdapter: Searching in: 'C:\Users\Guarizzo\Documents\Cursos\Neo4j\app-dotnet\Neoflix.Challenges\bin\Debug\net6.0\fine-code-coverage\build-output'.
TpTrace Information: 0 : 1352, 5, 2024/01/08, 14:15:44.178, 1856856723069, testhost.dll, AssemblyResolver.OnResolve: NUnit3.TestAdapter: Loading assembly 'C:\Users\Guarizzo\Documents\Cursos\Neo4j\app-dotnet\Neoflix.Challenges\bin\Debug\net6.0\fine-code-coverage\build-output\NUnit3.TestAdapter.dll'.
TpTrace Information: 0 : 1352, 5, 2024/01/08, 14:15:44.180, 1856856735511, testhost.dll, AssemblyResolver.OnResolve: Resolved assembly: NUnit3.TestAdapter, from path: C:\Users\Guarizzo\Documents\Cursos\Neo4j\app-dotnet\Neoflix.Challenges\bin\Debug\net6.0\fine-code-coverage\build-output\NUnit3.TestAdapter.dll
TpTrace Verbose: 0 : 1352, 12, 2024/01/08, 14:15:44.203, 1856856967917, testhost.dll, TcpClientExtensions.MessageLoopAsync: Polling on remoteEndPoint: [::ffff:127.0.0.1]:60427 localEndPoint: [::ffff:127.0.0.1]:60428
TpTrace Information: 0 : 1352, 5, 2024/01/08, 14:15:44.204, 1856856980722, testhost.dll, AssemblyResolver.OnResolve: nunit.engine.api: Resolving assembly.
TpTrace Information: 0 : 1352, 5, 2024/01/08, 14:15:44.204, 1856856982135, testhost.dll, AssemblyResolver.OnResolve: nunit.engine.api: Searching in: 'C:\Users\Guarizzo\Documents\Cursos\Neo4j\app-dotnet\Neoflix.Challenges\bin\Debug\net6.0\fine-code-coverage\build-output'.
TpTrace Information: 0 : 1352, 5, 2024/01/08, 14:15:44.205, 1856856987334, testhost.dll, AssemblyResolver.OnResolve: nunit.engine.api: Loading assembly 'C:\Users\Guarizzo\Documents\Cursos\Neo4j\app-dotnet\Neoflix.Challenges\bin\Debug\net6.0\fine-code-coverage\build-output\nunit.engine.api.dll'.
TpTrace Information: 0 : 1352, 5, 2024/01/08, 14:15:44.205, 1856856993028, testhost.dll, AssemblyResolver.OnResolve: Resolved assembly: nunit.engine.api, from path: C:\Users\Guarizzo\Documents\Cursos\Neo4j\app-dotnet\Neoflix.Challenges\bin\Debug\net6.0\fine-code-coverage\build-output\nunit.engine.api.dll
TpTrace Verbose: 0 : 1352, 5, 2024/01/08, 14:15:44.213, 1856857068774, testhost.dll, TestPluginCache: Discovered the extensions using extension path ''.
TpTrace Verbose: 0 : 1352, 5, 2024/01/08, 14:15:44.214, 1856857076074, testhost.dll, TestPluginCache: Discoverers are ''.
TpTrace Verbose: 0 : 1352, 5, 2024/01/08, 14:15:44.214, 1856857077623, testhost.dll, TestPluginCache: Executors are 'executor://NUnit3TestExecutor'.
TpTrace Verbose: 0 : 1352, 5, 2024/01/08, 14:15:44.214, 1856857078974, testhost.dll, TestPluginCache: Executors2 are ''.
TpTrace Verbose: 0 : 1352, 5, 2024/01/08, 14:15:44.214, 1856857080179, testhost.dll, TestPluginCache: Setting providers are ''.
TpTrace Verbose: 0 : 1352, 5, 2024/01/08, 14:15:44.214, 1856857081355, testhost.dll, TestPluginCache: Loggers are ''.
TpTrace Verbose: 0 : 1352, 5, 2024/01/08, 14:15:44.218, 1856857119423, testhost.dll, TestPluginCache.DiscoverTestExtensions: finding test extensions in assemblies ends with: TestAdapter.dll TPluginInfo: Microsoft.VisualStudio.TestPlatform.Common.ExtensionFramework.Utilities.TestExecutorPluginInformation2 TExtension: Microsoft.VisualStudio.TestPlatform.ObjectModel.Adapter.ITestExecutor2
TpTrace Verbose: 0 : 1352, 5, 2024/01/08, 14:15:44.218, 1856857123976, testhost.dll, TestPluginCache.GetExtensionPaths: Filtered extension paths: 
TpTrace Verbose: 0 : 1352, 5, 2024/01/08, 14:15:44.219, 1856857125459, testhost.dll, TestPluginCache.GetExtensionPaths: Added default extension paths: C:\Users\Guarizzo\Documents\Cursos\Neo4j\app-dotnet\Neoflix.Challenges\bin\Debug\net6.0\fine-code-coverage\build-output\NUnit3.TestAdapter.dll
TpTrace Verbose: 0 : 1352, 5, 2024/01/08, 14:15:44.219, 1856857126550, testhost.dll, TestPluginCache.GetExtensionPaths: Added unfilterableExtensionPaths: 
TpTrace Information: 0 : 1352, 5, 2024/01/08, 14:15:44.219, 1856857130024, testhost.dll, AssemblyResolver.AddSearchDirectories: Adding more searchDirectories C:\Users\Guarizzo\Documents\Cursos\Neo4j\app-dotnet\Neoflix.Challenges\bin\Debug\net6.0\fine-code-coverage\build-output
TpTrace Verbose: 0 : 1352, 5, 2024/01/08, 14:15:44.219, 1856857131011, testhost.dll, TestPluginCache.DiscoverTestExtensions: Discovering the extensions using extension path.
TpTrace Verbose: 0 : 1352, 5, 2024/01/08, 14:15:44.219, 1856857131807, testhost.dll, TestPluginCache.GetExtensionPaths: Filtered extension paths: 
TpTrace Verbose: 0 : 1352, 5, 2024/01/08, 14:15:44.219, 1856857132554, testhost.dll, TestPluginCache.GetExtensionPaths: Added default extension paths: C:\Users\Guarizzo\Documents\Cursos\Neo4j\app-dotnet\Neoflix.Challenges\bin\Debug\net6.0\fine-code-coverage\build-output\NUnit3.TestAdapter.dll
TpTrace Verbose: 0 : 1352, 5, 2024/01/08, 14:15:44.219, 1856857133301, testhost.dll, TestPluginCache.GetExtensionPaths: Added unfilterableExtensionPaths: 
TpTrace Verbose: 0 : 1352, 5, 2024/01/08, 14:15:44.220, 1856857134378, testhost.dll, TestPluginCache.DiscoverTestExtensions: Discovering the extensions using allExtensionPaths: C:\Users\Guarizzo\Documents\Cursos\Neo4j\app-dotnet\Neoflix.Challenges\bin\Debug\net6.0\fine-code-coverage\build-output\NUnit3.TestAdapter.dll
TpTrace Information: 0 : 1352, 5, 2024/01/08, 14:15:44.220, 1856857135367, testhost.dll, AssemblyResolver.AddSearchDirectories: Adding more searchDirectories C:\Users\Guarizzo\Documents\Cursos\Neo4j\app-dotnet\Neoflix.Challenges\bin\Debug\net6.0\fine-code-coverage\build-output
TpTrace Verbose: 0 : 1352, 5, 2024/01/08, 14:15:44.220, 1856857140714, testhost.dll, TestPluginCache: Discovered the extensions using extension path ''.
TpTrace Verbose: 0 : 1352, 5, 2024/01/08, 14:15:44.220, 1856857141632, testhost.dll, TestPluginCache: Discoverers are ''.
TpTrace Verbose: 0 : 1352, 5, 2024/01/08, 14:15:44.220, 1856857143413, testhost.dll, TestPluginCache: Executors are 'executor://NUnit3TestExecutor'.
TpTrace Verbose: 0 : 1352, 5, 2024/01/08, 14:15:44.221, 1856857144927, testhost.dll, TestPluginCache: Executors2 are ''.
TpTrace Verbose: 0 : 1352, 5, 2024/01/08, 14:15:44.221, 1856857145703, testhost.dll, TestPluginCache: Setting providers are ''.
TpTrace Verbose: 0 : 1352, 5, 2024/01/08, 14:15:44.221, 1856857146417, testhost.dll, TestPluginCache: Loggers are ''.
TpTrace Information: 0 : 1352, 5, 2024/01/08, 14:15:44.227, 1856857208143, testhost.dll, TestPluginManager.CreateTestExtension: Attempting to load test extension: NUnit.VisualStudio.TestAdapter.NUnit3TestExecutor
TpTrace Verbose: 0 : 1352, 5, 2024/01/08, 14:15:44.228, 1856857214306, testhost.dll, TestExecutorExtensionManager: Loading executor NUnit.VisualStudio.TestAdapter.NUnit3TestExecutor
TpTrace Verbose: 0 : 1352, 5, 2024/01/08, 14:15:44.228, 1856857215320, testhost.dll, TestExecutorService: Loaded the executors
TpTrace Verbose: 0 : 1352, 5, 2024/01/08, 14:15:44.229, 1856857227266, testhost.dll, TestPluginCache.DiscoverTestExtensions: finding test extensions in assemblies ends with: TestAdapter.dll TPluginInfo: Microsoft.VisualStudio.TestPlatform.Common.ExtensionFramework.Utilities.TestSettingsProviderPluginInformation TExtension: Microsoft.VisualStudio.TestPlatform.ObjectModel.Adapter.ISettingsProvider
TpTrace Verbose: 0 : 1352, 5, 2024/01/08, 14:15:44.229, 1856857229188, testhost.dll, TestPluginCache.GetExtensionPaths: Filtered extension paths: 
TpTrace Verbose: 0 : 1352, 5, 2024/01/08, 14:15:44.229, 1856857230062, testhost.dll, TestPluginCache.GetExtensionPaths: Added default extension paths: C:\Users\Guarizzo\Documents\Cursos\Neo4j\app-dotnet\Neoflix.Challenges\bin\Debug\net6.0\fine-code-coverage\build-output\NUnit3.TestAdapter.dll
TpTrace Verbose: 0 : 1352, 5, 2024/01/08, 14:15:44.229, 1856857230843, testhost.dll, TestPluginCache.GetExtensionPaths: Added unfilterableExtensionPaths: 
TpTrace Information: 0 : 1352, 5, 2024/01/08, 14:15:44.229, 1856857233382, testhost.dll, AssemblyResolver.AddSearchDirectories: Adding more searchDirectories C:\Users\Guarizzo\Documents\Cursos\Neo4j\app-dotnet\Neoflix.Challenges\bin\Debug\net6.0\fine-code-coverage\build-output
TpTrace Verbose: 0 : 1352, 5, 2024/01/08, 14:15:44.230, 1856857234426, testhost.dll, TestPluginCache.DiscoverTestExtensions: Discovering the extensions using extension path.
TpTrace Verbose: 0 : 1352, 5, 2024/01/08, 14:15:44.230, 1856857235223, testhost.dll, TestPluginCache.GetExtensionPaths: Filtered extension paths: 
TpTrace Verbose: 0 : 1352, 5, 2024/01/08, 14:15:44.230, 1856857235966, testhost.dll, TestPluginCache.GetExtensionPaths: Added default extension paths: C:\Users\Guarizzo\Documents\Cursos\Neo4j\app-dotnet\Neoflix.Challenges\bin\Debug\net6.0\fine-code-coverage\build-output\NUnit3.TestAdapter.dll
TpTrace Verbose: 0 : 1352, 5, 2024/01/08, 14:15:44.230, 1856857236706, testhost.dll, TestPluginCache.GetExtensionPaths: Added unfilterableExtensionPaths: 
TpTrace Verbose: 0 : 1352, 5, 2024/01/08, 14:15:44.230, 1856857237609, testhost.dll, TestPluginCache.DiscoverTestExtensions: Discovering the extensions using allExtensionPaths: C:\Users\Guarizzo\Documents\Cursos\Neo4j\app-dotnet\Neoflix.Challenges\bin\Debug\net6.0\fine-code-coverage\build-output\NUnit3.TestAdapter.dll
TpTrace Information: 0 : 1352, 5, 2024/01/08, 14:15:44.230, 1856857238635, testhost.dll, AssemblyResolver.AddSearchDirectories: Adding more searchDirectories C:\Users\Guarizzo\Documents\Cursos\Neo4j\app-dotnet\Neoflix.Challenges\bin\Debug\net6.0\fine-code-coverage\build-output
TpTrace Verbose: 0 : 1352, 5, 2024/01/08, 14:15:44.230, 1856857243051, testhost.dll, TestPluginCache: Discovered the extensions using extension path ''.
TpTrace Verbose: 0 : 1352, 5, 2024/01/08, 14:15:44.231, 1856857244105, testhost.dll, TestPluginCache: Discoverers are ''.
TpTrace Verbose: 0 : 1352, 5, 2024/01/08, 14:15:44.231, 1856857244870, testhost.dll, TestPluginCache: Executors are 'executor://NUnit3TestExecutor'.
TpTrace Verbose: 0 : 1352, 5, 2024/01/08, 14:15:44.231, 1856857245794, testhost.dll, TestPluginCache: Executors2 are ''.
TpTrace Verbose: 0 : 1352, 5, 2024/01/08, 14:15:44.231, 1856857246722, testhost.dll, TestPluginCache: Setting providers are ''.
TpTrace Verbose: 0 : 1352, 5, 2024/01/08, 14:15:44.231, 1856857247458, testhost.dll, TestPluginCache: Loggers are ''.
TpTrace Verbose: 0 : 1352, 5, 2024/01/08, 14:15:44.232, 1856857259521, testhost.dll, TestExecutorService: Loaded the settings providers
TpTrace Information: 0 : 1352, 5, 2024/01/08, 14:15:44.232, 1856857260684, testhost.dll, TestExecutorService: Loaded the extensions
TpTrace Information: 0 : 1352, 5, 2024/01/08, 14:15:44.233, 1856857267465, testhost.dll, TestRequestHandler.OnMessageReceived: Running job 'TestExecution.StartWithSources'.
TpTrace Information: 0 : 1352, 5, 2024/01/08, 14:15:44.358, 1856858523432, testhost.dll, TestDiscoveryManager: Discovering tests from sources C:\Users\Guarizzo\Documents\Cursos\Neo4j\app-dotnet\Neoflix.Challenges\bin\Debug\net6.0\fine-code-coverage\build-output\Neoflix.Challenges.dll
TpTrace Verbose: 0 : 1352, 5, 2024/01/08, 14:15:44.364, 1856858574596, testhost.dll, TestPluginCache.DiscoverTestExtensions: finding test extensions in assemblies ends with: TestAdapter.dll TPluginInfo: Microsoft.VisualStudio.TestPlatform.Common.ExtensionFramework.Utilities.TestDiscovererPluginInformation TExtension: Microsoft.VisualStudio.TestPlatform.ObjectModel.Adapter.ITestDiscoverer
TpTrace Verbose: 0 : 1352, 5, 2024/01/08, 14:15:44.364, 1856858578273, testhost.dll, TestPluginCache.GetExtensionPaths: Filtered extension paths: 
TpTrace Verbose: 0 : 1352, 5, 2024/01/08, 14:15:44.364, 1856858580141, testhost.dll, TestPluginCache.GetExtensionPaths: Added default extension paths: C:\Users\Guarizzo\Documents\Cursos\Neo4j\app-dotnet\Neoflix.Challenges\bin\Debug\net6.0\fine-code-coverage\build-output\NUnit3.TestAdapter.dll
TpTrace Verbose: 0 : 1352, 5, 2024/01/08, 14:15:44.364, 1856858581825, testhost.dll, TestPluginCache.GetExtensionPaths: Added unfilterableExtensionPaths: 
TpTrace Information: 0 : 1352, 5, 2024/01/08, 14:15:44.365, 1856858585625, testhost.dll, AssemblyResolver.AddSearchDirectories: Adding more searchDirectories C:\Users\Guarizzo\Documents\Cursos\Neo4j\app-dotnet\Neoflix.Challenges\bin\Debug\net6.0\fine-code-coverage\build-output
TpTrace Verbose: 0 : 1352, 5, 2024/01/08, 14:15:44.365, 1856858587363, testhost.dll, TestPluginCache.DiscoverTestExtensions: Discovering the extensions using extension path.
TpTrace Verbose: 0 : 1352, 5, 2024/01/08, 14:15:44.365, 1856858589005, testhost.dll, TestPluginCache.GetExtensionPaths: Filtered extension paths: 
TpTrace Verbose: 0 : 1352, 5, 2024/01/08, 14:15:44.365, 1856858591012, testhost.dll, TestPluginCache.GetExtensionPaths: Added default extension paths: C:\Users\Guarizzo\Documents\Cursos\Neo4j\app-dotnet\Neoflix.Challenges\bin\Debug\net6.0\fine-code-coverage\build-output\NUnit3.TestAdapter.dll
TpTrace Verbose: 0 : 1352, 5, 2024/01/08, 14:15:44.365, 1856858592754, testhost.dll, TestPluginCache.GetExtensionPaths: Added unfilterableExtensionPaths: 
TpTrace Verbose: 0 : 1352, 5, 2024/01/08, 14:15:44.366, 1856858594289, testhost.dll, TestPluginCache.DiscoverTestExtensions: Discovering the extensions using allExtensionPaths: C:\Users\Guarizzo\Documents\Cursos\Neo4j\app-dotnet\Neoflix.Challenges\bin\Debug\net6.0\fine-code-coverage\build-output\NUnit3.TestAdapter.dll
TpTrace Information: 0 : 1352, 5, 2024/01/08, 14:15:44.366, 1856858596254, testhost.dll, AssemblyResolver.AddSearchDirectories: Adding more searchDirectories C:\Users\Guarizzo\Documents\Cursos\Neo4j\app-dotnet\Neoflix.Challenges\bin\Debug\net6.0\fine-code-coverage\build-output
TpTrace Verbose: 0 : 1352, 5, 2024/01/08, 14:15:44.371, 1856858653611, testhost.dll, TestPluginCache: Discovered the extensions using extension path ''.
TpTrace Verbose: 0 : 1352, 5, 2024/01/08, 14:15:44.372, 1856858656459, testhost.dll, TestPluginCache: Discoverers are 'NUnit.VisualStudio.TestAdapter.NUnit3TestDiscoverer, NUnit3.TestAdapter, Version=4.0.0.0, Culture=neutral, PublicKeyToken=4cb40d35494691ac'.
TpTrace Verbose: 0 : 1352, 5, 2024/01/08, 14:15:44.372, 1856858658497, testhost.dll, TestPluginCache: Executors are 'executor://NUnit3TestExecutor'.
TpTrace Verbose: 0 : 1352, 5, 2024/01/08, 14:15:44.372, 1856858659982, testhost.dll, TestPluginCache: Executors2 are ''.
TpTrace Verbose: 0 : 1352, 5, 2024/01/08, 14:15:44.372, 1856858661359, testhost.dll, TestPluginCache: Setting providers are ''.
TpTrace Verbose: 0 : 1352, 5, 2024/01/08, 14:15:44.372, 1856858662667, testhost.dll, TestPluginCache: Loggers are ''.
TpTrace Information: 0 : 1352, 5, 2024/01/08, 14:15:44.390, 1856858839052, testhost.dll, PEReaderHelper.GetAssemblyType: Determined assemblyType:'Managed' for source: 'C:\Users\Guarizzo\Documents\Cursos\Neo4j\app-dotnet\Neoflix.Challenges\bin\Debug\net6.0\fine-code-coverage\build-output\Neoflix.Challenges.dll'
TpTrace Verbose: 0 : 1352, 5, 2024/01/08, 14:15:44.404, 1856858976377, testhost.dll, BaseRunTests.RunTestInternalWithExecutors: Running tests for executor://NUnit3TestExecutor
TpTrace Information: 0 : 1352, 5, 2024/01/08, 14:15:44.409, 1856859028684, testhost.dll, AssemblyResolver.OnResolve: nunit.engine.core: Resolving assembly.
TpTrace Information: 0 : 1352, 5, 2024/01/08, 14:15:44.409, 1856859030885, testhost.dll, AssemblyResolver.OnResolve: nunit.engine.core: Searching in: 'C:\Users\Guarizzo\Documents\Cursos\Neo4j\app-dotnet\Neoflix.Challenges\bin\Debug\net6.0\fine-code-coverage\build-output'.
TpTrace Information: 0 : 1352, 5, 2024/01/08, 14:15:44.410, 1856859036467, testhost.dll, AssemblyResolver.OnResolve: nunit.engine.core: Loading assembly 'C:\Users\Guarizzo\Documents\Cursos\Neo4j\app-dotnet\Neoflix.Challenges\bin\Debug\net6.0\fine-code-coverage\build-output\nunit.engine.core.dll'.
TpTrace Information: 0 : 1352, 5, 2024/01/08, 14:15:44.411, 1856859052529, testhost.dll, AssemblyResolver.OnResolve: Resolved assembly: nunit.engine.core, from path: C:\Users\Guarizzo\Documents\Cursos\Neo4j\app-dotnet\Neoflix.Challenges\bin\Debug\net6.0\fine-code-coverage\build-output\nunit.engine.core.dll
TpTrace Information: 0 : 1352, 5, 2024/01/08, 14:15:44.426, 1856859203302, testhost.dll, NUnit Adapter 4.0.0.0: Test execution started
TpTrace Verbose: 0 : 1352, 5, 2024/01/08, 14:15:44.427, 1856859207319, testhost.dll, TestRequestHandler.SendData:  sending data from testhost: {"Version":5,"MessageType":"TestSession.Message","Payload":{"MessageLevel":0,"Message":"NUnit Adapter 4.0.0.0: Test execution started"}}
TpTrace Information: 0 : 1352, 5, 2024/01/08, 14:15:44.479, 1856859726875, testhost.dll, Running all tests in C:\Users\Guarizzo\Documents\Cursos\Neo4j\app-dotnet\Neoflix.Challenges\bin\Debug\net6.0\fine-code-coverage\build-output\Neoflix.Challenges.dll
TpTrace Verbose: 0 : 1352, 5, 2024/01/08, 14:15:44.479, 1856859729709, testhost.dll, TestRequestHandler.SendData:  sending data from testhost: {"Version":5,"MessageType":"TestSession.Message","Payload":{"MessageLevel":0,"Message":"Running all tests in C:\\Users\\Guarizzo\\Documents\\Cursos\\Neo4j\\app-dotnet\\Neoflix.Challenges\\bin\\Debug\\net6.0\\fine-code-coverage\\build-output\\Neoflix.Challenges.dll"}}
TpTrace Information: 0 : 1352, 5, 2024/01/08, 14:15:44.491, 1856859851270, testhost.dll, AssemblyResolver.OnResolve: testcentric.engine.metadata: Resolving assembly.
TpTrace Information: 0 : 1352, 5, 2024/01/08, 14:15:44.491, 1856859853259, testhost.dll, AssemblyResolver.OnResolve: testcentric.engine.metadata: Searching in: 'C:\Users\Guarizzo\Documents\Cursos\Neo4j\app-dotnet\Neoflix.Challenges\bin\Debug\net6.0\fine-code-coverage\build-output'.
TpTrace Information: 0 : 1352, 5, 2024/01/08, 14:15:44.492, 1856859858501, testhost.dll, AssemblyResolver.OnResolve: testcentric.engine.metadata: Loading assembly 'C:\Users\Guarizzo\Documents\Cursos\Neo4j\app-dotnet\Neoflix.Challenges\bin\Debug\net6.0\fine-code-coverage\build-output\testcentric.engine.metadata.dll'.
TpTrace Information: 0 : 1352, 5, 2024/01/08, 14:15:44.495, 1856859890918, testhost.dll, AssemblyResolver.OnResolve: Resolved assembly: testcentric.engine.metadata, from path: C:\Users\Guarizzo\Documents\Cursos\Neo4j\app-dotnet\Neoflix.Challenges\bin\Debug\net6.0\fine-code-coverage\build-output\testcentric.engine.metadata.dll
TpTrace Verbose: 0 : 1352, 12, 2024/01/08, 14:15:45.215, 1856867090680, testhost.dll, TcpClientExtensions.MessageLoopAsync: Polling on remoteEndPoint: [::ffff:127.0.0.1]:60427 localEndPoint: [::ffff:127.0.0.1]:60428
TpTrace Information: 0 : 1352, 5, 2024/01/08, 14:15:45.804, 1856872978510, testhost.dll,    NUnit3TestExecutor discovered 31 of 31 NUnit test cases using Current Discovery mode, Non-Explicit run
TpTrace Verbose: 0 : 1352, 5, 2024/01/08, 14:15:45.804, 1856872981419, testhost.dll, TestRequestHandler.SendData:  sending data from testhost: {"Version":5,"MessageType":"TestSession.Message","Payload":{"MessageLevel":0,"Message":"   NUnit3TestExecutor discovered 31 of 31 NUnit test cases using Current Discovery mode, Non-Explicit run"}}
TpTrace Verbose: 0 : 1352, 16, 2024/01/08, 14:15:45.863, 1856873572916, testhost.dll, TestExecutionRecorder.RecordStart: Starting test: Neoflix.Challenges._01_ConnectToNeo4j.InitDriverAsync_should_create_driver_and_connect_to_server.
TpTrace Information: 0 : 1352, 16, 2024/01/08, 14:15:45.867, 1856873608601, testhost.dll, Sending test run statistics
TpTrace Verbose: 0 : 1352, 12, 2024/01/08, 14:15:46.222, 1856877163400, testhost.dll, TcpClientExtensions.MessageLoopAsync: Polling on remoteEndPoint: [::ffff:127.0.0.1]:60427 localEndPoint: [::ffff:127.0.0.1]:60428
TpTrace Verbose: 0 : 1352, 16, 2024/01/08, 14:15:47.021, 1856885154027, testhost.dll, TestRequestHandler.SendData:  sending data from testhost: {"Version":5,"MessageType":"TestExecution.StatsChange","Payload":{"NewTestResults":[],"TestRunStatistics":{"ExecutedTests":0,"Stats":{}},"ActiveTests":[{"Id":"0d5eb93c-c854-c468-eda6-12434fe8295d","FullyQualifiedName":"Neoflix.Challenges._01_ConnectToNeo4j.InitDriverAsync_should_create_driver_and_connect_to_server","DisplayName":"InitDriverAsync_should_create_driver_and_connect_to_server","ExecutorUri":"executor://NUnit3TestExecutor","Source":"C:\\Users\\Guarizzo\\Documents\\Cursos\\Neo4j\\app-dotnet\\Neoflix.Challenges\\bin\\Debug\\net6.0\\fine-code-coverage\\build-output\\Neoflix.Challenges.dll","CodeFilePath":null,"LineNumber":0,"Properties":[{"Key":{"Id":"NUnit.Seed","Label":"Seed","Category":"","Description":"","Attributes":0,"ValueType":"System.String"},"Value":"1433889878"}]}]}}
TpTrace Verbose: 0 : 1352, 16, 2024/01/08, 14:15:47.022, 1856885158856, testhost.dll, TestRunCache: OnNewTestResult: Notified the onCacheHit callback.
TpTrace Verbose: 0 : 1352, 16, 2024/01/08, 14:15:47.084, 1856885778856, testhost.dll, TestExecutionRecorder.RecordEnd: test: Neoflix.Challenges._01_ConnectToNeo4j.InitDriverAsync_should_create_driver_and_connect_to_server execution completed.
TpTrace Warning: 0 : 1352, 16, 2024/01/08, 14:15:47.085, 1856885785066, testhost.dll, TestRunCache: InProgressTests is null
TpTrace Verbose: 0 : 1352, 16, 2024/01/08, 14:15:47.103, 1856885965423, testhost.dll, TestExecutionRecorder.RecordResult: Received result for test: Neoflix.Challenges._01_ConnectToNeo4j.InitDriverAsync_should_create_driver_and_connect_to_server.
TpTrace Warning: 0 : 1352, 16, 2024/01/08, 14:15:47.109, 1856886026787, testhost.dll, TestRunCache: InProgressTests is null
TpTrace Warning: 0 : 1352, 16, 2024/01/08, 14:15:47.109, 1856886030115, testhost.dll, TestRunCache: No test found corresponding to testResult 'InitDriverAsync_should_create_driver_and_connect_to_server' in inProgress list.
TpTrace Verbose: 0 : 1352, 16, 2024/01/08, 14:15:47.109, 1856886032717, testhost.dll, TestExecutionRecorder.RecordStart: Starting test: Neoflix.Challenges._01_ConnectToNeo4j.Driver_should_have_been_instantiated.
TpTrace Verbose: 0 : 1352, 16, 2024/01/08, 14:15:47.114, 1856886074908, testhost.dll, TestExecutionRecorder.RecordEnd: test: Neoflix.Challenges._01_ConnectToNeo4j.Driver_should_have_been_instantiated execution completed.
TpTrace Verbose: 0 : 1352, 16, 2024/01/08, 14:15:47.117, 1856886112998, testhost.dll, TestExecutionRecorder.RecordResult: Received result for test: Neoflix.Challenges._01_ConnectToNeo4j.Driver_should_have_been_instantiated.
TpTrace Warning: 0 : 1352, 16, 2024/01/08, 14:15:47.118, 1856886116060, testhost.dll, TestRunCache: InProgressTests is null
TpTrace Warning: 0 : 1352, 16, 2024/01/08, 14:15:47.118, 1856886117210, testhost.dll, TestRunCache: No test found corresponding to testResult 'Driver_should_have_been_instantiated' in inProgress list.
TpTrace Verbose: 0 : 1352, 16, 2024/01/08, 14:15:47.118, 1856886119209, testhost.dll, TestExecutionRecorder.RecordStart: Starting test: Neoflix.Challenges._01_ConnectToNeo4j.Driver_should_be_able_to_verify_connectivity.
TpTrace Verbose: 0 : 1352, 12, 2024/01/08, 14:15:47.236, 1856887302132, testhost.dll, TcpClientExtensions.MessageLoopAsync: Polling on remoteEndPoint: [::ffff:127.0.0.1]:60427 localEndPoint: [::ffff:127.0.0.1]:60428
TpTrace Verbose: 0 : 1352, 16, 2024/01/08, 14:15:48.238, 1856897315406, testhost.dll, TestExecutionRecorder.RecordEnd: test: Neoflix.Challenges._01_ConnectToNeo4j.Driver_should_be_able_to_verify_connectivity execution completed.
TpTrace Verbose: 0 : 1352, 16, 2024/01/08, 14:15:48.241, 1856897349104, testhost.dll, TestExecutionRecorder.RecordResult: Received result for test: Neoflix.Challenges._01_ConnectToNeo4j.Driver_should_be_able_to_verify_connectivity.
TpTrace Warning: 0 : 1352, 16, 2024/01/08, 14:15:48.241, 1856897351951, testhost.dll, TestRunCache: InProgressTests is null
TpTrace Warning: 0 : 1352, 16, 2024/01/08, 14:15:48.241, 1856897353822, testhost.dll, TestRunCache: No test found corresponding to testResult 'Driver_should_be_able_to_verify_connectivity' in inProgress list.
TpTrace Verbose: 0 : 1352, 12, 2024/01/08, 14:15:48.248, 1856897419227, testhost.dll, TcpClientExtensions.MessageLoopAsync: Polling on remoteEndPoint: [::ffff:127.0.0.1]:60427 localEndPoint: [::ffff:127.0.0.1]:60428
TpTrace Verbose: 0 : 1352, 16, 2024/01/08, 14:15:48.263, 1856897572351, testhost.dll, TestExecutionRecorder.RecordStart: Starting test: Neoflix.Challenges._02_MovieList.AllAsync_should_apply_order_skip_and_limit.
TpTrace Information: 0 : 1352, 10, 2024/01/08, 14:15:48.546, 1856900398736, testhost.dll, Sending test run statistics
TpTrace Verbose: 0 : 1352, 10, 2024/01/08, 14:15:48.565, 1856900591032, testhost.dll, TestRequestHandler.SendData:  sending data from testhost: {"Version":5,"MessageType":"TestExecution.StatsChange","Payload":{"NewTestResults":[{"TestCase":{"Id":"0d5eb93c-c854-c468-eda6-12434fe8295d","FullyQualifiedName":"Neoflix.Challenges._01_ConnectToNeo4j.InitDriverAsync_should_create_driver_and_connect_to_server","DisplayName":"InitDriverAsync_should_create_driver_and_connect_to_server","ExecutorUri":"executor://NUnit3TestExecutor","Source":"C:\\Users\\Guarizzo\\Documents\\Cursos\\Neo4j\\app-dotnet\\Neoflix.Challenges\\bin\\Debug\\net6.0\\fine-code-coverage\\build-output\\Neoflix.Challenges.dll","CodeFilePath":null,"LineNumber":0,"Properties":[{"Key":{"Id":"NUnit.Seed","Label":"Seed","Category":"","Description":"","Attributes":0,"ValueType":"System.String"},"Value":"1433889878"}]},"Attachments":[],"Outcome":1,"ErrorMessage":null,"ErrorStackTrace":null,"DisplayName":"InitDriverAsync_should_create_driver_and_connect_to_server","Messages":[],"ComputerName":"DESKTOP-MNADO4H","Duration":"00:00:01.2009590","StartTime":"2024-01-08T17:15:45.8606359+00:00","EndTime":"2024-01-08T17:15:47.0613599+00:00","Properties":[{"Key":{"Id":"NUnit.Seed","Label":"Seed","Category":"","Description":"","Attributes":0,"ValueType":"System.String"},"Value":"1433889878"}]},{"TestCase":{"Id":"9d5b3ea5-b095-79c0-5697-3c51a8ae8d9e","FullyQualifiedName":"Neoflix.Challenges._01_ConnectToNeo4j.Driver_should_have_been_instantiated","DisplayName":"Driver_should_have_been_instantiated","ExecutorUri":"executor://NUnit3TestExecutor","Source":"C:\\Users\\Guarizzo\\Documents\\Cursos\\Neo4j\\app-dotnet\\Neoflix.Challenges\\bin\\Debug\\net6.0\\fine-code-coverage\\build-output\\Neoflix.Challenges.dll","CodeFilePath":null,"LineNumber":0,"Properties":[{"Key":{"Id":"NUnit.Seed","Label":"Seed","Category":"","Description":"","Attributes":0,"ValueType":"System.String"},"Value":"1989779883"}]},"Attachments":[],"Outcome":1,"ErrorMessage":null,"ErrorStackTrace":null,"DisplayName":"Driver_should_have_been_instantiated","Messages":[],"ComputerName":"DESKTOP-MNADO4H","Duration":"00:00:00.0006930","StartTime":"2024-01-08T17:15:47.065301+00:00","EndTime":"2024-01-08T17:15:47.0659945+00:00","Properties":[{"Key":{"Id":"NUnit.Seed","Label":"Seed","Category":"","Description":"","Attributes":0,"ValueType":"System.String"},"Value":"1989779883"}]},{"TestCase":{"Id":"05d19a4b-196c-d96d-2e43-d2387b07b3ab","FullyQualifiedName":"Neoflix.Challenges._01_ConnectToNeo4j.Driver_should_be_able_to_verify_connectivity","DisplayName":"Driver_should_be_able_to_verify_connectivity","ExecutorUri":"executor://NUnit3TestExecutor","Source":"C:\\Users\\Guarizzo\\Documents\\Cursos\\Neo4j\\app-dotnet\\Neoflix.Challenges\\bin\\Debug\\net6.0\\fine-code-coverage\\build-output\\Neoflix.Challenges.dll","CodeFilePath":null,"LineNumber":0,"Properties":[{"Key":{"Id":"NUnit.Seed","Label":"Seed","Category":"","Description":"","Attributes":0,"ValueType":"System.String"},"Value":"1038554367"}]},"Attachments":[],"Outcome":1,"ErrorMessage":null,"ErrorStackTrace":null,"DisplayName":"Driver_should_be_able_to_verify_connectivity","Messages":[],"ComputerName":"DESKTOP-MNADO4H","Duration":"00:00:01.1716160","StartTime":"2024-01-08T17:15:47.0660719+00:00","EndTime":"2024-01-08T17:15:48.2376872+00:00","Properties":[{"Key":{"Id":"NUnit.Seed","Label":"Seed","Category":"","Description":"","Attributes":0,"ValueType":"System.String"},"Value":"1038554367"}]}],"TestRunStatistics":{"ExecutedTests":3,"Stats":{"Passed":3}},"ActiveTests":[{"Id":"e7aada80-9582-6d75-ed99-fbd39b3f8896","FullyQualifiedName":"Neoflix.Challenges._02_MovieList.AllAsync_should_apply_order_skip_and_limit","DisplayName":"AllAsync_should_apply_order_skip_and_limit","ExecutorUri":"executor://NUnit3TestExecutor","Source":"C:\\Users\\Guarizzo\\Documents\\Cursos\\Neo4j\\app-dotnet\\Neoflix.Challenges\\bin\\Debug\\net6.0\\fine-code-coverage\\build-output\\Neoflix.Challenges.dll","CodeFilePath":null,"LineNumber":0,"Properties":[{"Key":{"Id":"NUnit.Seed","Label":"Seed","Category":"","Description":"","Attributes":0,"ValueType":"System.String"},"Value":"1385528017"}]}]}}
TpTrace Verbose: 0 : 1352, 10, 2024/01/08, 14:15:48.566, 1856900596460, testhost.dll, TestRunCache: OnNewTestResult: Notified the onCacheHit callback.
TpTrace Verbose: 0 : 1352, 12, 2024/01/08, 14:15:49.250, 1856907439554, testhost.dll, TcpClientExtensions.MessageLoopAsync: Polling on remoteEndPoint: [::ffff:127.0.0.1]:60427 localEndPoint: [::ffff:127.0.0.1]:60428
TpTrace Verbose: 0 : 1352, 12, 2024/01/08, 14:15:50.252, 1856917463880, testhost.dll, TcpClientExtensions.MessageLoopAsync: Polling on remoteEndPoint: [::ffff:127.0.0.1]:60427 localEndPoint: [::ffff:127.0.0.1]:60428
TpTrace Verbose: 0 : 1352, 16, 2024/01/08, 14:15:50.421, 1856919147841, testhost.dll, TestExecutionRecorder.RecordEnd: test: Neoflix.Challenges._02_MovieList.AllAsync_should_apply_order_skip_and_limit execution completed.
TpTrace Warning: 0 : 1352, 16, 2024/01/08, 14:15:50.421, 1856919149899, testhost.dll, TestRunCache: InProgressTests is null
TpTrace Verbose: 0 : 1352, 16, 2024/01/08, 14:15:50.423, 1856919171733, testhost.dll, TestExecutionRecorder.RecordResult: Received result for test: Neoflix.Challenges._02_MovieList.AllAsync_should_apply_order_skip_and_limit.
TpTrace Warning: 0 : 1352, 16, 2024/01/08, 14:15:50.424, 1856919174092, testhost.dll, TestRunCache: InProgressTests is null
TpTrace Warning: 0 : 1352, 16, 2024/01/08, 14:15:50.424, 1856919175175, testhost.dll, TestRunCache: No test found corresponding to testResult 'AllAsync_should_apply_order_skip_and_limit' in inProgress list.
TpTrace Verbose: 0 : 1352, 16, 2024/01/08, 14:15:50.424, 1856919176962, testhost.dll, TestExecutionRecorder.RecordStart: Starting test: Neoflix.Challenges._02_MovieList.AllAsync_should_order_movies_by_rating.
TpTrace Information: 0 : 1352, 16, 2024/01/08, 14:15:50.424, 1856919178216, testhost.dll, Sending test run statistics
TpTrace Verbose: 0 : 1352, 16, 2024/01/08, 14:15:50.425, 1856919186285, testhost.dll, TestRequestHandler.SendData:  sending data from testhost: {"Version":5,"MessageType":"TestExecution.StatsChange","Payload":{"NewTestResults":[{"TestCase":{"Id":"e7aada80-9582-6d75-ed99-fbd39b3f8896","FullyQualifiedName":"Neoflix.Challenges._02_MovieList.AllAsync_should_apply_order_skip_and_limit","DisplayName":"AllAsync_should_apply_order_skip_and_limit","ExecutorUri":"executor://NUnit3TestExecutor","Source":"C:\\Users\\Guarizzo\\Documents\\Cursos\\Neo4j\\app-dotnet\\Neoflix.Challenges\\bin\\Debug\\net6.0\\fine-code-coverage\\build-output\\Neoflix.Challenges.dll","CodeFilePath":null,"LineNumber":0,"Properties":[{"Key":{"Id":"NUnit.Seed","Label":"Seed","Category":"","Description":"","Attributes":0,"ValueType":"System.String"},"Value":"1385528017"}]},"Attachments":[],"Outcome":1,"ErrorMessage":null,"ErrorStackTrace":null,"DisplayName":"AllAsync_should_apply_order_skip_and_limit","Messages":[],"ComputerName":"DESKTOP-MNADO4H","Duration":"00:00:02.1573540","StartTime":"2024-01-08T17:15:48.2637129+00:00","EndTime":"2024-01-08T17:15:50.4210672+00:00","Properties":[{"Key":{"Id":"NUnit.Seed","Label":"Seed","Category":"","Description":"","Attributes":0,"ValueType":"System.String"},"Value":"1385528017"}]}],"TestRunStatistics":{"ExecutedTests":4,"Stats":{"Passed":4}},"ActiveTests":[{"Id":"0a89adb1-81d2-771f-e3b6-8c90ba4ab941","FullyQualifiedName":"Neoflix.Challenges._02_MovieList.AllAsync_should_order_movies_by_rating","DisplayName":"AllAsync_should_order_movies_by_rating","ExecutorUri":"executor://NUnit3TestExecutor","Source":"C:\\Users\\Guarizzo\\Documents\\Cursos\\Neo4j\\app-dotnet\\Neoflix.Challenges\\bin\\Debug\\net6.0\\fine-code-coverage\\build-output\\Neoflix.Challenges.dll","CodeFilePath":null,"LineNumber":0,"Properties":[{"Key":{"Id":"NUnit.Seed","Label":"Seed","Category":"","Description":"","Attributes":0,"ValueType":"System.String"},"Value":"1595412418"}]}]}}
TpTrace Verbose: 0 : 1352, 16, 2024/01/08, 14:15:50.425, 1856919189185, testhost.dll, TestRunCache: OnNewTestResult: Notified the onCacheHit callback.
TpTrace Information: 0 : 1352, 16, 2024/01/08, 14:15:51.224, 1856927182754, testhost.dll, Here is the answer to the quiz question on the lesson:
What is the title of the highest rated movie in the recommendations dataset?
Copy and paste the following answer into the text box: Band of Brothers


TpTrace Verbose: 0 : 1352, 16, 2024/01/08, 14:15:51.225, 1856927185473, testhost.dll, TestRequestHandler.SendData:  sending data from testhost: {"Version":5,"MessageType":"TestSession.Message","Payload":{"MessageLevel":0,"Message":"Here is the answer to the quiz question on the lesson:\r\nWhat is the title of the highest rated movie in the recommendations dataset?\r\nCopy and paste the following answer into the text box: Band of Brothers\r\n\r\n"}}
TpTrace Verbose: 0 : 1352, 16, 2024/01/08, 14:15:51.225, 1856927188191, testhost.dll, TestExecutionRecorder.RecordEnd: test: Neoflix.Challenges._02_MovieList.AllAsync_should_order_movies_by_rating execution completed.
TpTrace Warning: 0 : 1352, 16, 2024/01/08, 14:15:51.225, 1856927190047, testhost.dll, TestRunCache: InProgressTests is null
TpTrace Verbose: 0 : 1352, 16, 2024/01/08, 14:15:51.227, 1856927210045, testhost.dll, TestExecutionRecorder.RecordResult: Received result for test: Neoflix.Challenges._02_MovieList.AllAsync_should_order_movies_by_rating.
TpTrace Warning: 0 : 1352, 16, 2024/01/08, 14:15:51.227, 1856927212017, testhost.dll, TestRunCache: InProgressTests is null
TpTrace Warning: 0 : 1352, 16, 2024/01/08, 14:15:51.227, 1856927212993, testhost.dll, TestRunCache: No test found corresponding to testResult 'AllAsync_should_order_movies_by_rating' in inProgress list.
TpTrace Verbose: 0 : 1352, 12, 2024/01/08, 14:15:51.260, 1856927534124, testhost.dll, TcpClientExtensions.MessageLoopAsync: Polling on remoteEndPoint: [::ffff:127.0.0.1]:60427 localEndPoint: [::ffff:127.0.0.1]:60428
TpTrace Information: 0 : 1352, 10, 2024/01/08, 14:15:51.929, 1856934226562, testhost.dll, Sending test run statistics
TpTrace Verbose: 0 : 1352, 10, 2024/01/08, 14:15:51.931, 1856934248889, testhost.dll, TestRequestHandler.SendData:  sending data from testhost: {"Version":5,"MessageType":"TestExecution.StatsChange","Payload":{"NewTestResults":[{"TestCase":{"Id":"0a89adb1-81d2-771f-e3b6-8c90ba4ab941","FullyQualifiedName":"Neoflix.Challenges._02_MovieList.AllAsync_should_order_movies_by_rating","DisplayName":"AllAsync_should_order_movies_by_rating","ExecutorUri":"executor://NUnit3TestExecutor","Source":"C:\\Users\\Guarizzo\\Documents\\Cursos\\Neo4j\\app-dotnet\\Neoflix.Challenges\\bin\\Debug\\net6.0\\fine-code-coverage\\build-output\\Neoflix.Challenges.dll","CodeFilePath":null,"LineNumber":0,"Properties":[{"Key":{"Id":"NUnit.Seed","Label":"Seed","Category":"","Description":"","Attributes":0,"ValueType":"System.String"},"Value":"1595412418"}]},"Attachments":[],"Outcome":1,"ErrorMessage":null,"ErrorStackTrace":null,"DisplayName":"AllAsync_should_order_movies_by_rating","Messages":[{"Category":"StdOutMsgs","Text":"Here is the answer to the quiz question on the lesson:\r\nWhat is the title of the highest rated movie in the recommendations dataset?\r\nCopy and paste the following answer into the text box: Band of Brothers\r\n\r\n"}],"ComputerName":"DESKTOP-MNADO4H","Duration":"00:00:00.8022840","StartTime":"2024-01-08T17:15:50.4211169+00:00","EndTime":"2024-01-08T17:15:51.2234006+00:00","Properties":[{"Key":{"Id":"NUnit.Seed","Label":"Seed","Category":"","Description":"","Attributes":0,"ValueType":"System.String"},"Value":"1595412418"}]}],"TestRunStatistics":{"ExecutedTests":5,"Stats":{"Passed":5}},"ActiveTests":[]}}
TpTrace Verbose: 0 : 1352, 10, 2024/01/08, 14:15:51.932, 1856934255053, testhost.dll, TestRunCache: OnNewTestResult: Notified the onCacheHit callback.
TpTrace Verbose: 0 : 1352, 12, 2024/01/08, 14:15:52.270, 1856937634870, testhost.dll, TcpClientExtensions.MessageLoopAsync: Polling on remoteEndPoint: [::ffff:127.0.0.1]:60427 localEndPoint: [::ffff:127.0.0.1]:60428
TpTrace Verbose: 0 : 1352, 16, 2024/01/08, 14:15:52.440, 1856939341481, testhost.dll, TestExecutionRecorder.RecordStart: Starting test: Neoflix.Challenges._03_RegisterUsers.RegisterAsync_should_register_a_user.
TpTrace Verbose: 0 : 1352, 12, 2024/01/08, 14:15:53.284, 1856947778076, testhost.dll, TcpClientExtensions.MessageLoopAsync: Polling on remoteEndPoint: [::ffff:127.0.0.1]:60427 localEndPoint: [::ffff:127.0.0.1]:60428
TpTrace Information: 0 : 1352, 10, 2024/01/08, 14:15:53.440, 1856949337806, testhost.dll, Sending test run statistics
TpTrace Verbose: 0 : 1352, 10, 2024/01/08, 14:15:53.440, 1856949341130, testhost.dll, TestRequestHandler.SendData:  sending data from testhost: {"Version":5,"MessageType":"TestExecution.StatsChange","Payload":{"NewTestResults":[],"TestRunStatistics":{"ExecutedTests":5,"Stats":{"Passed":5}},"ActiveTests":[{"Id":"c428e537-3f9b-1952-c7b8-785887839185","FullyQualifiedName":"Neoflix.Challenges._03_RegisterUsers.RegisterAsync_should_register_a_user","DisplayName":"RegisterAsync_should_register_a_user","ExecutorUri":"executor://NUnit3TestExecutor","Source":"C:\\Users\\Guarizzo\\Documents\\Cursos\\Neo4j\\app-dotnet\\Neoflix.Challenges\\bin\\Debug\\net6.0\\fine-code-coverage\\build-output\\Neoflix.Challenges.dll","CodeFilePath":null,"LineNumber":0,"Properties":[{"Key":{"Id":"NUnit.Seed","Label":"Seed","Category":"","Description":"","Attributes":0,"ValueType":"System.String"},"Value":"1630072591"}]}]}}
TpTrace Verbose: 0 : 1352, 10, 2024/01/08, 14:15:53.440, 1856949343702, testhost.dll, TestRunCache: OnNewTestResult: Notified the onCacheHit callback.
TpTrace Verbose: 0 : 1352, 12, 2024/01/08, 14:15:54.297, 1856957908823, testhost.dll, TcpClientExtensions.MessageLoopAsync: Polling on remoteEndPoint: [::ffff:127.0.0.1]:60427 localEndPoint: [::ffff:127.0.0.1]:60428
TpTrace Verbose: 0 : 1352, 16, 2024/01/08, 14:15:54.371, 1856958647677, testhost.dll, TestExecutionRecorder.RecordEnd: test: Neoflix.Challenges._03_RegisterUsers.RegisterAsync_should_register_a_user execution completed.
TpTrace Warning: 0 : 1352, 16, 2024/01/08, 14:15:54.371, 1856958651608, testhost.dll, TestRunCache: InProgressTests is null
TpTrace Verbose: 0 : 1352, 16, 2024/01/08, 14:15:54.383, 1856958771530, testhost.dll, TestExecutionRecorder.RecordResult: Received result for test: Neoflix.Challenges._03_RegisterUsers.RegisterAsync_should_register_a_user.
TpTrace Warning: 0 : 1352, 16, 2024/01/08, 14:15:54.384, 1856958776892, testhost.dll, TestRunCache: InProgressTests is null
TpTrace Warning: 0 : 1352, 16, 2024/01/08, 14:15:54.384, 1856958779486, testhost.dll, TestRunCache: No test found corresponding to testResult 'RegisterAsync_should_register_a_user' in inProgress list.
TpTrace Verbose: 0 : 1352, 16, 2024/01/08, 14:15:54.385, 1856958786738, testhost.dll, TestExecutionRecorder.RecordStart: Starting test: Neoflix.Challenges._04_HandleConstraintErrors.Should_find_a_unique_constraint.
TpTrace Information: 0 : 1352, 10, 2024/01/08, 14:15:54.949, 1856964424790, testhost.dll, Sending test run statistics
TpTrace Verbose: 0 : 1352, 10, 2024/01/08, 14:15:54.949, 1856964433383, testhost.dll, TestRequestHandler.SendData:  sending data from testhost: {"Version":5,"MessageType":"TestExecution.StatsChange","Payload":{"NewTestResults":[{"TestCase":{"Id":"c428e537-3f9b-1952-c7b8-785887839185","FullyQualifiedName":"Neoflix.Challenges._03_RegisterUsers.RegisterAsync_should_register_a_user","DisplayName":"RegisterAsync_should_register_a_user","ExecutorUri":"executor://NUnit3TestExecutor","Source":"C:\\Users\\Guarizzo\\Documents\\Cursos\\Neo4j\\app-dotnet\\Neoflix.Challenges\\bin\\Debug\\net6.0\\fine-code-coverage\\build-output\\Neoflix.Challenges.dll","CodeFilePath":null,"LineNumber":0,"Properties":[{"Key":{"Id":"NUnit.Seed","Label":"Seed","Category":"","Description":"","Attributes":0,"ValueType":"System.String"},"Value":"1630072591"}]},"Attachments":[],"Outcome":1,"ErrorMessage":null,"ErrorStackTrace":null,"DisplayName":"RegisterAsync_should_register_a_user","Messages":[],"ComputerName":"DESKTOP-MNADO4H","Duration":"00:00:01.9302940","StartTime":"2024-01-08T17:15:52.4405213+00:00","EndTime":"2024-01-08T17:15:54.3708156+00:00","Properties":[{"Key":{"Id":"NUnit.Seed","Label":"Seed","Category":"","Description":"","Attributes":0,"ValueType":"System.String"},"Value":"1630072591"}]}],"TestRunStatistics":{"ExecutedTests":6,"Stats":{"Passed":6}},"ActiveTests":[{"Id":"a76a4040-b44d-eff3-8134-5aed61d15bd8","FullyQualifiedName":"Neoflix.Challenges._04_HandleConstraintErrors.Should_find_a_unique_constraint","DisplayName":"Should_find_a_unique_constraint","ExecutorUri":"executor://NUnit3TestExecutor","Source":"C:\\Users\\Guarizzo\\Documents\\Cursos\\Neo4j\\app-dotnet\\Neoflix.Challenges\\bin\\Debug\\net6.0\\fine-code-coverage\\build-output\\Neoflix.Challenges.dll","CodeFilePath":null,"LineNumber":0,"Properties":[{"Key":{"Id":"NUnit.Seed","Label":"Seed","Category":"","Description":"","Attributes":0,"ValueType":"System.String"},"Value":"901243102"}]}]}}
TpTrace Verbose: 0 : 1352, 10, 2024/01/08, 14:15:54.950, 1856964440142, testhost.dll, TestRunCache: OnNewTestResult: Notified the onCacheHit callback.
TpTrace Verbose: 0 : 1352, 12, 2024/01/08, 14:15:55.302, 1856967956720, testhost.dll, TcpClientExtensions.MessageLoopAsync: Polling on remoteEndPoint: [::ffff:127.0.0.1]:60427 localEndPoint: [::ffff:127.0.0.1]:60428
TpTrace Verbose: 0 : 1352, 16, 2024/01/08, 14:15:55.596, 1856970897103, testhost.dll, TestExecutionRecorder.RecordEnd: test: Neoflix.Challenges._04_HandleConstraintErrors.Should_find_a_unique_constraint execution completed.
TpTrace Warning: 0 : 1352, 16, 2024/01/08, 14:15:55.596, 1856970899011, testhost.dll, TestRunCache: InProgressTests is null
TpTrace Verbose: 0 : 1352, 16, 2024/01/08, 14:15:55.598, 1856970920198, testhost.dll, TestExecutionRecorder.RecordResult: Received result for test: Neoflix.Challenges._04_HandleConstraintErrors.Should_find_a_unique_constraint.
TpTrace Warning: 0 : 1352, 16, 2024/01/08, 14:15:55.598, 1856970922509, testhost.dll, TestRunCache: InProgressTests is null
TpTrace Warning: 0 : 1352, 16, 2024/01/08, 14:15:55.598, 1856970923797, testhost.dll, TestRunCache: No test found corresponding to testResult 'Should_find_a_unique_constraint' in inProgress list.
TpTrace Verbose: 0 : 1352, 16, 2024/01/08, 14:15:55.599, 1856970926036, testhost.dll, TestExecutionRecorder.RecordStart: Starting test: Neoflix.Challenges._04_HandleConstraintErrors.Should_throw_a_ValidationException_when_email_already_exists.
TpTrace Verbose: 0 : 1352, 12, 2024/01/08, 14:15:56.307, 1856978012941, testhost.dll, TcpClientExtensions.MessageLoopAsync: Polling on remoteEndPoint: [::ffff:127.0.0.1]:60427 localEndPoint: [::ffff:127.0.0.1]:60428
TpTrace Information: 0 : 1352, 13, 2024/01/08, 14:15:56.463, 1856979572638, testhost.dll, Sending test run statistics
TpTrace Verbose: 0 : 1352, 13, 2024/01/08, 14:15:56.464, 1856979579049, testhost.dll, TestRequestHandler.SendData:  sending data from testhost: {"Version":5,"MessageType":"TestExecution.StatsChange","Payload":{"NewTestResults":[{"TestCase":{"Id":"a76a4040-b44d-eff3-8134-5aed61d15bd8","FullyQualifiedName":"Neoflix.Challenges._04_HandleConstraintErrors.Should_find_a_unique_constraint","DisplayName":"Should_find_a_unique_constraint","ExecutorUri":"executor://NUnit3TestExecutor","Source":"C:\\Users\\Guarizzo\\Documents\\Cursos\\Neo4j\\app-dotnet\\Neoflix.Challenges\\bin\\Debug\\net6.0\\fine-code-coverage\\build-output\\Neoflix.Challenges.dll","CodeFilePath":null,"LineNumber":0,"Properties":[{"Key":{"Id":"NUnit.Seed","Label":"Seed","Category":"","Description":"","Attributes":0,"ValueType":"System.String"},"Value":"901243102"}]},"Attachments":[],"Outcome":1,"ErrorMessage":null,"ErrorStackTrace":null,"DisplayName":"Should_find_a_unique_constraint","Messages":[],"ComputerName":"DESKTOP-MNADO4H","Duration":"00:00:01.2129400","StartTime":"2024-01-08T17:15:54.3830576+00:00","EndTime":"2024-01-08T17:15:55.5959982+00:00","Properties":[{"Key":{"Id":"NUnit.Seed","Label":"Seed","Category":"","Description":"","Attributes":0,"ValueType":"System.String"},"Value":"901243102"}]}],"TestRunStatistics":{"ExecutedTests":7,"Stats":{"Passed":7}},"ActiveTests":[{"Id":"502abebe-c53a-1928-bd4e-bc770ba144af","FullyQualifiedName":"Neoflix.Challenges._04_HandleConstraintErrors.Should_throw_a_ValidationException_when_email_already_exists","DisplayName":"Should_throw_a_ValidationException_when_email_already_exists","ExecutorUri":"executor://NUnit3TestExecutor","Source":"C:\\Users\\Guarizzo\\Documents\\Cursos\\Neo4j\\app-dotnet\\Neoflix.Challenges\\bin\\Debug\\net6.0\\fine-code-coverage\\build-output\\Neoflix.Challenges.dll","CodeFilePath":null,"LineNumber":0,"Properties":[{"Key":{"Id":"NUnit.Seed","Label":"Seed","Category":"","Description":"","Attributes":0,"ValueType":"System.String"},"Value":"1018344001"}]}]}}
TpTrace Verbose: 0 : 1352, 13, 2024/01/08, 14:15:56.464, 1856979583574, testhost.dll, TestRunCache: OnNewTestResult: Notified the onCacheHit callback.
TpTrace Verbose: 0 : 1352, 12, 2024/01/08, 14:15:57.321, 1856988151899, testhost.dll, TcpClientExtensions.MessageLoopAsync: Polling on remoteEndPoint: [::ffff:127.0.0.1]:60427 localEndPoint: [::ffff:127.0.0.1]:60428
TpTrace Verbose: 0 : 1352, 16, 2024/01/08, 14:15:57.353, 1856988467898, testhost.dll, TestExecutionRecorder.RecordEnd: test: Neoflix.Challenges._04_HandleConstraintErrors.Should_throw_a_ValidationException_when_email_already_exists execution completed.
TpTrace Warning: 0 : 1352, 16, 2024/01/08, 14:15:57.353, 1856988469998, testhost.dll, TestRunCache: InProgressTests is null
TpTrace Verbose: 0 : 1352, 16, 2024/01/08, 14:15:57.356, 1856988495029, testhost.dll, TestExecutionRecorder.RecordResult: Received result for test: Neoflix.Challenges._04_HandleConstraintErrors.Should_throw_a_ValidationException_when_email_already_exists.
TpTrace Warning: 0 : 1352, 16, 2024/01/08, 14:15:57.356, 1856988497673, testhost.dll, TestRunCache: InProgressTests is null
TpTrace Warning: 0 : 1352, 16, 2024/01/08, 14:15:57.356, 1856988499145, testhost.dll, TestRunCache: No test found corresponding to testResult 'Should_throw_a_ValidationException_when_email_already_exists' in inProgress list.
TpTrace Information: 0 : 1352, 13, 2024/01/08, 14:15:57.977, 1856994712550, testhost.dll, Sending test run statistics
TpTrace Verbose: 0 : 1352, 13, 2024/01/08, 14:15:57.978, 1856994719488, testhost.dll, TestRequestHandler.SendData:  sending data from testhost: {"Version":5,"MessageType":"TestExecution.StatsChange","Payload":{"NewTestResults":[{"TestCase":{"Id":"502abebe-c53a-1928-bd4e-bc770ba144af","FullyQualifiedName":"Neoflix.Challenges._04_HandleConstraintErrors.Should_throw_a_ValidationException_when_email_already_exists","DisplayName":"Should_throw_a_ValidationException_when_email_already_exists","ExecutorUri":"executor://NUnit3TestExecutor","Source":"C:\\Users\\Guarizzo\\Documents\\Cursos\\Neo4j\\app-dotnet\\Neoflix.Challenges\\bin\\Debug\\net6.0\\fine-code-coverage\\build-output\\Neoflix.Challenges.dll","CodeFilePath":null,"LineNumber":0,"Properties":[{"Key":{"Id":"NUnit.Seed","Label":"Seed","Category":"","Description":"","Attributes":0,"ValueType":"System.String"},"Value":"1018344001"}]},"Attachments":[],"Outcome":1,"ErrorMessage":null,"ErrorStackTrace":null,"DisplayName":"Should_throw_a_ValidationException_when_email_already_exists","Messages":[],"ComputerName":"DESKTOP-MNADO4H","Duration":"00:00:01.7570460","StartTime":"2024-01-08T17:15:55.5960368+00:00","EndTime":"2024-01-08T17:15:57.353082+00:00","Properties":[{"Key":{"Id":"NUnit.Seed","Label":"Seed","Category":"","Description":"","Attributes":0,"ValueType":"System.String"},"Value":"1018344001"}]}],"TestRunStatistics":{"ExecutedTests":8,"Stats":{"Passed":8}},"ActiveTests":[]}}
TpTrace Verbose: 0 : 1352, 13, 2024/01/08, 14:15:57.979, 1856994725695, testhost.dll, TestRunCache: OnNewTestResult: Notified the onCacheHit callback.
TpTrace Verbose: 0 : 1352, 12, 2024/01/08, 14:15:58.327, 1856998211507, testhost.dll, TcpClientExtensions.MessageLoopAsync: Polling on remoteEndPoint: [::ffff:127.0.0.1]:60427 localEndPoint: [::ffff:127.0.0.1]:60428
TpTrace Verbose: 0 : 1352, 12, 2024/01/08, 14:15:59.332, 1857008262397, testhost.dll, TcpClientExtensions.MessageLoopAsync: Polling on remoteEndPoint: [::ffff:127.0.0.1]:60427 localEndPoint: [::ffff:127.0.0.1]:60428
TpTrace Verbose: 0 : 1352, 16, 2024/01/08, 14:15:59.393, 1857008866802, testhost.dll, TestExecutionRecorder.RecordStart: Starting test: Neoflix.Challenges._05_Authentication.AuthenticateAsync_should_authenticate__recently_created_user.
TpTrace Information: 0 : 1352, 10, 2024/01/08, 14:15:59.489, 1857009825050, testhost.dll, Sending test run statistics
TpTrace Verbose: 0 : 1352, 10, 2024/01/08, 14:15:59.489, 1857009830004, testhost.dll, TestRequestHandler.SendData:  sending data from testhost: {"Version":5,"MessageType":"TestExecution.StatsChange","Payload":{"NewTestResults":[],"TestRunStatistics":{"ExecutedTests":8,"Stats":{"Passed":8}},"ActiveTests":[{"Id":"fdde1b30-0a8b-e55c-e488-52da41572506","FullyQualifiedName":"Neoflix.Challenges._05_Authentication.AuthenticateAsync_should_authenticate__recently_created_user","DisplayName":"AuthenticateAsync_should_authenticate__recently_created_user","ExecutorUri":"executor://NUnit3TestExecutor","Source":"C:\\Users\\Guarizzo\\Documents\\Cursos\\Neo4j\\app-dotnet\\Neoflix.Challenges\\bin\\Debug\\net6.0\\fine-code-coverage\\build-output\\Neoflix.Challenges.dll","CodeFilePath":null,"LineNumber":0,"Properties":[{"Key":{"Id":"NUnit.Seed","Label":"Seed","Category":"","Description":"","Attributes":0,"ValueType":"System.String"},"Value":"1709346307"}]}]}}
TpTrace Verbose: 0 : 1352, 10, 2024/01/08, 14:15:59.490, 1857009835543, testhost.dll, TestRunCache: OnNewTestResult: Notified the onCacheHit callback.
