TpTrace Verbose: 0 : 11620, 1, 2024/01/18, 12:46:10.748, 507905089431, datacollector.dll, Version: 17.8.0-release-23578-02
TpTrace Information: 0 : 11620, 1, 2024/01/18, 12:46:10.756, 507905175993, datacollector.dll, DataCollectorMain.Run: Starting data collector run with args: --port,51288,--parentprocessid,7264,--diag,C:\Users\Guarizzo\Documents\GitHub\Neo4J\BuildingNeo4jApplicationsWith.NET\Neoflix.Challenges\bin\Debug\net6.0\fine-code-coverage\coverage-tool-output\diagnostics.datacollector.24-01-18_12-46-10_45507_5.log,--tracelevel,4
TpTrace Information: 0 : 11620, 1, 2024/01/18, 12:46:10.757, 507905180342, datacollector.dll, DataCollector: Monitoring parent process with id: '7264'
TpTrace Information: 0 : 11620, 1, 2024/01/18, 12:46:10.767, 507905283405, datacollector.dll, Trying to connect to server on socket : 127.0.0.1:51288 
TpTrace Verbose: 0 : 11620, 1, 2024/01/18, 12:46:10.783, 507905439550, datacollector.dll, SocketCommunicationManager : SetupClientAsync : Attempting to connect to the server.
TpTrace Information: 0 : 11620, 8, 2024/01/18, 12:46:10.797, 507905578521, datacollector.dll, Connected to the server successfully 
TpTrace Information: 0 : 11620, 8, 2024/01/18, 12:46:10.797, 507905580573, datacollector.dll, Using the buffer size of 16384 bytes
TpTrace Information: 0 : 11620, 1, 2024/01/18, 12:46:10.913, 507906747189, datacollector.dll, DataCollector: Start Request Processing.
TpTrace Verbose: 0 : 11620, 1, 2024/01/18, 12:46:10.914, 507906751163, datacollector.dll, SocketCommunicationManager.WaitForServerConnection took: 0 ms, with 90000 ms timeout, and finished with True.
TpTrace Information: 0 : 11620, 1, 2024/01/18, 12:46:10.914, 507906756246, datacollector.dll, DataCollectionRequestHandler.ProcessRequests: Datacollector received message: (DataCollection.BeforeTestRunStart) -> {"MessageType":"DataCollection.BeforeTestRunStart","Payload":{"SettingsXml":"<RunSettings><RunConfiguration><ResultsDirectory>C:\\Users\\Guarizzo\\Documents\\GitHub\\Neo4J\\BuildingNeo4jApplicationsWith.NET\\Neoflix.Challenges\\bin\\Debug\\net6.0\\fine-code-coverage\\coverage-tool-output</ResultsDirectory><TargetPlatform>X64</TargetPlatform><TargetFrameworkVersion>.NETCoreApp,Version=v6.0</TargetFrameworkVersion><DesignMode>False</DesignMode><CollectSourceInformation>False</CollectSourceInformation><TestAdaptersPaths>C:\\Program Files\\dotnet\\sdk\\8.0.101\\Extensions</TestAdaptersPaths></RunConfiguration><LoggerRunSettings><Loggers><Logger friendlyName=\"blame\" enabled=\"True\" /><Logger friendlyName=\"Console\" uri=\"logger://microsoft/TestPlatform/ConsoleLogger/v1\" assemblyQualifiedName=\"Microsoft.VisualStudio.TestPlatform.CommandLine.Internal.ConsoleLogger, vstest.console, Version=15.0.0.0, Culture=neutral, PublicKeyToken=b03f5f7f11d50a3a\" codeBase=\"C:\\Program Files\\dotnet\\sdk\\8.0.101\\vstest.console.dll\" enabled=\"True\" /></Loggers></LoggerRunSettings><DataCollectionRunSettings><DataCollectors><DataCollector friendlyName=\"blame\" enabled=\"True\"><Configuration><ResultsDirectory>C:\\Users\\Guarizzo\\Documents\\GitHub\\Neo4J\\BuildingNeo4jApplicationsWith.NET\\Neoflix.Challenges\\bin\\Debug\\net6.0\\fine-code-coverage\\coverage-tool-output</ResultsDirectory></Configuration></DataCollector></DataCollectors></DataCollectionRunSettings></RunSettings>","Sources":["C:\\Users\\Guarizzo\\Documents\\GitHub\\Neo4J\\BuildingNeo4jApplicationsWith.NET\\Neoflix.Challenges\\bin\\Debug\\net6.0\\fine-code-coverage\\build-output\\Neoflix.Challenges.dll"],"IsTelemetryOptedIn":false}}
TpTrace Verbose: 0 : 11620, 1, 2024/01/18, 12:46:10.975, 507907364854, datacollector.dll, TestPluginCache: Update extensions started. Skip filter = False
TpTrace Verbose: 0 : 11620, 1, 2024/01/18, 12:46:10.976, 507907375473, datacollector.dll, TestPluginCache: Using directories for assembly resolution 'C:\Program Files\dotnet\sdk\8.0.101\Extensions'.
TpTrace Verbose: 0 : 11620, 1, 2024/01/18, 12:46:10.976, 507907376866, datacollector.dll, TestPluginCache: Updated the available extensions to 'C:\Program Files\dotnet\sdk\8.0.101\Extensions\Microsoft.TestPlatform.Extensions.BlameDataCollector.dll,C:\Program Files\dotnet\sdk\8.0.101\Extensions\Microsoft.TestPlatform.Extensions.EventLogCollector.dll'.
TpTrace Verbose: 0 : 11620, 1, 2024/01/18, 12:46:10.983, 507907440420, datacollector.dll, TestPluginCache.DiscoverTestExtensions: finding test extensions in assemblies ends with: Collector.dll TPluginInfo: Microsoft.VisualStudio.TestPlatform.Common.DataCollector.DataCollectorConfig TExtension: Microsoft.VisualStudio.TestPlatform.ObjectModel.DataCollection.DataCollector
TpTrace Verbose: 0 : 11620, 1, 2024/01/18, 12:46:10.985, 507907466048, datacollector.dll, TestPluginCache.GetExtensionPaths: Filtered extension paths: C:\Program Files\dotnet\sdk\8.0.101\Extensions\Microsoft.TestPlatform.Extensions.BlameDataCollector.dll
C:\Program Files\dotnet\sdk\8.0.101\Extensions\Microsoft.TestPlatform.Extensions.EventLogCollector.dll
TpTrace Verbose: 0 : 11620, 1, 2024/01/18, 12:46:10.985, 507907467675, datacollector.dll, TestPluginCache.GetExtensionPaths: Added default extension paths: 
TpTrace Verbose: 0 : 11620, 1, 2024/01/18, 12:46:10.986, 507907468559, datacollector.dll, TestPluginCache.GetExtensionPaths: Added unfilterableExtensionPaths: 
TpTrace Information: 0 : 11620, 1, 2024/01/18, 12:46:10.986, 507907476353, datacollector.dll, AssemblyResolver.ctor: Creating AssemblyResolver with searchDirectories C:\Program Files\dotnet\sdk\8.0.101\Extensions,C:\Program Files\dotnet\sdk\8.0.101
TpTrace Verbose: 0 : 11620, 1, 2024/01/18, 12:46:10.988, 507907489520, datacollector.dll, TestPluginCache.DiscoverTestExtensions: Discovering the extensions using extension path.
TpTrace Verbose: 0 : 11620, 1, 2024/01/18, 12:46:10.988, 507907492766, datacollector.dll, TestPluginCache.GetExtensionPaths: Filtered extension paths: C:\Program Files\dotnet\sdk\8.0.101\Extensions\Microsoft.TestPlatform.Extensions.BlameDataCollector.dll
C:\Program Files\dotnet\sdk\8.0.101\Extensions\Microsoft.TestPlatform.Extensions.EventLogCollector.dll
TpTrace Verbose: 0 : 11620, 1, 2024/01/18, 12:46:10.988, 507907493973, datacollector.dll, TestPluginCache.GetExtensionPaths: Added default extension paths: 
TpTrace Verbose: 0 : 11620, 1, 2024/01/18, 12:46:10.988, 507907495293, datacollector.dll, TestPluginCache.GetExtensionPaths: Added unfilterableExtensionPaths: 
TpTrace Verbose: 0 : 11620, 1, 2024/01/18, 12:46:10.988, 507907496715, datacollector.dll, TestPluginCache.DiscoverTestExtensions: Discovering the extensions using allExtensionPaths: C:\Program Files\dotnet\sdk\8.0.101\Extensions\Microsoft.TestPlatform.Extensions.BlameDataCollector.dll
C:\Program Files\dotnet\sdk\8.0.101\Extensions\Microsoft.TestPlatform.Extensions.EventLogCollector.dll
TpTrace Information: 0 : 11620, 1, 2024/01/18, 12:46:10.989, 507907498720, datacollector.dll, AssemblyResolver.AddSearchDirectories: Adding more searchDirectories C:\Program Files\dotnet\sdk\8.0.101\Extensions,C:\Program Files\dotnet\sdk\8.0.101
TpTrace Information: 0 : 11620, 1, 2024/01/18, 12:46:10.989, 507907500078, datacollector.dll, AssemblyResolver.AddSearchDirectories: Adding more searchDirectories C:\Program Files\dotnet\sdk\8.0.101\Extensions,C:\Program Files\dotnet\sdk\8.0.101
TpTrace Information: 0 : 11620, 1, 2024/01/18, 12:46:10.989, 507907505963, datacollector.dll, AssemblyResolver.OnResolve: Microsoft.TestPlatform.Extensions.BlameDataCollector: Resolving assembly.
TpTrace Information: 0 : 11620, 1, 2024/01/18, 12:46:10.989, 507907507667, datacollector.dll, AssemblyResolver.OnResolve: Microsoft.TestPlatform.Extensions.BlameDataCollector: Searching in: 'C:\Program Files\dotnet\sdk\8.0.101\Extensions'.
TpTrace Information: 0 : 11620, 1, 2024/01/18, 12:46:10.999, 507907603443, datacollector.dll, AssemblyResolver.OnResolve: Microsoft.TestPlatform.Extensions.BlameDataCollector: Loading assembly 'C:\Program Files\dotnet\sdk\8.0.101\Extensions\Microsoft.TestPlatform.Extensions.BlameDataCollector.dll'.
TpTrace Information: 0 : 11620, 1, 2024/01/18, 12:46:11.000, 507907612091, datacollector.dll, AssemblyResolver.OnResolve: Resolved assembly: Microsoft.TestPlatform.Extensions.BlameDataCollector, from path: C:\Program Files\dotnet\sdk\8.0.101\Extensions\Microsoft.TestPlatform.Extensions.BlameDataCollector.dll
TpTrace Verbose: 0 : 11620, 1, 2024/01/18, 12:46:11.006, 507907676144, datacollector.dll, MetadataReaderExtensionsHelper: Discovering extensions inside assembly 'Microsoft.TestPlatform.Extensions.BlameDataCollector, Version=15.0.0.0, Culture=neutral, PublicKeyToken=b03f5f7f11d50a3a' file path 'C:\Program Files\dotnet\sdk\8.0.101\Extensions\Microsoft.TestPlatform.Extensions.BlameDataCollector.dll'
TpTrace Error: 0 : 11620, 1, 2024/01/18, 12:46:11.009, 507907707944, datacollector.dll, The type "Microsoft.TestPlatform.Extensions.BlameDataCollector.BlameCollector" defined in "Microsoft.TestPlatform.Extensions.BlameDataCollector.dll" does not have ExtensionUri attribute.
TpTrace Information: 0 : 11620, 1, 2024/01/18, 12:46:11.013, 507907742418, datacollector.dll, GetTestExtensionFromType: Register extension with identifier data 'datacollector://microsoft/TestPlatform/Extensions/Blame/v1' and type 'Microsoft.TestPlatform.Extensions.BlameDataCollector.BlameCollector, Microsoft.TestPlatform.Extensions.BlameDataCollector, Version=15.0.0.0, Culture=neutral, PublicKeyToken=b03f5f7f11d50a3a' inside file 'C:\Program Files\dotnet\sdk\8.0.101\Extensions\Microsoft.TestPlatform.Extensions.BlameDataCollector.dll'
TpTrace Information: 0 : 11620, 1, 2024/01/18, 12:46:11.013, 507907745020, datacollector.dll, AssemblyResolver.OnResolve: Microsoft.TestPlatform.Extensions.EventLogCollector: Resolving assembly.
TpTrace Information: 0 : 11620, 1, 2024/01/18, 12:46:11.013, 507907746615, datacollector.dll, AssemblyResolver.OnResolve: Microsoft.TestPlatform.Extensions.EventLogCollector: Searching in: 'C:\Program Files\dotnet\sdk\8.0.101\Extensions'.
TpTrace Information: 0 : 11620, 1, 2024/01/18, 12:46:11.014, 507907752636, datacollector.dll, AssemblyResolver.OnResolve: Microsoft.TestPlatform.Extensions.EventLogCollector: Loading assembly 'C:\Program Files\dotnet\sdk\8.0.101\Extensions\Microsoft.TestPlatform.Extensions.EventLogCollector.dll'.
TpTrace Information: 0 : 11620, 1, 2024/01/18, 12:46:11.015, 507907758560, datacollector.dll, AssemblyResolver.OnResolve: Resolved assembly: Microsoft.TestPlatform.Extensions.EventLogCollector, from path: C:\Program Files\dotnet\sdk\8.0.101\Extensions\Microsoft.TestPlatform.Extensions.EventLogCollector.dll
TpTrace Verbose: 0 : 11620, 1, 2024/01/18, 12:46:11.015, 507907760149, datacollector.dll, MetadataReaderExtensionsHelper: Discovering extensions inside assembly 'Microsoft.TestPlatform.Extensions.EventLogCollector, Version=15.0.0.0, Culture=neutral, PublicKeyToken=b03f5f7f11d50a3a' file path 'C:\Program Files\dotnet\sdk\8.0.101\Extensions\Microsoft.TestPlatform.Extensions.EventLogCollector.dll'
TpTrace Error: 0 : 11620, 1, 2024/01/18, 12:46:11.017, 507907787121, datacollector.dll, The type "Microsoft.TestPlatform.Extensions.EventLogCollector.EventLogDataCollector" defined in "Microsoft.TestPlatform.Extensions.EventLogCollector.dll" does not have ExtensionUri attribute.
TpTrace Information: 0 : 11620, 1, 2024/01/18, 12:46:11.018, 507907790560, datacollector.dll, GetTestExtensionFromType: Register extension with identifier data 'datacollector://microsoft/EventLog/2.0' and type 'Microsoft.TestPlatform.Extensions.EventLogCollector.EventLogDataCollector, Microsoft.TestPlatform.Extensions.EventLogCollector, Version=15.0.0.0, Culture=neutral, PublicKeyToken=b03f5f7f11d50a3a' inside file 'C:\Program Files\dotnet\sdk\8.0.101\Extensions\Microsoft.TestPlatform.Extensions.EventLogCollector.dll'
TpTrace Verbose: 0 : 11620, 1, 2024/01/18, 12:46:11.018, 507907793973, datacollector.dll, TestPluginCache: Discovered the extensions using extension path 'C:\Program Files\dotnet\sdk\8.0.101\Extensions\Microsoft.TestPlatform.Extensions.BlameDataCollector.dll,C:\Program Files\dotnet\sdk\8.0.101\Extensions\Microsoft.TestPlatform.Extensions.EventLogCollector.dll'.
TpTrace Verbose: 0 : 11620, 1, 2024/01/18, 12:46:11.018, 507907795269, datacollector.dll, TestPluginCache: Discoverers are ''.
TpTrace Verbose: 0 : 11620, 1, 2024/01/18, 12:46:11.018, 507907797367, datacollector.dll, TestPluginCache: Executors are ''.
TpTrace Verbose: 0 : 11620, 1, 2024/01/18, 12:46:11.019, 507907798552, datacollector.dll, TestPluginCache: Executors2 are ''.
TpTrace Verbose: 0 : 11620, 1, 2024/01/18, 12:46:11.019, 507907799643, datacollector.dll, TestPluginCache: Setting providers are ''.
TpTrace Verbose: 0 : 11620, 1, 2024/01/18, 12:46:11.019, 507907800815, datacollector.dll, TestPluginCache: Loggers are ''.
TpTrace Verbose: 0 : 11620, 1, 2024/01/18, 12:46:11.019, 507907801886, datacollector.dll, TestPluginCache: TestHosts are ''.
TpTrace Verbose: 0 : 11620, 1, 2024/01/18, 12:46:11.019, 507907804952, datacollector.dll, TestPluginCache: DataCollectors are 'datacollector://microsoft/TestPlatform/Extensions/Blame/v1,datacollector://microsoft/EventLog/2.0'.
TpTrace Information: 0 : 11620, 1, 2024/01/18, 12:46:11.022, 507907832536, datacollector.dll, TestPluginManager.CreateTestExtension: Attempting to load test extension: Microsoft.TestPlatform.Extensions.BlameDataCollector.BlameCollector
TpTrace Information: 0 : 11620, 1, 2024/01/18, 12:46:11.027, 507907883819, datacollector.dll, [MonitorPostmortemDump]Monitor enabled: 'False'
TpTrace Verbose: 0 : 11620, 1, 2024/01/18, 12:46:11.028, 507907894018, datacollector.dll, MulticastDelegateUtilities.SafeInvoke: DataCollectionEvents.SessionStart: Invoking callbacks was skipped because there are no subscribers.
TpTrace Information: 0 : 11620, 1, 2024/01/18, 12:46:11.030, 507907908218, datacollector.dll, Listening on Endpoint : 127.0.0.1:51290
TpTrace Information: 0 : 11620, 1, 2024/01/18, 12:46:11.042, 507908033463, datacollector.dll, DataCollectionRequestHandler.ProcessRequests : DataCollection started.
TpTrace Information: 0 : 11620, 1, 2024/01/18, 12:46:11.074, 507908350614, datacollector.dll, DataCollectionRequestHandler.ProcessRequests: Datacollector received message: (DataCollection.TestHostLaunched) -> {"MessageType":"DataCollection.TestHostLaunched","Payload":{"ProcessId":14204}}
TpTrace Verbose: 0 : 11620, 1, 2024/01/18, 12:46:11.077, 507908383793, datacollector.dll, MulticastDelegateUtilities.SafeInvoke: DataCollectionEvents.TestHostLaunched: Invoking callback 1/1 for Microsoft.TestPlatform.Extensions.BlameDataCollector.BlameCollector., took 0 ms.
TpTrace Information: 0 : 11620, 6, 2024/01/18, 12:46:11.367, 507911282617, datacollector.dll, Using the buffer size of 16384 bytes
TpTrace Verbose: 0 : 11620, 8, 2024/01/18, 12:46:11.367, 507911282754, datacollector.dll, SocketCommunicationManager.WaitForClientConnection took: 333 ms, with 90000 ms timeout, and finished with True.
TpTrace Information: 0 : 11620, 6, 2024/01/18, 12:46:11.367, 507911284927, datacollector.dll, Accepted Client request and set the flag
TpTrace Information: 0 : 11620, 8, 2024/01/18, 12:46:16.162, 507959228934, datacollector.dll, DataCollectionTestCaseEventHandler: Test case starting.
TpTrace Information: 0 : 11620, 8, 2024/01/18, 12:46:16.189, 507959495961, datacollector.dll, BlameCollector.EventsTestCaseStart: Test Case Start
TpTrace Verbose: 0 : 11620, 8, 2024/01/18, 12:46:16.189, 507959501172, datacollector.dll, MulticastDelegateUtilities.SafeInvoke: DataCollectionEvents.TestCaseStart: Invoking callback 1/1 for Microsoft.TestPlatform.Extensions.BlameDataCollector.BlameCollector., took 0 ms.
TpTrace Information: 0 : 11620, 8, 2024/01/18, 12:46:16.190, 507959507196, datacollector.dll, DataCollectionTestCaseEventHandler: Test case 'InitDriverAsync_should_create_driver_and_connect_to_server - 0d5eb93c-c854-c468-eda6-12434fe8295d' started.
TpTrace Information: 0 : 11620, 8, 2024/01/18, 12:46:16.212, 507959728508, datacollector.dll, DataCollectionTestCaseEventHandler: Test case completing.
TpTrace Information: 0 : 11620, 8, 2024/01/18, 12:46:16.218, 507959790927, datacollector.dll, BlameCollector.EventsTestCaseEnd: Test Case End
TpTrace Verbose: 0 : 11620, 8, 2024/01/18, 12:46:16.219, 507959798953, datacollector.dll, MulticastDelegateUtilities.SafeInvoke: DataCollectionEvents.TestCaseEnd: Invoking callback 1/1 for Microsoft.TestPlatform.Extensions.BlameDataCollector.BlameCollector., took 0 ms.
TpTrace Information: 0 : 11620, 8, 2024/01/18, 12:46:16.222, 507959829134, datacollector.dll, DataCollectionTestCaseEventHandler: Test case 'InitDriverAsync_should_create_driver_and_connect_to_server - 0d5eb93c-c854-c468-eda6-12434fe8295d' completed
TpTrace Information: 0 : 11620, 8, 2024/01/18, 12:46:16.233, 507959944233, datacollector.dll, DataCollectionTestCaseEventHandler: Test case starting.
TpTrace Information: 0 : 11620, 8, 2024/01/18, 12:46:16.235, 507959957181, datacollector.dll, BlameCollector.EventsTestCaseStart: Test Case Start
TpTrace Verbose: 0 : 11620, 8, 2024/01/18, 12:46:16.235, 507959959770, datacollector.dll, MulticastDelegateUtilities.SafeInvoke: DataCollectionEvents.TestCaseStart: Invoking callback 1/1 for Microsoft.TestPlatform.Extensions.BlameDataCollector.BlameCollector., took 0 ms.
TpTrace Information: 0 : 11620, 8, 2024/01/18, 12:46:16.235, 507959963856, datacollector.dll, DataCollectionTestCaseEventHandler: Test case 'Driver_should_have_been_instantiated - 9d5b3ea5-b095-79c0-5697-3c51a8ae8d9e' started.
TpTrace Information: 0 : 11620, 8, 2024/01/18, 12:46:16.237, 507959979323, datacollector.dll, DataCollectionTestCaseEventHandler: Test case completing.
TpTrace Information: 0 : 11620, 8, 2024/01/18, 12:46:16.238, 507959992470, datacollector.dll, BlameCollector.EventsTestCaseEnd: Test Case End
TpTrace Verbose: 0 : 11620, 8, 2024/01/18, 12:46:16.238, 507959994765, datacollector.dll, MulticastDelegateUtilities.SafeInvoke: DataCollectionEvents.TestCaseEnd: Invoking callback 1/1 for Microsoft.TestPlatform.Extensions.BlameDataCollector.BlameCollector., took 0 ms.
TpTrace Information: 0 : 11620, 8, 2024/01/18, 12:46:16.239, 507959999286, datacollector.dll, DataCollectionTestCaseEventHandler: Test case 'Driver_should_have_been_instantiated - 9d5b3ea5-b095-79c0-5697-3c51a8ae8d9e' completed
TpTrace Information: 0 : 11620, 8, 2024/01/18, 12:46:16.240, 507960014557, datacollector.dll, DataCollectionTestCaseEventHandler: Test case starting.
TpTrace Information: 0 : 11620, 8, 2024/01/18, 12:46:16.241, 507960023027, datacollector.dll, BlameCollector.EventsTestCaseStart: Test Case Start
TpTrace Verbose: 0 : 11620, 8, 2024/01/18, 12:46:16.241, 507960025362, datacollector.dll, MulticastDelegateUtilities.SafeInvoke: DataCollectionEvents.TestCaseStart: Invoking callback 1/1 for Microsoft.TestPlatform.Extensions.BlameDataCollector.BlameCollector., took 0 ms.
TpTrace Information: 0 : 11620, 8, 2024/01/18, 12:46:16.242, 507960028747, datacollector.dll, DataCollectionTestCaseEventHandler: Test case 'Driver_should_be_able_to_verify_connectivity - 05d19a4b-196c-d96d-2e43-d2387b07b3ab' started.
TpTrace Information: 0 : 11620, 8, 2024/01/18, 12:46:17.928, 507976888716, datacollector.dll, DataCollectionTestCaseEventHandler: Test case completing.
TpTrace Information: 0 : 11620, 8, 2024/01/18, 12:46:17.931, 507976919566, datacollector.dll, BlameCollector.EventsTestCaseEnd: Test Case End
TpTrace Verbose: 0 : 11620, 8, 2024/01/18, 12:46:17.931, 507976922881, datacollector.dll, MulticastDelegateUtilities.SafeInvoke: DataCollectionEvents.TestCaseEnd: Invoking callback 1/1 for Microsoft.TestPlatform.Extensions.BlameDataCollector.BlameCollector., took 0 ms.
TpTrace Information: 0 : 11620, 8, 2024/01/18, 12:46:17.932, 507976929453, datacollector.dll, DataCollectionTestCaseEventHandler: Test case 'Driver_should_be_able_to_verify_connectivity - 05d19a4b-196c-d96d-2e43-d2387b07b3ab' completed
TpTrace Information: 0 : 11620, 8, 2024/01/18, 12:46:17.953, 507977137575, datacollector.dll, DataCollectionTestCaseEventHandler: Test case starting.
TpTrace Information: 0 : 11620, 8, 2024/01/18, 12:46:17.954, 507977153319, datacollector.dll, BlameCollector.EventsTestCaseStart: Test Case Start
TpTrace Verbose: 0 : 11620, 8, 2024/01/18, 12:46:17.955, 507977156903, datacollector.dll, MulticastDelegateUtilities.SafeInvoke: DataCollectionEvents.TestCaseStart: Invoking callback 1/1 for Microsoft.TestPlatform.Extensions.BlameDataCollector.BlameCollector., took 0 ms.
TpTrace Information: 0 : 11620, 8, 2024/01/18, 12:46:17.955, 507977162079, datacollector.dll, DataCollectionTestCaseEventHandler: Test case 'AllAsync_should_apply_order_skip_and_limit - e7aada80-9582-6d75-ed99-fbd39b3f8896' started.
TpTrace Information: 0 : 11620, 8, 2024/01/18, 12:46:19.223, 507989841315, datacollector.dll, DataCollectionTestCaseEventHandler: Test case completing.
TpTrace Information: 0 : 11620, 8, 2024/01/18, 12:46:19.224, 507989847371, datacollector.dll, BlameCollector.EventsTestCaseEnd: Test Case End
TpTrace Verbose: 0 : 11620, 8, 2024/01/18, 12:46:19.224, 507989849107, datacollector.dll, MulticastDelegateUtilities.SafeInvoke: DataCollectionEvents.TestCaseEnd: Invoking callback 1/1 for Microsoft.TestPlatform.Extensions.BlameDataCollector.BlameCollector., took 0 ms.
TpTrace Information: 0 : 11620, 8, 2024/01/18, 12:46:19.224, 507989852306, datacollector.dll, DataCollectionTestCaseEventHandler: Test case 'AllAsync_should_apply_order_skip_and_limit - e7aada80-9582-6d75-ed99-fbd39b3f8896' completed
TpTrace Information: 0 : 11620, 8, 2024/01/18, 12:46:19.225, 507989863219, datacollector.dll, DataCollectionTestCaseEventHandler: Test case starting.
TpTrace Information: 0 : 11620, 8, 2024/01/18, 12:46:19.226, 507989870338, datacollector.dll, BlameCollector.EventsTestCaseStart: Test Case Start
TpTrace Verbose: 0 : 11620, 8, 2024/01/18, 12:46:19.230, 507989905953, datacollector.dll, MulticastDelegateUtilities.SafeInvoke: DataCollectionEvents.TestCaseStart: Invoking callback 1/1 for Microsoft.TestPlatform.Extensions.BlameDataCollector.BlameCollector., took 0 ms.
TpTrace Information: 0 : 11620, 8, 2024/01/18, 12:46:19.230, 507989911449, datacollector.dll, DataCollectionTestCaseEventHandler: Test case 'AllAsync_should_order_movies_by_rating - 0a89adb1-81d2-771f-e3b6-8c90ba4ab941' started.
TpTrace Information: 0 : 11620, 8, 2024/01/18, 12:46:19.928, 507996887359, datacollector.dll, DataCollectionTestCaseEventHandler: Test case completing.
TpTrace Information: 0 : 11620, 8, 2024/01/18, 12:46:19.929, 507996893906, datacollector.dll, BlameCollector.EventsTestCaseEnd: Test Case End
TpTrace Verbose: 0 : 11620, 8, 2024/01/18, 12:46:19.929, 507996896156, datacollector.dll, MulticastDelegateUtilities.SafeInvoke: DataCollectionEvents.TestCaseEnd: Invoking callback 1/1 for Microsoft.TestPlatform.Extensions.BlameDataCollector.BlameCollector., took 0 ms.
TpTrace Information: 0 : 11620, 8, 2024/01/18, 12:46:19.930, 507996905955, datacollector.dll, DataCollectionTestCaseEventHandler: Test case 'AllAsync_should_order_movies_by_rating - 0a89adb1-81d2-771f-e3b6-8c90ba4ab941' completed
TpTrace Information: 0 : 11620, 8, 2024/01/18, 12:46:21.159, 508009196472, datacollector.dll, DataCollectionTestCaseEventHandler: Test case starting.
TpTrace Information: 0 : 11620, 8, 2024/01/18, 12:46:21.159, 508009201937, datacollector.dll, BlameCollector.EventsTestCaseStart: Test Case Start
TpTrace Verbose: 0 : 11620, 8, 2024/01/18, 12:46:21.160, 508009203568, datacollector.dll, MulticastDelegateUtilities.SafeInvoke: DataCollectionEvents.TestCaseStart: Invoking callback 1/1 for Microsoft.TestPlatform.Extensions.BlameDataCollector.BlameCollector., took 0 ms.
TpTrace Information: 0 : 11620, 8, 2024/01/18, 12:46:21.160, 508009206911, datacollector.dll, DataCollectionTestCaseEventHandler: Test case 'RegisterAsync_should_register_a_user - c428e537-3f9b-1952-c7b8-785887839185' started.
TpTrace Information: 0 : 11620, 8, 2024/01/18, 12:46:23.088, 508028483538, datacollector.dll, DataCollectionTestCaseEventHandler: Test case completing.
TpTrace Information: 0 : 11620, 8, 2024/01/18, 12:46:23.088, 508028491518, datacollector.dll, BlameCollector.EventsTestCaseEnd: Test Case End
TpTrace Verbose: 0 : 11620, 8, 2024/01/18, 12:46:23.089, 508028493706, datacollector.dll, MulticastDelegateUtilities.SafeInvoke: DataCollectionEvents.TestCaseEnd: Invoking callback 1/1 for Microsoft.TestPlatform.Extensions.BlameDataCollector.BlameCollector., took 0 ms.
TpTrace Information: 0 : 11620, 8, 2024/01/18, 12:46:23.089, 508028497896, datacollector.dll, DataCollectionTestCaseEventHandler: Test case 'RegisterAsync_should_register_a_user - c428e537-3f9b-1952-c7b8-785887839185' completed
TpTrace Information: 0 : 11620, 8, 2024/01/18, 12:46:23.091, 508028516542, datacollector.dll, DataCollectionTestCaseEventHandler: Test case starting.
TpTrace Information: 0 : 11620, 8, 2024/01/18, 12:46:23.092, 508028525016, datacollector.dll, BlameCollector.EventsTestCaseStart: Test Case Start
TpTrace Verbose: 0 : 11620, 8, 2024/01/18, 12:46:23.092, 508028527158, datacollector.dll, MulticastDelegateUtilities.SafeInvoke: DataCollectionEvents.TestCaseStart: Invoking callback 1/1 for Microsoft.TestPlatform.Extensions.BlameDataCollector.BlameCollector., took 0 ms.
TpTrace Information: 0 : 11620, 8, 2024/01/18, 12:46:23.093, 508028533008, datacollector.dll, DataCollectionTestCaseEventHandler: Test case 'Should_find_a_unique_constraint - a76a4040-b44d-eff3-8134-5aed61d15bd8' started.
TpTrace Information: 0 : 11620, 8, 2024/01/18, 12:46:24.284, 508040448976, datacollector.dll, DataCollectionTestCaseEventHandler: Test case completing.
TpTrace Information: 0 : 11620, 8, 2024/01/18, 12:46:24.285, 508040456129, datacollector.dll, BlameCollector.EventsTestCaseEnd: Test Case End
TpTrace Verbose: 0 : 11620, 8, 2024/01/18, 12:46:24.285, 508040458089, datacollector.dll, MulticastDelegateUtilities.SafeInvoke: DataCollectionEvents.TestCaseEnd: Invoking callback 1/1 for Microsoft.TestPlatform.Extensions.BlameDataCollector.BlameCollector., took 0 ms.
TpTrace Information: 0 : 11620, 8, 2024/01/18, 12:46:24.286, 508040461865, datacollector.dll, DataCollectionTestCaseEventHandler: Test case 'Should_find_a_unique_constraint - a76a4040-b44d-eff3-8134-5aed61d15bd8' completed
TpTrace Information: 0 : 11620, 8, 2024/01/18, 12:46:24.287, 508040474847, datacollector.dll, DataCollectionTestCaseEventHandler: Test case starting.
TpTrace Information: 0 : 11620, 8, 2024/01/18, 12:46:24.287, 508040481395, datacollector.dll, BlameCollector.EventsTestCaseStart: Test Case Start
TpTrace Verbose: 0 : 11620, 8, 2024/01/18, 12:46:24.288, 508040483316, datacollector.dll, MulticastDelegateUtilities.SafeInvoke: DataCollectionEvents.TestCaseStart: Invoking callback 1/1 for Microsoft.TestPlatform.Extensions.BlameDataCollector.BlameCollector., took 0 ms.
TpTrace Information: 0 : 11620, 8, 2024/01/18, 12:46:24.288, 508040486991, datacollector.dll, DataCollectionTestCaseEventHandler: Test case 'Should_throw_a_ValidationException_when_email_already_exists - 502abebe-c53a-1928-bd4e-bc770ba144af' started.
TpTrace Information: 0 : 11620, 8, 2024/01/18, 12:46:26.125, 508058852596, datacollector.dll, DataCollectionTestCaseEventHandler: Test case completing.
TpTrace Information: 0 : 11620, 8, 2024/01/18, 12:46:26.125, 508058857676, datacollector.dll, BlameCollector.EventsTestCaseEnd: Test Case End
TpTrace Verbose: 0 : 11620, 8, 2024/01/18, 12:46:26.125, 508058859342, datacollector.dll, MulticastDelegateUtilities.SafeInvoke: DataCollectionEvents.TestCaseEnd: Invoking callback 1/1 for Microsoft.TestPlatform.Extensions.BlameDataCollector.BlameCollector., took 0 ms.
TpTrace Information: 0 : 11620, 8, 2024/01/18, 12:46:26.126, 508058862995, datacollector.dll, DataCollectionTestCaseEventHandler: Test case 'Should_throw_a_ValidationException_when_email_already_exists - 502abebe-c53a-1928-bd4e-bc770ba144af' completed
TpTrace Information: 0 : 11620, 8, 2024/01/18, 12:46:28.189, 508079494322, datacollector.dll, DataCollectionTestCaseEventHandler: Test case starting.
TpTrace Information: 0 : 11620, 8, 2024/01/18, 12:46:28.190, 508079502071, datacollector.dll, BlameCollector.EventsTestCaseStart: Test Case Start
TpTrace Verbose: 0 : 11620, 8, 2024/01/18, 12:46:28.190, 508079504762, datacollector.dll, MulticastDelegateUtilities.SafeInvoke: DataCollectionEvents.TestCaseStart: Invoking callback 1/1 for Microsoft.TestPlatform.Extensions.BlameDataCollector.BlameCollector., took 0 ms.
TpTrace Information: 0 : 11620, 8, 2024/01/18, 12:46:28.190, 508079509548, datacollector.dll, DataCollectionTestCaseEventHandler: Test case 'AuthenticateAsync_should_authenticate__recently_created_user - fdde1b30-0a8b-e55c-e488-52da41572506' started.
TpTrace Information: 0 : 11620, 8, 2024/01/18, 12:46:30.101, 508098618255, datacollector.dll, DataCollectionTestCaseEventHandler: Test case completing.
TpTrace Information: 0 : 11620, 8, 2024/01/18, 12:46:30.102, 508098624107, datacollector.dll, BlameCollector.EventsTestCaseEnd: Test Case End
TpTrace Verbose: 0 : 11620, 8, 2024/01/18, 12:46:30.102, 508098625524, datacollector.dll, MulticastDelegateUtilities.SafeInvoke: DataCollectionEvents.TestCaseEnd: Invoking callback 1/1 for Microsoft.TestPlatform.Extensions.BlameDataCollector.BlameCollector., took 0 ms.
TpTrace Information: 0 : 11620, 8, 2024/01/18, 12:46:30.103, 508098628807, datacollector.dll, DataCollectionTestCaseEventHandler: Test case 'AuthenticateAsync_should_authenticate__recently_created_user - fdde1b30-0a8b-e55c-e488-52da41572506' completed
TpTrace Information: 0 : 11620, 8, 2024/01/18, 12:46:30.105, 508098651735, datacollector.dll, DataCollectionTestCaseEventHandler: Test case starting.
TpTrace Information: 0 : 11620, 8, 2024/01/18, 12:46:30.105, 508098657388, datacollector.dll, BlameCollector.EventsTestCaseStart: Test Case Start
TpTrace Verbose: 0 : 11620, 8, 2024/01/18, 12:46:30.106, 508098658731, datacollector.dll, MulticastDelegateUtilities.SafeInvoke: DataCollectionEvents.TestCaseStart: Invoking callback 1/1 for Microsoft.TestPlatform.Extensions.BlameDataCollector.BlameCollector., took 0 ms.
TpTrace Information: 0 : 11620, 8, 2024/01/18, 12:46:30.106, 508098662462, datacollector.dll, DataCollectionTestCaseEventHandler: Test case 'AuthenticateAsync_should_return_false_on_incorrect_password - e39b9ebb-0eae-7164-d9cc-01946ee72e3c' started.
TpTrace Information: 0 : 11620, 8, 2024/01/18, 12:46:31.035, 508107956835, datacollector.dll, DataCollectionTestCaseEventHandler: Test case completing.
TpTrace Information: 0 : 11620, 8, 2024/01/18, 12:46:31.036, 508107962317, datacollector.dll, BlameCollector.EventsTestCaseEnd: Test Case End
TpTrace Verbose: 0 : 11620, 8, 2024/01/18, 12:46:31.036, 508107964063, datacollector.dll, MulticastDelegateUtilities.SafeInvoke: DataCollectionEvents.TestCaseEnd: Invoking callback 1/1 for Microsoft.TestPlatform.Extensions.BlameDataCollector.BlameCollector., took 0 ms.
TpTrace Information: 0 : 11620, 8, 2024/01/18, 12:46:31.037, 508107969893, datacollector.dll, DataCollectionTestCaseEventHandler: Test case 'AuthenticateAsync_should_return_false_on_incorrect_password - e39b9ebb-0eae-7164-d9cc-01946ee72e3c' completed
TpTrace Information: 0 : 11620, 8, 2024/01/18, 12:46:31.038, 508107980501, datacollector.dll, DataCollectionTestCaseEventHandler: Test case starting.
TpTrace Information: 0 : 11620, 8, 2024/01/18, 12:46:31.038, 508107984552, datacollector.dll, BlameCollector.EventsTestCaseStart: Test Case Start
TpTrace Verbose: 0 : 11620, 8, 2024/01/18, 12:46:31.038, 508107985525, datacollector.dll, MulticastDelegateUtilities.SafeInvoke: DataCollectionEvents.TestCaseStart: Invoking callback 1/1 for Microsoft.TestPlatform.Extensions.BlameDataCollector.BlameCollector., took 0 ms.
TpTrace Information: 0 : 11620, 8, 2024/01/18, 12:46:31.038, 508107988047, datacollector.dll, DataCollectionTestCaseEventHandler: Test case 'AuthenticateAsync_should_return_false_on_incorrect_email - aa82cc34-b92b-d09a-5704-f2db637fa0e7' started.
TpTrace Information: 0 : 11620, 8, 2024/01/18, 12:46:31.835, 508115957772, datacollector.dll, DataCollectionTestCaseEventHandler: Test case completing.
TpTrace Information: 0 : 11620, 8, 2024/01/18, 12:46:31.836, 508115962329, datacollector.dll, BlameCollector.EventsTestCaseEnd: Test Case End
TpTrace Verbose: 0 : 11620, 8, 2024/01/18, 12:46:31.836, 508115963566, datacollector.dll, MulticastDelegateUtilities.SafeInvoke: DataCollectionEvents.TestCaseEnd: Invoking callback 1/1 for Microsoft.TestPlatform.Extensions.BlameDataCollector.BlameCollector., took 0 ms.
TpTrace Information: 0 : 11620, 8, 2024/01/18, 12:46:31.836, 508115967088, datacollector.dll, DataCollectionTestCaseEventHandler: Test case 'AuthenticateAsync_should_return_false_on_incorrect_email - aa82cc34-b92b-d09a-5704-f2db637fa0e7' completed
TpTrace Information: 0 : 11620, 8, 2024/01/18, 12:46:33.840, 508136002363, datacollector.dll, DataCollectionTestCaseEventHandler: Test case starting.
TpTrace Information: 0 : 11620, 8, 2024/01/18, 12:46:33.841, 508136016283, datacollector.dll, BlameCollector.EventsTestCaseStart: Test Case Start
TpTrace Verbose: 0 : 11620, 8, 2024/01/18, 12:46:33.842, 508136019949, datacollector.dll, MulticastDelegateUtilities.SafeInvoke: DataCollectionEvents.TestCaseStart: Invoking callback 1/1 for Microsoft.TestPlatform.Extensions.BlameDataCollector.BlameCollector., took 0 ms.
TpTrace Information: 0 : 11620, 8, 2024/01/18, 12:46:33.843, 508136028047, datacollector.dll, DataCollectionTestCaseEventHandler: Test case 'AddAsync_should_store_rating_as_integer - 73b945f9-51d3-418e-946c-58fd39320952' started.
TpTrace Information: 0 : 11620, 8, 2024/01/18, 12:46:34.655, 508144148531, datacollector.dll, DataCollectionTestCaseEventHandler: Test case completing.
TpTrace Information: 0 : 11620, 8, 2024/01/18, 12:46:34.656, 508144159868, datacollector.dll, BlameCollector.EventsTestCaseEnd: Test Case End
TpTrace Verbose: 0 : 11620, 8, 2024/01/18, 12:46:34.656, 508144162900, datacollector.dll, MulticastDelegateUtilities.SafeInvoke: DataCollectionEvents.TestCaseEnd: Invoking callback 1/1 for Microsoft.TestPlatform.Extensions.BlameDataCollector.BlameCollector., took 0 ms.
TpTrace Information: 0 : 11620, 8, 2024/01/18, 12:46:34.657, 508144169866, datacollector.dll, DataCollectionTestCaseEventHandler: Test case 'AddAsync_should_store_rating_as_integer - 73b945f9-51d3-418e-946c-58fd39320952' completed
TpTrace Information: 0 : 11620, 8, 2024/01/18, 12:46:35.862, 508156225352, datacollector.dll, DataCollectionTestCaseEventHandler: Test case starting.
TpTrace Information: 0 : 11620, 8, 2024/01/18, 12:46:35.864, 508156236239, datacollector.dll, BlameCollector.EventsTestCaseStart: Test Case Start
TpTrace Verbose: 0 : 11620, 8, 2024/01/18, 12:46:35.864, 508156239755, datacollector.dll, MulticastDelegateUtilities.SafeInvoke: DataCollectionEvents.TestCaseStart: Invoking callback 1/1 for Microsoft.TestPlatform.Extensions.BlameDataCollector.BlameCollector., took 0 ms.
TpTrace Information: 0 : 11620, 8, 2024/01/18, 12:46:35.865, 508156250017, datacollector.dll, DataCollectionTestCaseEventHandler: Test case 'AddAsync_should_throw_if_the_user_or_movie_do_not_exist - c1df3058-36d8-1849-437b-b7dfeeb82ff8' started.
TpTrace Information: 0 : 11620, 8, 2024/01/18, 12:46:36.680, 508164400007, datacollector.dll, DataCollectionTestCaseEventHandler: Test case completing.
TpTrace Information: 0 : 11620, 8, 2024/01/18, 12:46:36.681, 508164409285, datacollector.dll, BlameCollector.EventsTestCaseEnd: Test Case End
TpTrace Verbose: 0 : 11620, 8, 2024/01/18, 12:46:36.681, 508164412348, datacollector.dll, MulticastDelegateUtilities.SafeInvoke: DataCollectionEvents.TestCaseEnd: Invoking callback 1/1 for Microsoft.TestPlatform.Extensions.BlameDataCollector.BlameCollector., took 0 ms.
TpTrace Information: 0 : 11620, 8, 2024/01/18, 12:46:36.682, 508164418538, datacollector.dll, DataCollectionTestCaseEventHandler: Test case 'AddAsync_should_throw_if_the_user_or_movie_do_not_exist - c1df3058-36d8-1849-437b-b7dfeeb82ff8' completed
TpTrace Information: 0 : 11620, 8, 2024/01/18, 12:46:36.684, 508164442567, datacollector.dll, DataCollectionTestCaseEventHandler: Test case starting.
TpTrace Information: 0 : 11620, 8, 2024/01/18, 12:46:36.685, 508164451341, datacollector.dll, BlameCollector.EventsTestCaseStart: Test Case Start
TpTrace Verbose: 0 : 11620, 8, 2024/01/18, 12:46:36.685, 508164453483, datacollector.dll, MulticastDelegateUtilities.SafeInvoke: DataCollectionEvents.TestCaseStart: Invoking callback 1/1 for Microsoft.TestPlatform.Extensions.BlameDataCollector.BlameCollector., took 0 ms.
TpTrace Information: 0 : 11620, 8, 2024/01/18, 12:46:36.686, 508164459265, datacollector.dll, DataCollectionTestCaseEventHandler: Test case 'AddAsync_should_save_movie_to_users_favorites - 054d6e26-52ba-778c-eec2-2e0cbef7ccc4' started.
TpTrace Information: 0 : 11620, 8, 2024/01/18, 12:46:38.300, 508180601208, datacollector.dll, DataCollectionTestCaseEventHandler: Test case completing.
TpTrace Information: 0 : 11620, 8, 2024/01/18, 12:46:38.301, 508180610408, datacollector.dll, BlameCollector.EventsTestCaseEnd: Test Case End
TpTrace Verbose: 0 : 11620, 8, 2024/01/18, 12:46:38.301, 508180613099, datacollector.dll, MulticastDelegateUtilities.SafeInvoke: DataCollectionEvents.TestCaseEnd: Invoking callback 1/1 for Microsoft.TestPlatform.Extensions.BlameDataCollector.BlameCollector., took 0 ms.
TpTrace Information: 0 : 11620, 8, 2024/01/18, 12:46:38.302, 508180619239, datacollector.dll, DataCollectionTestCaseEventHandler: Test case 'AddAsync_should_save_movie_to_users_favorites - 054d6e26-52ba-778c-eec2-2e0cbef7ccc4' completed
TpTrace Information: 0 : 11620, 8, 2024/01/18, 12:46:38.304, 508180643737, datacollector.dll, DataCollectionTestCaseEventHandler: Test case starting.
TpTrace Information: 0 : 11620, 8, 2024/01/18, 12:46:38.308, 508180678586, datacollector.dll, BlameCollector.EventsTestCaseStart: Test Case Start
TpTrace Verbose: 0 : 11620, 8, 2024/01/18, 12:46:38.309, 508180684717, datacollector.dll, MulticastDelegateUtilities.SafeInvoke: DataCollectionEvents.TestCaseStart: Invoking callback 1/1 for Microsoft.TestPlatform.Extensions.BlameDataCollector.BlameCollector., took 0 ms.
TpTrace Information: 0 : 11620, 8, 2024/01/18, 12:46:38.309, 508180693735, datacollector.dll, DataCollectionTestCaseEventHandler: Test case 'AddAsync_should_remove_movie_to_users_favorites - ff9bf57d-f25f-c18c-49c6-54a243688390' started.
TpTrace Information: 0 : 11620, 8, 2024/01/18, 12:46:41.776, 508215355236, datacollector.dll, DataCollectionTestCaseEventHandler: Test case completing.
TpTrace Information: 0 : 11620, 8, 2024/01/18, 12:46:41.777, 508215371391, datacollector.dll, BlameCollector.EventsTestCaseEnd: Test Case End
TpTrace Verbose: 0 : 11620, 8, 2024/01/18, 12:46:41.778, 508215375538, datacollector.dll, MulticastDelegateUtilities.SafeInvoke: DataCollectionEvents.TestCaseEnd: Invoking callback 1/1 for Microsoft.TestPlatform.Extensions.BlameDataCollector.BlameCollector., took 0 ms.
TpTrace Information: 0 : 11620, 8, 2024/01/18, 12:46:41.779, 508215387267, datacollector.dll, DataCollectionTestCaseEventHandler: Test case 'AddAsync_should_remove_movie_to_users_favorites - ff9bf57d-f25f-c18c-49c6-54a243688390' completed
TpTrace Information: 0 : 11620, 8, 2024/01/18, 12:46:42.985, 508227449637, datacollector.dll, DataCollectionTestCaseEventHandler: Test case starting.
TpTrace Information: 0 : 11620, 8, 2024/01/18, 12:46:42.986, 508227460108, datacollector.dll, BlameCollector.EventsTestCaseStart: Test Case Start
TpTrace Verbose: 0 : 11620, 8, 2024/01/18, 12:46:42.987, 508227469649, datacollector.dll, MulticastDelegateUtilities.SafeInvoke: DataCollectionEvents.TestCaseStart: Invoking callback 1/1 for Microsoft.TestPlatform.Extensions.BlameDataCollector.BlameCollector., took 0 ms.
TpTrace Information: 0 : 11620, 8, 2024/01/18, 12:46:42.988, 508227476198, datacollector.dll, DataCollectionTestCaseEventHandler: Test case 'AllAsync_should_return_true_for_all_items - 3861213c-faef-fe9d-a064-5ffa14b54a2c' started.
TpTrace Information: 0 : 11620, 8, 2024/01/18, 12:46:43.684, 508234439701, datacollector.dll, DataCollectionTestCaseEventHandler: Test case completing.
TpTrace Information: 0 : 11620, 8, 2024/01/18, 12:46:43.686, 508234453601, datacollector.dll, BlameCollector.EventsTestCaseEnd: Test Case End
TpTrace Verbose: 0 : 11620, 8, 2024/01/18, 12:46:43.686, 508234457264, datacollector.dll, MulticastDelegateUtilities.SafeInvoke: DataCollectionEvents.TestCaseEnd: Invoking callback 1/1 for Microsoft.TestPlatform.Extensions.BlameDataCollector.BlameCollector., took 0 ms.
TpTrace Information: 0 : 11620, 8, 2024/01/18, 12:46:43.687, 508234464985, datacollector.dll, DataCollectionTestCaseEventHandler: Test case 'AllAsync_should_return_true_for_all_items - 3861213c-faef-fe9d-a064-5ffa14b54a2c' completed
TpTrace Information: 0 : 11620, 8, 2024/01/18, 12:46:43.690, 508234498705, datacollector.dll, DataCollectionTestCaseEventHandler: Test case starting.
TpTrace Information: 0 : 11620, 8, 2024/01/18, 12:46:43.692, 508234512017, datacollector.dll, BlameCollector.EventsTestCaseStart: Test Case Start
TpTrace Verbose: 0 : 11620, 8, 2024/01/18, 12:46:43.692, 508234515679, datacollector.dll, MulticastDelegateUtilities.SafeInvoke: DataCollectionEvents.TestCaseStart: Invoking callback 1/1 for Microsoft.TestPlatform.Extensions.BlameDataCollector.BlameCollector., took 0 ms.
TpTrace Information: 0 : 11620, 8, 2024/01/18, 12:46:43.693, 508234521896, datacollector.dll, DataCollectionTestCaseEventHandler: Test case 'AllAsync_should_retrieve_list_of_genres - 2b6f9fb3-a8c5-c861-8605-3dd04e994258' started.
TpTrace Information: 0 : 11620, 8, 2024/01/18, 12:46:43.772, 508235316053, datacollector.dll, DataCollectionTestCaseEventHandler: Test case completing.
TpTrace Information: 0 : 11620, 8, 2024/01/18, 12:46:43.772, 508235320732, datacollector.dll, BlameCollector.EventsTestCaseEnd: Test Case End
TpTrace Verbose: 0 : 11620, 8, 2024/01/18, 12:46:43.773, 508235321837, datacollector.dll, MulticastDelegateUtilities.SafeInvoke: DataCollectionEvents.TestCaseEnd: Invoking callback 1/1 for Microsoft.TestPlatform.Extensions.BlameDataCollector.BlameCollector., took 0 ms.
TpTrace Information: 0 : 11620, 8, 2024/01/18, 12:46:43.773, 508235324881, datacollector.dll, DataCollectionTestCaseEventHandler: Test case 'AllAsync_should_retrieve_list_of_genres - 2b6f9fb3-a8c5-c861-8605-3dd04e994258' completed
TpTrace Information: 0 : 11620, 8, 2024/01/18, 12:46:43.774, 508235338292, datacollector.dll, DataCollectionTestCaseEventHandler: Test case starting.
TpTrace Information: 0 : 11620, 8, 2024/01/18, 12:46:43.775, 508235342823, datacollector.dll, BlameCollector.EventsTestCaseStart: Test Case Start
TpTrace Verbose: 0 : 11620, 8, 2024/01/18, 12:46:43.775, 508235345172, datacollector.dll, MulticastDelegateUtilities.SafeInvoke: DataCollectionEvents.TestCaseStart: Invoking callback 1/1 for Microsoft.TestPlatform.Extensions.BlameDataCollector.BlameCollector., took 0 ms.
TpTrace Information: 0 : 11620, 8, 2024/01/18, 12:46:43.775, 508235348950, datacollector.dll, DataCollectionTestCaseEventHandler: Test case 'FindAsync_should_retrieve_details_by_name - 671963cd-799b-b3a1-91b8-2dfd200f8d0f' started.
TpTrace Information: 0 : 11620, 8, 2024/01/18, 12:46:43.784, 508235433125, datacollector.dll, DataCollectionTestCaseEventHandler: Test case completing.
TpTrace Information: 0 : 11620, 8, 2024/01/18, 12:46:43.784, 508235439170, datacollector.dll, BlameCollector.EventsTestCaseEnd: Test Case End
TpTrace Verbose: 0 : 11620, 8, 2024/01/18, 12:46:43.784, 508235440659, datacollector.dll, MulticastDelegateUtilities.SafeInvoke: DataCollectionEvents.TestCaseEnd: Invoking callback 1/1 for Microsoft.TestPlatform.Extensions.BlameDataCollector.BlameCollector., took 0 ms.
TpTrace Information: 0 : 11620, 8, 2024/01/18, 12:46:43.785, 508235444144, datacollector.dll, DataCollectionTestCaseEventHandler: Test case 'FindAsync_should_retrieve_details_by_name - 671963cd-799b-b3a1-91b8-2dfd200f8d0f' completed
TpTrace Information: 0 : 11620, 8, 2024/01/18, 12:46:43.786, 508235458877, datacollector.dll, DataCollectionTestCaseEventHandler: Test case starting.
TpTrace Information: 0 : 11620, 8, 2024/01/18, 12:46:43.787, 508235463569, datacollector.dll, BlameCollector.EventsTestCaseStart: Test Case Start
TpTrace Verbose: 0 : 11620, 8, 2024/01/18, 12:46:43.787, 508235464835, datacollector.dll, MulticastDelegateUtilities.SafeInvoke: DataCollectionEvents.TestCaseStart: Invoking callback 1/1 for Microsoft.TestPlatform.Extensions.BlameDataCollector.BlameCollector., took 0 ms.
TpTrace Information: 0 : 11620, 8, 2024/01/18, 12:46:43.787, 508235467930, datacollector.dll, DataCollectionTestCaseEventHandler: Test case 'GetByGenreAsync_should_return_paginated_list_of_movies_by_genre - eeeacd3e-9b95-f6a7-7405-68b822b5ebf0' started.
TpTrace Information: 0 : 11620, 8, 2024/01/18, 12:46:43.791, 508235504850, datacollector.dll, DataCollectionTestCaseEventHandler: Test case completing.
TpTrace Information: 0 : 11620, 8, 2024/01/18, 12:46:43.792, 508235513201, datacollector.dll, BlameCollector.EventsTestCaseEnd: Test Case End
TpTrace Verbose: 0 : 11620, 8, 2024/01/18, 12:46:43.792, 508235514957, datacollector.dll, MulticastDelegateUtilities.SafeInvoke: DataCollectionEvents.TestCaseEnd: Invoking callback 1/1 for Microsoft.TestPlatform.Extensions.BlameDataCollector.BlameCollector., took 0 ms.
TpTrace Information: 0 : 11620, 8, 2024/01/18, 12:46:43.792, 508235518124, datacollector.dll, DataCollectionTestCaseEventHandler: Test case 'GetByGenreAsync_should_return_paginated_list_of_movies_by_genre - eeeacd3e-9b95-f6a7-7405-68b822b5ebf0' completed
TpTrace Information: 0 : 11620, 8, 2024/01/18, 12:46:43.793, 508235528205, datacollector.dll, DataCollectionTestCaseEventHandler: Test case starting.
TpTrace Information: 0 : 11620, 8, 2024/01/18, 12:46:43.794, 508235532297, datacollector.dll, BlameCollector.EventsTestCaseStart: Test Case Start
TpTrace Verbose: 0 : 11620, 8, 2024/01/18, 12:46:43.794, 508235533633, datacollector.dll, MulticastDelegateUtilities.SafeInvoke: DataCollectionEvents.TestCaseStart: Invoking callback 1/1 for Microsoft.TestPlatform.Extensions.BlameDataCollector.BlameCollector., took 0 ms.
TpTrace Information: 0 : 11620, 8, 2024/01/18, 12:46:43.794, 508235536599, datacollector.dll, DataCollectionTestCaseEventHandler: Test case 'GetForActorAsync_should_return_paginated_list - 5051dd52-3e7f-d84a-a6aa-bbe32db8ad95' started.
TpTrace Information: 0 : 11620, 8, 2024/01/18, 12:46:43.800, 508235597323, datacollector.dll, DataCollectionTestCaseEventHandler: Test case completing.
TpTrace Information: 0 : 11620, 8, 2024/01/18, 12:46:43.801, 508235604729, datacollector.dll, BlameCollector.EventsTestCaseEnd: Test Case End
TpTrace Verbose: 0 : 11620, 8, 2024/01/18, 12:46:43.801, 508235606406, datacollector.dll, MulticastDelegateUtilities.SafeInvoke: DataCollectionEvents.TestCaseEnd: Invoking callback 1/1 for Microsoft.TestPlatform.Extensions.BlameDataCollector.BlameCollector., took 0 ms.
TpTrace Information: 0 : 11620, 8, 2024/01/18, 12:46:43.801, 508235609798, datacollector.dll, DataCollectionTestCaseEventHandler: Test case 'GetForActorAsync_should_return_paginated_list - 5051dd52-3e7f-d84a-a6aa-bbe32db8ad95' completed
TpTrace Information: 0 : 11620, 8, 2024/01/18, 12:46:43.802, 508235620737, datacollector.dll, DataCollectionTestCaseEventHandler: Test case starting.
TpTrace Information: 0 : 11620, 8, 2024/01/18, 12:46:43.803, 508235625384, datacollector.dll, BlameCollector.EventsTestCaseStart: Test Case Start
TpTrace Verbose: 0 : 11620, 8, 2024/01/18, 12:46:43.803, 508235626811, datacollector.dll, MulticastDelegateUtilities.SafeInvoke: DataCollectionEvents.TestCaseStart: Invoking callback 1/1 for Microsoft.TestPlatform.Extensions.BlameDataCollector.BlameCollector., took 0 ms.
TpTrace Information: 0 : 11620, 8, 2024/01/18, 12:46:43.803, 508235630336, datacollector.dll, DataCollectionTestCaseEventHandler: Test case 'GetForDirectorAsync_should_return_paginated_list - 939f5aae-02c2-6445-b0b8-c20e1f8dd516' started.
TpTrace Information: 0 : 11620, 8, 2024/01/18, 12:46:43.806, 508235656693, datacollector.dll, DataCollectionTestCaseEventHandler: Test case completing.
TpTrace Information: 0 : 11620, 8, 2024/01/18, 12:46:43.806, 508235661409, datacollector.dll, BlameCollector.EventsTestCaseEnd: Test Case End
TpTrace Verbose: 0 : 11620, 8, 2024/01/18, 12:46:43.807, 508235662682, datacollector.dll, MulticastDelegateUtilities.SafeInvoke: DataCollectionEvents.TestCaseEnd: Invoking callback 1/1 for Microsoft.TestPlatform.Extensions.BlameDataCollector.BlameCollector., took 0 ms.
TpTrace Information: 0 : 11620, 8, 2024/01/18, 12:46:43.807, 508235666693, datacollector.dll, DataCollectionTestCaseEventHandler: Test case 'GetForDirectorAsync_should_return_paginated_list - 939f5aae-02c2-6445-b0b8-c20e1f8dd516' completed
TpTrace Information: 0 : 11620, 8, 2024/01/18, 12:46:43.811, 508235702705, datacollector.dll, DataCollectionTestCaseEventHandler: Test case starting.
TpTrace Information: 0 : 11620, 8, 2024/01/18, 12:46:43.812, 508235717310, datacollector.dll, BlameCollector.EventsTestCaseStart: Test Case Start
TpTrace Verbose: 0 : 11620, 8, 2024/01/18, 12:46:43.812, 508235719513, datacollector.dll, MulticastDelegateUtilities.SafeInvoke: DataCollectionEvents.TestCaseStart: Invoking callback 1/1 for Microsoft.TestPlatform.Extensions.BlameDataCollector.BlameCollector., took 0 ms.
TpTrace Information: 0 : 11620, 8, 2024/01/18, 12:46:43.813, 508235723359, datacollector.dll, DataCollectionTestCaseEventHandler: Test case 'GetForDirectorAsync_should_find_films_by_Francis_Ford_Coppola - 6a7334e7-58e4-615e-6a10-dd1e32033452' started.
TpTrace Information: 0 : 11620, 8, 2024/01/18, 12:46:43.814, 508235736808, datacollector.dll, DataCollectionTestCaseEventHandler: Test case completing.
TpTrace Information: 0 : 11620, 8, 2024/01/18, 12:46:43.814, 508235740927, datacollector.dll, BlameCollector.EventsTestCaseEnd: Test Case End
TpTrace Verbose: 0 : 11620, 8, 2024/01/18, 12:46:43.815, 508235742073, datacollector.dll, MulticastDelegateUtilities.SafeInvoke: DataCollectionEvents.TestCaseEnd: Invoking callback 1/1 for Microsoft.TestPlatform.Extensions.BlameDataCollector.BlameCollector., took 0 ms.
TpTrace Information: 0 : 11620, 8, 2024/01/18, 12:46:43.815, 508235744946, datacollector.dll, DataCollectionTestCaseEventHandler: Test case 'GetForDirectorAsync_should_find_films_by_Francis_Ford_Coppola - 6a7334e7-58e4-615e-6a10-dd1e32033452' completed
TpTrace Information: 0 : 11620, 8, 2024/01/18, 12:46:43.816, 508235760559, datacollector.dll, DataCollectionTestCaseEventHandler: Test case starting.
TpTrace Information: 0 : 11620, 8, 2024/01/18, 12:46:43.817, 508235766947, datacollector.dll, BlameCollector.EventsTestCaseStart: Test Case Start
TpTrace Verbose: 0 : 11620, 8, 2024/01/18, 12:46:43.817, 508235769262, datacollector.dll, MulticastDelegateUtilities.SafeInvoke: DataCollectionEvents.TestCaseStart: Invoking callback 1/1 for Microsoft.TestPlatform.Extensions.BlameDataCollector.BlameCollector., took 0 ms.
TpTrace Information: 0 : 11620, 8, 2024/01/18, 12:46:43.818, 508235774647, datacollector.dll, DataCollectionTestCaseEventHandler: Test case 'GetByIdAsync_should_get_a_movie_by_tmdbId - dd6b560a-d24f-5c41-fa63-826d502e768f' started.
TpTrace Information: 0 : 11620, 8, 2024/01/18, 12:46:43.823, 508235829697, datacollector.dll, DataCollectionTestCaseEventHandler: Test case completing.
TpTrace Information: 0 : 11620, 8, 2024/01/18, 12:46:43.824, 508235836834, datacollector.dll, BlameCollector.EventsTestCaseEnd: Test Case End
TpTrace Verbose: 0 : 11620, 8, 2024/01/18, 12:46:43.824, 508235838528, datacollector.dll, MulticastDelegateUtilities.SafeInvoke: DataCollectionEvents.TestCaseEnd: Invoking callback 1/1 for Microsoft.TestPlatform.Extensions.BlameDataCollector.BlameCollector., took 0 ms.
TpTrace Information: 0 : 11620, 8, 2024/01/18, 12:46:43.825, 508235841855, datacollector.dll, DataCollectionTestCaseEventHandler: Test case 'GetByIdAsync_should_get_a_movie_by_tmdbId - dd6b560a-d24f-5c41-fa63-826d502e768f' completed
TpTrace Information: 0 : 11620, 8, 2024/01/18, 12:46:43.825, 508235851712, datacollector.dll, DataCollectionTestCaseEventHandler: Test case starting.
TpTrace Information: 0 : 11620, 8, 2024/01/18, 12:46:43.826, 508235855805, datacollector.dll, BlameCollector.EventsTestCaseStart: Test Case Start
TpTrace Verbose: 0 : 11620, 8, 2024/01/18, 12:46:43.826, 508235857002, datacollector.dll, MulticastDelegateUtilities.SafeInvoke: DataCollectionEvents.TestCaseStart: Invoking callback 1/1 for Microsoft.TestPlatform.Extensions.BlameDataCollector.BlameCollector., took 0 ms.
TpTrace Information: 0 : 11620, 8, 2024/01/18, 12:46:43.826, 508235859465, datacollector.dll, DataCollectionTestCaseEventHandler: Test case 'GetByIdAsync_should_get_similar_movies_ordered_by_similarity_score - 86875344-4bb9-a793-2447-fcb9e01f0f67' started.
TpTrace Information: 0 : 11620, 8, 2024/01/18, 12:46:43.842, 508236016769, datacollector.dll, DataCollectionTestCaseEventHandler: Test case completing.
TpTrace Information: 0 : 11620, 8, 2024/01/18, 12:46:43.843, 508236023355, datacollector.dll, BlameCollector.EventsTestCaseEnd: Test Case End
TpTrace Verbose: 0 : 11620, 8, 2024/01/18, 12:46:43.843, 508236024884, datacollector.dll, MulticastDelegateUtilities.SafeInvoke: DataCollectionEvents.TestCaseEnd: Invoking callback 1/1 for Microsoft.TestPlatform.Extensions.BlameDataCollector.BlameCollector., took 0 ms.
TpTrace Information: 0 : 11620, 8, 2024/01/18, 12:46:43.843, 508236029217, datacollector.dll, DataCollectionTestCaseEventHandler: Test case 'GetByIdAsync_should_get_similar_movies_ordered_by_similarity_score - 86875344-4bb9-a793-2447-fcb9e01f0f67' completed
TpTrace Information: 0 : 11620, 8, 2024/01/18, 12:46:43.845, 508236046685, datacollector.dll, DataCollectionTestCaseEventHandler: Test case starting.
TpTrace Information: 0 : 11620, 8, 2024/01/18, 12:46:43.846, 508236060977, datacollector.dll, BlameCollector.EventsTestCaseStart: Test Case Start
TpTrace Verbose: 0 : 11620, 8, 2024/01/18, 12:46:43.847, 508236063411, datacollector.dll, MulticastDelegateUtilities.SafeInvoke: DataCollectionEvents.TestCaseStart: Invoking callback 1/1 for Microsoft.TestPlatform.Extensions.BlameDataCollector.BlameCollector., took 0 ms.
TpTrace Information: 0 : 11620, 8, 2024/01/18, 12:46:43.847, 508236067815, datacollector.dll, DataCollectionTestCaseEventHandler: Test case 'GetForMovieAsync_should_retrieve_a_list_of_ratings - 3f0bbd1b-0428-25ff-7797-9b3442c78ada' started.
TpTrace Information: 0 : 11620, 8, 2024/01/18, 12:46:43.850, 508236096683, datacollector.dll, DataCollectionTestCaseEventHandler: Test case completing.
TpTrace Information: 0 : 11620, 8, 2024/01/18, 12:46:43.851, 508236104619, datacollector.dll, BlameCollector.EventsTestCaseEnd: Test Case End
TpTrace Verbose: 0 : 11620, 8, 2024/01/18, 12:46:43.851, 508236110531, datacollector.dll, MulticastDelegateUtilities.SafeInvoke: DataCollectionEvents.TestCaseEnd: Invoking callback 1/1 for Microsoft.TestPlatform.Extensions.BlameDataCollector.BlameCollector., took 0 ms.
TpTrace Information: 0 : 11620, 8, 2024/01/18, 12:46:43.852, 508236116642, datacollector.dll, DataCollectionTestCaseEventHandler: Test case 'GetForMovieAsync_should_retrieve_a_list_of_ratings - 3f0bbd1b-0428-25ff-7797-9b3442c78ada' completed
TpTrace Information: 0 : 11620, 8, 2024/01/18, 12:46:43.857, 508236163061, datacollector.dll, DataCollectionTestCaseEventHandler: Test case starting.
TpTrace Information: 0 : 11620, 8, 2024/01/18, 12:46:43.857, 508236169196, datacollector.dll, BlameCollector.EventsTestCaseStart: Test Case Start
TpTrace Verbose: 0 : 11620, 8, 2024/01/18, 12:46:43.857, 508236171135, datacollector.dll, MulticastDelegateUtilities.SafeInvoke: DataCollectionEvents.TestCaseStart: Invoking callback 1/1 for Microsoft.TestPlatform.Extensions.BlameDataCollector.BlameCollector., took 0 ms.
TpTrace Information: 0 : 11620, 8, 2024/01/18, 12:46:43.858, 508236174823, datacollector.dll, DataCollectionTestCaseEventHandler: Test case 'GetForMovieAsync_should_apply_ordering_and_pagination_to_query - f28618b6-2284-c7a8-4ea4-01d591af7301' started.
TpTrace Information: 0 : 11620, 8, 2024/01/18, 12:46:43.860, 508236193536, datacollector.dll, DataCollectionTestCaseEventHandler: Test case completing.
TpTrace Information: 0 : 11620, 8, 2024/01/18, 12:46:43.860, 508236200530, datacollector.dll, BlameCollector.EventsTestCaseEnd: Test Case End
TpTrace Verbose: 0 : 11620, 8, 2024/01/18, 12:46:43.861, 508236202412, datacollector.dll, MulticastDelegateUtilities.SafeInvoke: DataCollectionEvents.TestCaseEnd: Invoking callback 1/1 for Microsoft.TestPlatform.Extensions.BlameDataCollector.BlameCollector., took 0 ms.
TpTrace Information: 0 : 11620, 8, 2024/01/18, 12:46:43.861, 508236206512, datacollector.dll, DataCollectionTestCaseEventHandler: Test case 'GetForMovieAsync_should_apply_ordering_and_pagination_to_query - f28618b6-2284-c7a8-4ea4-01d591af7301' completed
TpTrace Information: 0 : 11620, 8, 2024/01/18, 12:46:43.863, 508236225477, datacollector.dll, DataCollectionTestCaseEventHandler: Test case starting.
TpTrace Information: 0 : 11620, 8, 2024/01/18, 12:46:43.864, 508236235713, datacollector.dll, BlameCollector.EventsTestCaseStart: Test Case Start
TpTrace Verbose: 0 : 11620, 8, 2024/01/18, 12:46:43.864, 508236237435, datacollector.dll, MulticastDelegateUtilities.SafeInvoke: DataCollectionEvents.TestCaseStart: Invoking callback 1/1 for Microsoft.TestPlatform.Extensions.BlameDataCollector.BlameCollector., took 0 ms.
TpTrace Information: 0 : 11620, 8, 2024/01/18, 12:46:43.864, 508236240975, datacollector.dll, DataCollectionTestCaseEventHandler: Test case 'AllAsync_should_retrieve_paginated_list_from_database - 27c206cf-37aa-1f47-348c-0707cbccc35b' started.
TpTrace Information: 0 : 11620, 8, 2024/01/18, 12:46:43.876, 508236355597, datacollector.dll, DataCollectionTestCaseEventHandler: Test case completing.
TpTrace Information: 0 : 11620, 8, 2024/01/18, 12:46:43.877, 508236361895, datacollector.dll, BlameCollector.EventsTestCaseEnd: Test Case End
TpTrace Verbose: 0 : 11620, 8, 2024/01/18, 12:46:43.877, 508236363439, datacollector.dll, MulticastDelegateUtilities.SafeInvoke: DataCollectionEvents.TestCaseEnd: Invoking callback 1/1 for Microsoft.TestPlatform.Extensions.BlameDataCollector.BlameCollector., took 0 ms.
TpTrace Information: 0 : 11620, 8, 2024/01/18, 12:46:43.877, 508236366737, datacollector.dll, DataCollectionTestCaseEventHandler: Test case 'AllAsync_should_retrieve_paginated_list_from_database - 27c206cf-37aa-1f47-348c-0707cbccc35b' completed
TpTrace Information: 0 : 11620, 8, 2024/01/18, 12:46:43.878, 508236381737, datacollector.dll, DataCollectionTestCaseEventHandler: Test case starting.
TpTrace Information: 0 : 11620, 8, 2024/01/18, 12:46:43.879, 508236387960, datacollector.dll, BlameCollector.EventsTestCaseStart: Test Case Start
TpTrace Verbose: 0 : 11620, 8, 2024/01/18, 12:46:43.879, 508236389672, datacollector.dll, MulticastDelegateUtilities.SafeInvoke: DataCollectionEvents.TestCaseStart: Invoking callback 1/1 for Microsoft.TestPlatform.Extensions.BlameDataCollector.BlameCollector., took 0 ms.
TpTrace Information: 0 : 11620, 8, 2024/01/18, 12:46:43.880, 508236393465, datacollector.dll, DataCollectionTestCaseEventHandler: Test case 'AllAsync_should_apply_filter_order_pagination_to_query - 4858cdad-8d81-3acb-6e5a-22fb3b2b0dc3' started.
TpTrace Information: 0 : 11620, 8, 2024/01/18, 12:46:43.886, 508236460059, datacollector.dll, DataCollectionTestCaseEventHandler: Test case completing.
TpTrace Information: 0 : 11620, 8, 2024/01/18, 12:46:43.887, 508236464320, datacollector.dll, BlameCollector.EventsTestCaseEnd: Test Case End
TpTrace Verbose: 0 : 11620, 8, 2024/01/18, 12:46:43.887, 508236465497, datacollector.dll, MulticastDelegateUtilities.SafeInvoke: DataCollectionEvents.TestCaseEnd: Invoking callback 1/1 for Microsoft.TestPlatform.Extensions.BlameDataCollector.BlameCollector., took 0 ms.
TpTrace Information: 0 : 11620, 8, 2024/01/18, 12:46:43.887, 508236470407, datacollector.dll, DataCollectionTestCaseEventHandler: Test case 'AllAsync_should_apply_filter_order_pagination_to_query - 4858cdad-8d81-3acb-6e5a-22fb3b2b0dc3' completed
TpTrace Information: 0 : 11620, 8, 2024/01/18, 12:46:43.888, 508236481742, datacollector.dll, DataCollectionTestCaseEventHandler: Test case starting.
TpTrace Information: 0 : 11620, 8, 2024/01/18, 12:46:43.889, 508236485837, datacollector.dll, BlameCollector.EventsTestCaseStart: Test Case Start
TpTrace Verbose: 0 : 11620, 8, 2024/01/18, 12:46:43.889, 508236486894, datacollector.dll, MulticastDelegateUtilities.SafeInvoke: DataCollectionEvents.TestCaseStart: Invoking callback 1/1 for Microsoft.TestPlatform.Extensions.BlameDataCollector.BlameCollector., took 0 ms.
TpTrace Information: 0 : 11620, 8, 2024/01/18, 12:46:43.889, 508236489076, datacollector.dll, DataCollectionTestCaseEventHandler: Test case 'AllAsync_should_apply_filter_order_pagination - a8233ea3-21ed-42ff-5c19-fa4569a82fe6' started.
TpTrace Information: 0 : 11620, 8, 2024/01/18, 12:46:43.891, 508236507409, datacollector.dll, DataCollectionTestCaseEventHandler: Test case completing.
TpTrace Information: 0 : 11620, 8, 2024/01/18, 12:46:43.892, 508236515673, datacollector.dll, BlameCollector.EventsTestCaseEnd: Test Case End
TpTrace Verbose: 0 : 11620, 8, 2024/01/18, 12:46:43.892, 508236517285, datacollector.dll, MulticastDelegateUtilities.SafeInvoke: DataCollectionEvents.TestCaseEnd: Invoking callback 1/1 for Microsoft.TestPlatform.Extensions.BlameDataCollector.BlameCollector., took 0 ms.
TpTrace Information: 0 : 11620, 8, 2024/01/18, 12:46:43.892, 508236520402, datacollector.dll, DataCollectionTestCaseEventHandler: Test case 'AllAsync_should_apply_filter_order_pagination - a8233ea3-21ed-42ff-5c19-fa4569a82fe6' completed
TpTrace Information: 0 : 11620, 8, 2024/01/18, 12:46:43.894, 508236533402, datacollector.dll, DataCollectionTestCaseEventHandler: Test case starting.
TpTrace Information: 0 : 11620, 8, 2024/01/18, 12:46:43.894, 508236537313, datacollector.dll, BlameCollector.EventsTestCaseStart: Test Case Start
TpTrace Verbose: 0 : 11620, 8, 2024/01/18, 12:46:43.894, 508236538325, datacollector.dll, MulticastDelegateUtilities.SafeInvoke: DataCollectionEvents.TestCaseStart: Invoking callback 1/1 for Microsoft.TestPlatform.Extensions.BlameDataCollector.BlameCollector., took 0 ms.
TpTrace Information: 0 : 11620, 8, 2024/01/18, 12:46:43.894, 508236541227, datacollector.dll, DataCollectionTestCaseEventHandler: Test case 'FindByIdAsync_should_find_a_person_by_id - 56fbc4a7-1d0b-7720-e802-97045eae69b5' started.
TpTrace Information: 0 : 11620, 8, 2024/01/18, 12:46:43.896, 508236559371, datacollector.dll, DataCollectionTestCaseEventHandler: Test case completing.
TpTrace Information: 0 : 11620, 8, 2024/01/18, 12:46:43.897, 508236567292, datacollector.dll, BlameCollector.EventsTestCaseEnd: Test Case End
TpTrace Verbose: 0 : 11620, 8, 2024/01/18, 12:46:43.897, 508236568999, datacollector.dll, MulticastDelegateUtilities.SafeInvoke: DataCollectionEvents.TestCaseEnd: Invoking callback 1/1 for Microsoft.TestPlatform.Extensions.BlameDataCollector.BlameCollector., took 0 ms.
TpTrace Information: 0 : 11620, 8, 2024/01/18, 12:46:43.898, 508236572882, datacollector.dll, DataCollectionTestCaseEventHandler: Test case 'FindByIdAsync_should_find_a_person_by_id - 56fbc4a7-1d0b-7720-e802-97045eae69b5' completed
TpTrace Information: 0 : 11620, 8, 2024/01/18, 12:46:43.899, 508236586495, datacollector.dll, DataCollectionTestCaseEventHandler: Test case starting.
TpTrace Information: 0 : 11620, 8, 2024/01/18, 12:46:43.900, 508236594678, datacollector.dll, BlameCollector.EventsTestCaseStart: Test Case Start
TpTrace Verbose: 0 : 11620, 8, 2024/01/18, 12:46:43.900, 508236597199, datacollector.dll, MulticastDelegateUtilities.SafeInvoke: DataCollectionEvents.TestCaseStart: Invoking callback 1/1 for Microsoft.TestPlatform.Extensions.BlameDataCollector.BlameCollector., took 0 ms.
TpTrace Information: 0 : 11620, 8, 2024/01/18, 12:46:43.900, 508236601253, datacollector.dll, DataCollectionTestCaseEventHandler: Test case 'GetSimilarPeopleAsync_should_return_paginated_list_of_similar_people - f4ae47b3-5478-0d59-90c3-62a519680eaa' started.
TpTrace Information: 0 : 11620, 8, 2024/01/18, 12:46:43.903, 508236622710, datacollector.dll, DataCollectionTestCaseEventHandler: Test case completing.
TpTrace Information: 0 : 11620, 8, 2024/01/18, 12:46:43.903, 508236630579, datacollector.dll, BlameCollector.EventsTestCaseEnd: Test Case End
TpTrace Verbose: 0 : 11620, 8, 2024/01/18, 12:46:43.904, 508236632284, datacollector.dll, MulticastDelegateUtilities.SafeInvoke: DataCollectionEvents.TestCaseEnd: Invoking callback 1/1 for Microsoft.TestPlatform.Extensions.BlameDataCollector.BlameCollector., took 0 ms.
TpTrace Information: 0 : 11620, 8, 2024/01/18, 12:46:43.904, 508236635799, datacollector.dll, DataCollectionTestCaseEventHandler: Test case 'GetSimilarPeopleAsync_should_return_paginated_list_of_similar_people - f4ae47b3-5478-0d59-90c3-62a519680eaa' completed
TpTrace Information: 0 : 11620, 8, 2024/01/18, 12:46:43.937, 508236967100, datacollector.dll, DataCollectionTestCaseEventHandler: Test session ended
TpTrace Information: 0 : 11620, 1, 2024/01/18, 12:46:44.005, 508237644789, datacollector.dll, DataCollectionRequestHandler.ProcessRequests: Datacollector received message: (DataCollection.AfterTestRunEnd) -> {"MessageType":"DataCollection.AfterTestRunEnd","Payload":false}
TpTrace Information: 0 : 11620, 1, 2024/01/18, 12:46:44.006, 508237656245, datacollector.dll, Blame Collector: Session End
TpTrace Information: 0 : 11620, 1, 2024/01/18, 12:46:44.006, 508237657225, datacollector.dll, BlameCollector.CollectDumpAndAbortTesthost: Custom path to dump directory was provided via VSTEST_DUMP_PATH. Skipping attachment upload, the caller is responsible for collecting and uploading the dumps themselves.
TpTrace Verbose: 0 : 11620, 1, 2024/01/18, 12:46:44.006, 508237658430, datacollector.dll, MulticastDelegateUtilities.SafeInvoke: DataCollectionEvents.SessionEnd: Invoking callback 1/1 for Microsoft.TestPlatform.Extensions.BlameDataCollector.BlameCollector., took 0 ms.
TpTrace Information: 0 : 11620, 1, 2024/01/18, 12:46:44.007, 508237666525, datacollector.dll, DataCollectionManager.CleanupPlugins: CleanupPlugins called
TpTrace Verbose: 0 : 11620, 1, 2024/01/18, 12:46:44.007, 508237668097, datacollector.dll, DataCollectionManager.CleanupPlugins: Cleaning up 1 plugins
TpTrace Verbose: 0 : 11620, 1, 2024/01/18, 12:46:44.007, 508237671061, datacollector.dll, dataCollectorInfo.DisposeDataCollector: calling Dispose() on Microsoft.TestPlatform.Extensions.BlameDataCollector.BlameCollector
TpTrace Information: 0 : 11620, 1, 2024/01/18, 12:46:44.008, 508237672485, datacollector.dll, DataCollectionManager.CleanupPlugins: CleanupPlugins finished
TpTrace Information: 0 : 11620, 1, 2024/01/18, 12:46:44.016, 508237758284, datacollector.dll, DataCollectionRequestHandler.ProcessRequests : Session End message received from server. Closing the connection.
TpTrace Information: 0 : 11620, 1, 2024/01/18, 12:46:44.017, 508237763927, datacollector.dll, Closing the connection !
TpTrace Information: 0 : 11620, 1, 2024/01/18, 12:46:44.017, 508237765414, datacollector.dll, DataCollectionRequestHandler.ProcessRequests : DataCollection completed
TpTrace Information: 0 : 11620, 1, 2024/01/18, 12:46:44.017, 508237766479, datacollector.dll, Program.Main: exiting datacollector process.
